2024-02-29 10:12:24.896 [info] Telemetry level is off
2024-02-29 10:12:24.896 [info] Experiments are disabled, only manually opted experiments are active.
2024-02-29 10:12:24.896 [info] Default formatter is set to esbenp.prettier-vscode for workspace /home/daniel/Documentos/repos/django-tutorial-castellano
2024-02-29 10:12:24.896 [info] VS Code was launched from an activated environment: 'env', selecting it as the interpreter for workspace.
2024-02-29 10:12:24.896 [info] Test server listening.
2024-02-29 10:12:25.800 [warning] Retry failed, storage update failed for key PYTHON_GLOBAL_STORAGE_KEYS
2024-02-29 10:12:25.800 [warning] Retry failed, storage update failed for key PYTHON_GLOBAL_STORAGE_KEYS
2024-02-29 10:12:25.801 [warning] Retry failed, storage update failed for key PYTHON_WORKSPACE_STORAGE_KEYS
2024-02-29 10:12:25.801 [warning] Retry failed, storage update failed for key PYTHON_WORKSPACE_STORAGE_KEYS
2024-02-29 10:12:25.801 [warning] Retry failed, storage update failed for key PYTHON_WORKSPACE_STORAGE_KEYS
2024-02-29 10:12:26.317 [info] > ./env/bin/python -I ~/.vscode/extensions/ms-python.python-2024.2.0/pythonFiles/get_output_via_markers.py ~/.vscode/extensions/ms-python.python-2024.2.0/pythonFiles/interpreterInfo.py
2024-02-29 10:12:26.773 [info] Python interpreter path: ./env/bin/python
2024-02-29 10:12:28.252 [warning] Retry failed, storage update failed for key PYTHON_ENV_INFO_CACHE
2024-02-29 10:12:28.252 [warning] Retry failed, storage update failed for key PYTHON_ENV_INFO_CACHE
2024-02-29 10:12:28.252 [warning] Retry failed, storage update failed for key PYTHON_ENV_INFO_CACHE
2024-02-29 10:12:28.252 [warning] Retry failed, storage update failed for key PYTHON_ENV_INFO_CACHE
2024-02-29 10:12:28.252 [warning] Retry failed, storage update failed for key PYTHON_ENV_INFO_CACHE
2024-02-29 10:12:29.205 [warning] Retry failed, storage update failed for key PYTHON_GLOBAL_STORAGE_KEYS
2024-02-29 10:12:32.752 [info] Starting Pylance language server.
2024-02-29 10:20:15.337 [info] Discover tests for workspace name: undefined - uri: /home/daniel/.config/Code/User/settings.json
2024-02-29 10:20:24.962 [info] Discover tests for workspace name: undefined - uri: /home/daniel/.config/Code/User/settings.json
2024-02-29 10:20:29.664 [info] Discover tests for workspace name: undefined - uri: /home/daniel/.config/Code/User/settings.json
2024-02-29 10:20:43.988 [info] Discover tests for workspace name: undefined - uri: /home/daniel/.config/Code/User/settings.json
2024-02-29 10:38:43.117 [info] Discover tests for workspace name: undefined - uri: /home/daniel/.config/Code/User/settings.json
2024-02-29 10:42:36.275 [info] Discover tests for workspace name: undefined - uri: /home/daniel/.config/Code/User/settings.json
2024-02-29 10:42:40.395 [info] Discover tests for workspace name: undefined - uri: /home/daniel/.config/Code/User/settings.json
2024-02-29 10:44:24.403 [info] Discover tests for workspace name: undefined - uri: /home/daniel/.config/Code/User/settings.json
2024-02-29 10:44:41.349 [info] Discover tests for workspace name: undefined - uri: /home/daniel/.config/Code/User/settings.json
2024-02-29 10:44:47.821 [info] Discover tests for workspace name: undefined - uri: /home/daniel/.config/Code/User/settings.json
2024-02-29 10:44:53.170 [info] Discover tests for workspace name: undefined - uri: /home/daniel/.config/Code/User/settings.json
2024-02-29 10:47:12.714 [info] Discover tests for workspace name: undefined - uri: /home/daniel/.config/Code/User/settings.json
2024-02-29 10:50:00.688 [info] Discover tests for workspace name: undefined - uri: /home/daniel/.config/Code/User/settings.json
2024-02-29 10:51:56.130 [info] Discover tests for workspace name: undefined - uri: /home/daniel/.config/Code/User/settings.json
2024-02-29 10:53:05.002 [info] Discover tests for workspace name: undefined - uri: /home/daniel/.config/Code/User/settings.json
2024-02-29 10:54:22.059 [info] Discover tests for workspace name: undefined - uri: /home/daniel/.config/Code/User/settings.json
2024-02-29 10:55:16.613 [info] Discover tests for workspace name: undefined - uri: /home/daniel/.config/Code/User/settings.json
2024-02-29 10:57:46.334 [info] Discover tests for workspace name: undefined - uri: /home/daniel/.config/Code/User/settings.json
2024-02-29 10:59:18.070 [info] Discover tests for workspace name: undefined - uri: /home/daniel/.config/Code/User/settings.json
2024-02-29 11:05:32.897 [info] Discover tests for workspace name: undefined - uri: /home/daniel/.config/Code/User/settings.json
2024-02-29 11:05:57.470 [info] Discover tests for workspace name: undefined - uri: /home/daniel/.config/Code/User/settings.json
2024-02-29 11:09:26.714 [info] Discover tests for workspace name: undefined - uri: /home/daniel/.config/Code/User/settings.json
2024-02-29 11:11:42.497 [info] Discover tests for workspace name: undefined - uri: /home/daniel/.config/Code/User/settings.json
2024-02-29 11:12:21.890 [info] Discover tests for workspace name: undefined - uri: /home/daniel/.config/Code/User/settings.json
2024-02-29 11:13:51.100 [info] Telemetry level is off
2024-02-29 11:13:51.100 [info] Experiments are disabled, only manually opted experiments are active.
2024-02-29 11:13:51.100 [info] Default formatter is set to esbenp.prettier-vscode for workspace /home/daniel/Documentos/repos/Harvard-Web-Python-Javascript/Projects/wiki
2024-02-29 11:13:51.100 [info] VS Code was launched from an activated environment: 'env', selecting it as the interpreter for workspace.
2024-02-29 11:13:51.100 [info] Test server listening.
2024-02-29 11:13:51.100 [info] Python interpreter path: ~/Documentos/repos/django-tutorial-castellano/env/bin/python
2024-02-29 11:13:51.208 [warning] Retry failed, storage update failed for key PYTHON_GLOBAL_STORAGE_KEYS
2024-02-29 11:13:51.208 [warning] Retry failed, storage update failed for key PYTHON_GLOBAL_STORAGE_KEYS
2024-02-29 11:13:51.348 [info] > python -c "import sys;print(sys.executable)"
2024-02-29 11:13:51.703 [warning] Retry failed, storage update failed for key PYTHON_GLOBAL_STORAGE_KEYS
2024-02-29 11:13:51.703 [warning] Retry failed, storage update failed for key PYTHON_GLOBAL_STORAGE_KEYS
2024-02-29 11:13:51.703 [warning] Retry failed, storage update failed for key PYTHON_GLOBAL_STORAGE_KEYS
2024-02-29 11:13:51.703 [warning] Retry failed, storage update failed for key PYTHON_GLOBAL_STORAGE_KEYS
2024-02-29 11:13:51.703 [warning] Retry failed, storage update failed for key PYTHON_GLOBAL_STORAGE_KEYS
2024-02-29 11:13:51.703 [warning] Retry failed, storage update failed for key PYTHON_GLOBAL_STORAGE_KEYS
2024-02-29 11:13:51.703 [warning] Retry failed, storage update failed for key PYTHON_GLOBAL_STORAGE_KEYS
2024-02-29 11:13:51.704 [warning] Retry failed, storage update failed for key PYTHON_WORKSPACE_STORAGE_KEYS
2024-02-29 11:13:51.704 [warning] Retry failed, storage update failed for key PYTHON_WORKSPACE_STORAGE_KEYS
2024-02-29 11:13:51.704 [warning] Retry failed, storage update failed for key PYTHON_WORKSPACE_STORAGE_KEYS
2024-02-29 11:13:51.804 [info] > ./env/bin/python -I ~/.vscode/extensions/ms-python.python-2024.2.0/pythonFiles/get_output_via_markers.py ~/.vscode/extensions/ms-python.python-2024.2.0/pythonFiles/interpreterInfo.py
2024-02-29 11:13:54.967 [warning] Retry failed, storage update failed for key PYTHON_GLOBAL_STORAGE_KEYS
2024-02-29 11:13:57.602 [info] Starting Pylance language server.
2024-02-29 11:14:07.492 [info] Python interpreter path: ./env/bin/python
2024-02-29 19:08:48.793 [info] Telemetry level is off
2024-02-29 19:08:48.793 [info] Experiments are disabled, only manually opted experiments are active.
2024-02-29 19:08:48.913 [info] Default formatter is set to esbenp.prettier-vscode for workspace /home/daniel/Documentos/repos/retos-programacion-2023/Retos
2024-02-29 19:08:49.010 [info] VS Code was launched from an activated environment: 'env', selecting it as the interpreter for workspace.
2024-02-29 19:08:49.019 [info] Test server listening.
2024-02-29 19:08:49.033 [info] Python interpreter path: ~/Documentos/repos/django-tutorial-castellano/env/bin/python
2024-02-29 19:08:49.902 [warning] Retry failed, storage update failed for key PYTHON_GLOBAL_STORAGE_KEYS
2024-02-29 19:08:49.903 [warning] Retry failed, storage update failed for key PYTHON_WORKSPACE_STORAGE_KEYS
2024-02-29 19:08:49.903 [warning] Retry failed, storage update failed for key PYTHON_WORKSPACE_STORAGE_KEYS
2024-02-29 19:08:49.903 [warning] Retry failed, storage update failed for key PYTHON_WORKSPACE_STORAGE_KEYS
2024-02-29 19:08:50.013 [info] > python -c "import sys;print(sys.executable)"
2024-02-29 19:08:58.766 [info] Starting Pylance language server.
2024-02-29 19:17:18.875 [info] Send text to terminal: source /home/daniel/Documentos/repos/django-tutorial-castellano/env/bin/activate
2024-02-29 19:32:10.604 [info] Send text to terminal: source /home/daniel/Documentos/repos/django-tutorial-castellano/env/bin/activate
2024-02-29 19:35:31.156 [info] Send text to terminal: source /home/daniel/Documentos/repos/django-tutorial-castellano/env/bin/activate
2024-02-29 19:36:20.280 [info] Discover tests for workspace name: Retos - uri: /home/daniel/Documentos/repos/retos-programacion-2023/Retos/Reto #0 - EL FAMOSO FIZZ BUZZ [Fácil]/python/dPenedo.py
2024-02-29 19:41:03.239 [info] Send text to terminal: source /home/daniel/Documentos/repos/django-tutorial-castellano/env/bin/activate
2024-02-29 19:54:31.750 [info] Discover tests for workspace name: undefined - uri: /home/daniel/.config/Code/User/settings.json
