2024-02-29 10:12:30.353 [info] (Client) Pylance async client (2024.2.2) started with python extension (2024.2.0)
2024-02-29 10:12:32.691 [info] [Info  - 10:12:32] (17272) Pylance language server 2024.2.2 (pyright version 1.1.348, commit cfb1de0c) starting
2024-02-29 10:12:32.692 [info] [Info  - 10:12:32] (17272) Server root directory: file:///home/daniel/.vscode/extensions/ms-python.vscode-pylance-2024.2.2/dist
2024-02-29 10:12:32.693 [info] [Info  - 10:12:32] (17272) Starting service instance "django-tutorial-castellano"
2024-02-29 10:12:32.841 [info] [Info  - 10:12:32] (17272) Setting pythonPath for service "django-tutorial-castellano": "/home/daniel/Documentos/repos/django-tutorial-castellano/env/bin/python"
2024-02-29 10:12:32.842 [info] [Info  - 10:12:32] (17272) Setting environmentName for service "django-tutorial-castellano": "3.11.2 (env venv)"
2024-02-29 10:12:32.955 [info] [Info  - 10:12:32] (17272) Assuming Python version 3.11
2024-02-29 10:12:33.243 [info] [Info  - 10:12:33] (17272) Auto-excluding /home/daniel/Documentos/repos/django-tutorial-castellano/env
2024-02-29 10:12:33.276 [info] [Info  - 10:12:33] (17272) Found 23 source files
2024-02-29 10:12:34.192 [info] [Info  - 10:12:34] (17272) Background analysis(1) root directory: file:///home/daniel/.vscode/extensions/ms-python.vscode-pylance-2024.2.2/dist
2024-02-29 10:12:34.198 [info] [Info  - 10:12:34] (17272) Background analysis(1) started
2024-02-29 10:12:43.301 [info] [Info  - 10:12:43] (17272) Indexer background runner(2) root directory: file:///home/daniel/.vscode/extensions/ms-python.vscode-pylance-2024.2.2/dist (index)
2024-02-29 10:12:43.301 [info] [Info  - 10:12:43] (17272) Indexing(2) started
2024-02-29 10:12:44.565 [info] [Info  - 10:12:44] (17272) scanned(2) 33 files over 1 exec env
2024-02-29 10:12:47.048 [info] [Info  - 10:12:47] (17272) indexed(2) 23 files over 1 exec env
2024-02-29 10:12:47.276 [info] [Info  - 10:12:47] (17272) Indexing finished(2).
2024-02-29 10:16:58.342 [info] [Info  - 10:16:58] (17272) [BG(1)] Long operation: checking: file:///usr/lib/python3.11/datetime.py (5917ms)
2024-02-29 10:16:58.372 [info] [Info  - 10:16:58] (17272) [BG(1)] Long operation: analyzing: file:///usr/lib/python3.11/datetime.py (5917ms)
2024-02-29 10:38:42.828 [info] [Error - 10:38:42] Server process exited with code 0.
2024-02-29 10:38:43.365 [info] (Client) Pylance async client (2024.2.2) started with python extension (2024.2.0)
2024-02-29 10:38:45.190 [info] [Info  - 10:38:45] (26313) Pylance language server 2024.2.2 (pyright version 1.1.348, commit cfb1de0c) starting
2024-02-29 10:38:45.190 [info] [Info  - 10:38:45] (26313) Server root directory: file:///home/daniel/.vscode/extensions/ms-python.vscode-pylance-2024.2.2/dist
2024-02-29 10:38:45.206 [info] [Info  - 10:38:45] (26313) Starting service instance "django-tutorial-castellano"
2024-02-29 10:38:45.331 [info] [Info  - 10:38:45] (26313) Setting pythonPath for service "django-tutorial-castellano": "/home/daniel/Documentos/repos/django-tutorial-castellano/env/bin/python"
2024-02-29 10:38:45.332 [info] [Info  - 10:38:45] (26313) Setting environmentName for service "django-tutorial-castellano": "3.11.2 (env venv)"
2024-02-29 10:38:45.437 [info] [Info  - 10:38:45] (26313) Assuming Python version 3.11
2024-02-29 10:38:45.625 [info] [Info  - 10:38:45] (26313) Auto-excluding /home/daniel/Documentos/repos/django-tutorial-castellano/env
2024-02-29 10:38:45.650 [info] [Info  - 10:38:45] (26313) Found 23 source files
2024-02-29 10:38:46.735 [info] [Info  - 10:38:46] (26313) Background analysis(1) root directory: file:///home/daniel/.vscode/extensions/ms-python.vscode-pylance-2024.2.2/dist
2024-02-29 10:38:46.743 [info] [Info  - 10:38:46] (26313) Background analysis(1) started
2024-02-29 10:38:47.254 [info] [Info  - 10:38:47] (26313) Indexer background runner(2) root directory: file:///home/daniel/.vscode/extensions/ms-python.vscode-pylance-2024.2.2/dist (index)
2024-02-29 10:38:47.254 [info] [Info  - 10:38:47] (26313) Indexing(2) started
2024-02-29 10:38:49.657 [info] [Info  - 10:38:49] (26313) [IDX(2)] Long operation: scan packages file:///home/daniel/Documentos/repos/django-tutorial-castellano (2386ms)
2024-02-29 10:38:49.657 [info] [Info  - 10:38:49] (26313) scanned(2) 33 files over 1 exec env
2024-02-29 10:38:52.277 [info] [Info  - 10:38:52] (26313) indexed(2) 23 files over 1 exec env
2024-02-29 10:38:52.472 [info] [Info  - 10:38:52] (26313) Indexing finished(2).
2024-02-29 10:38:55.483 [info] [Info  - 10:38:55] (26313) [BG(1)] Long operation: checking: file:///usr/lib/python3.11/datetime.py (3699ms)
2024-02-29 10:38:55.484 [info] [Info  - 10:38:55] (26313) [BG(1)] Long operation: analyzing: file:///usr/lib/python3.11/datetime.py (3700ms)
2024-02-29 10:44:24.689 [info] [Info  - 10:44:24] (26313) Setting pythonPath for service "django-tutorial-castellano": "/home/daniel/Documentos/repos/django-tutorial-castellano/env/bin/python"
2024-02-29 10:44:24.690 [info] [Info  - 10:44:24] (26313) Setting environmentName for service "django-tutorial-castellano": "3.11.2 (env venv)"
2024-02-29 10:44:24.840 [info] [Info  - 10:44:24] (26313) Assuming Python version 3.11
2024-02-29 10:44:25.059 [info] [Info  - 10:44:25] (26313) Auto-excluding /home/daniel/Documentos/repos/django-tutorial-castellano/env
2024-02-29 10:44:25.091 [info] [Info  - 10:44:25] (26313) Found 23 source files
2024-02-29 10:44:27.002 [info] [Info  - 10:44:27] (26313) Indexer background runner(3) root directory: file:///home/daniel/.vscode/extensions/ms-python.vscode-pylance-2024.2.2/dist (index)
2024-02-29 10:44:27.003 [info] [Info  - 10:44:27] (26313) Indexing(3) started
2024-02-29 10:44:28.301 [info] [Info  - 10:44:28] (26313) scanned(3) 33 files over 1 exec env
2024-02-29 10:44:30.479 [info] [Info  - 10:44:30] (26313) indexed(3) 23 files over 1 exec env
2024-02-29 10:44:30.690 [info] [Info  - 10:44:30] (26313) Indexing finished(3).
2024-02-29 10:44:41.410 [info] [Info  - 10:44:41] (26313) Setting pythonPath for service "django-tutorial-castellano": "/home/daniel/Documentos/repos/django-tutorial-castellano/env/bin/python"
2024-02-29 10:44:41.411 [info] [Info  - 10:44:41] (26313) Setting environmentName for service "django-tutorial-castellano": "3.11.2 (env venv)"
2024-02-29 10:44:41.551 [info] [Info  - 10:44:41] (26313) Assuming Python version 3.11
2024-02-29 10:44:41.743 [info] [Info  - 10:44:41] (26313) Auto-excluding /home/daniel/Documentos/repos/django-tutorial-castellano/env
2024-02-29 10:44:41.776 [info] [Info  - 10:44:41] (26313) Found 23 source files
2024-02-29 10:44:43.580 [info] [Info  - 10:44:43] (26313) Indexer background runner(4) root directory: file:///home/daniel/.vscode/extensions/ms-python.vscode-pylance-2024.2.2/dist (index)
2024-02-29 10:44:43.581 [info] [Info  - 10:44:43] (26313) Indexing(4) started
2024-02-29 10:44:44.874 [info] [Info  - 10:44:44] (26313) scanned(4) 33 files over 1 exec env
2024-02-29 10:44:47.292 [info] [Info  - 10:44:47] (26313) indexed(4) 23 files over 1 exec env
2024-02-29 10:44:47.492 [info] [Info  - 10:44:47] (26313) Indexing finished(4).
2024-02-29 10:44:48.110 [info] [Info  - 10:44:48] (26313) Setting pythonPath for service "django-tutorial-castellano": "/home/daniel/Documentos/repos/django-tutorial-castellano/env/bin/python"
2024-02-29 10:44:48.116 [info] [Info  - 10:44:48] (26313) Setting environmentName for service "django-tutorial-castellano": "3.11.2 (env venv)"
2024-02-29 10:44:48.295 [info] [Info  - 10:44:48] (26313) Assuming Python version 3.11
2024-02-29 10:44:48.486 [info] [Info  - 10:44:48] (26313) Auto-excluding /home/daniel/Documentos/repos/django-tutorial-castellano/env
2024-02-29 10:44:48.523 [info] [Info  - 10:44:48] (26313) Found 23 source files
2024-02-29 10:44:50.712 [info] [Info  - 10:44:50] (26313) Indexer background runner(5) root directory: file:///home/daniel/.vscode/extensions/ms-python.vscode-pylance-2024.2.2/dist (index)
2024-02-29 10:44:50.712 [info] [Info  - 10:44:50] (26313) Indexing(5) started
2024-02-29 10:44:52.190 [info] [Info  - 10:44:52] (26313) scanned(5) 33 files over 1 exec env
2024-02-29 10:44:54.028 [info] [Info  - 10:44:54] (26313) Setting pythonPath for service "django-tutorial-castellano": "/home/daniel/Documentos/repos/django-tutorial-castellano/env/bin/python"
2024-02-29 10:44:54.031 [info] [Info  - 10:44:54] (26313) Setting environmentName for service "django-tutorial-castellano": "3.11.2 (env venv)"
2024-02-29 10:44:54.155 [info] [Info  - 10:44:54] (26313) Assuming Python version 3.11
2024-02-29 10:44:54.313 [info] [Info  - 10:44:54] (26313) Auto-excluding /home/daniel/Documentos/repos/django-tutorial-castellano/env
2024-02-29 10:44:54.349 [info] [Info  - 10:44:54] (26313) Found 23 source files
2024-02-29 10:44:56.092 [info] [Info  - 10:44:56] (26313) scanned(5) 33 files over 1 exec env
2024-02-29 10:44:58.410 [info] [Info  - 10:44:58] (26313) indexed(5) 23 files over 1 exec env
2024-02-29 10:44:58.607 [info] [Info  - 10:44:58] (26313) Indexing finished(5).
2024-02-29 10:47:12.964 [info] [Info  - 10:47:12] (26313) Setting pythonPath for service "django-tutorial-castellano": "/home/daniel/Documentos/repos/django-tutorial-castellano/env/bin/python"
2024-02-29 10:47:12.965 [info] [Info  - 10:47:12] (26313) Setting environmentName for service "django-tutorial-castellano": "3.11.2 (env venv)"
2024-02-29 10:47:13.085 [info] [Info  - 10:47:13] (26313) Assuming Python version 3.11
2024-02-29 10:47:13.255 [info] [Info  - 10:47:13] (26313) Auto-excluding /home/daniel/Documentos/repos/django-tutorial-castellano/env
2024-02-29 10:47:13.269 [info] [Info  - 10:47:13] (26313) Found 23 source files
2024-02-29 10:47:15.185 [info] [Info  - 10:47:15] (26313) Indexer background runner(6) root directory: file:///home/daniel/.vscode/extensions/ms-python.vscode-pylance-2024.2.2/dist (index)
2024-02-29 10:47:15.186 [info] [Info  - 10:47:15] (26313) Indexing(6) started
2024-02-29 10:47:16.438 [info] [Info  - 10:47:16] (26313) scanned(6) 33 files over 1 exec env
2024-02-29 10:47:18.742 [info] [Info  - 10:47:18] (26313) indexed(6) 23 files over 1 exec env
2024-02-29 10:47:18.946 [info] [Info  - 10:47:18] (26313) Indexing finished(6).
2024-02-29 10:50:00.967 [info] [Info  - 10:50:00] (26313) Setting pythonPath for service "django-tutorial-castellano": "/home/daniel/Documentos/repos/django-tutorial-castellano/env/bin/python"
2024-02-29 10:50:00.969 [info] [Info  - 10:50:00] (26313) Setting environmentName for service "django-tutorial-castellano": "3.11.2 (env venv)"
2024-02-29 10:50:01.119 [info] [Info  - 10:50:01] (26313) Assuming Python version 3.11
2024-02-29 10:50:01.331 [info] [Info  - 10:50:01] (26313) Auto-excluding /home/daniel/Documentos/repos/django-tutorial-castellano/env
2024-02-29 10:50:01.355 [info] [Info  - 10:50:01] (26313) Found 23 source files
2024-02-29 10:50:03.144 [info] [Info  - 10:50:03] (26313) Indexer background runner(7) root directory: file:///home/daniel/.vscode/extensions/ms-python.vscode-pylance-2024.2.2/dist (index)
2024-02-29 10:50:03.144 [info] [Info  - 10:50:03] (26313) Indexing(7) started
2024-02-29 10:50:04.352 [info] [Info  - 10:50:04] (26313) scanned(7) 33 files over 1 exec env
2024-02-29 10:50:06.464 [info] [Info  - 10:50:06] (26313) indexed(7) 23 files over 1 exec env
2024-02-29 10:50:06.656 [info] [Info  - 10:50:06] (26313) Indexing finished(7).
2024-02-29 10:51:56.463 [info] [Info  - 10:51:56] (26313) Setting pythonPath for service "django-tutorial-castellano": "/home/daniel/Documentos/repos/django-tutorial-castellano/env/bin/python"
2024-02-29 10:51:56.464 [info] [Info  - 10:51:56] (26313) Setting environmentName for service "django-tutorial-castellano": "3.11.2 (env venv)"
2024-02-29 10:51:56.632 [info] [Info  - 10:51:56] (26313) Assuming Python version 3.11
2024-02-29 10:51:56.860 [info] [Info  - 10:51:56] (26313) Auto-excluding /home/daniel/Documentos/repos/django-tutorial-castellano/env
2024-02-29 10:51:56.875 [info] [Info  - 10:51:56] (26313) Found 23 source files
2024-02-29 10:51:58.921 [info] [Info  - 10:51:58] (26313) Indexer background runner(8) root directory: file:///home/daniel/.vscode/extensions/ms-python.vscode-pylance-2024.2.2/dist (index)
2024-02-29 10:51:58.922 [info] [Info  - 10:51:58] (26313) Indexing(8) started
2024-02-29 10:52:00.781 [info] [Info  - 10:52:00] (26313) scanned(8) 33 files over 1 exec env
2024-02-29 10:52:02.925 [info] [Info  - 10:52:02] (26313) indexed(8) 23 files over 1 exec env
2024-02-29 10:52:03.129 [info] [Info  - 10:52:03] (26313) Indexing finished(8).
2024-02-29 10:53:05.267 [info] [Info  - 10:53:05] (26313) Setting pythonPath for service "django-tutorial-castellano": "/home/daniel/Documentos/repos/django-tutorial-castellano/env/bin/python"
2024-02-29 10:53:05.268 [info] [Info  - 10:53:05] (26313) Setting environmentName for service "django-tutorial-castellano": "3.11.2 (env venv)"
2024-02-29 10:53:05.416 [info] [Info  - 10:53:05] (26313) Assuming Python version 3.11
2024-02-29 10:53:05.566 [info] [Info  - 10:53:05] (26313) Auto-excluding /home/daniel/Documentos/repos/django-tutorial-castellano/env
2024-02-29 10:53:05.590 [info] [Info  - 10:53:05] (26313) Found 23 source files
2024-02-29 10:53:07.372 [info] [Info  - 10:53:07] (26313) Indexer background runner(9) root directory: file:///home/daniel/.vscode/extensions/ms-python.vscode-pylance-2024.2.2/dist (index)
2024-02-29 10:53:07.373 [info] [Info  - 10:53:07] (26313) Indexing(9) started
2024-02-29 10:53:08.578 [info] [Info  - 10:53:08] (26313) scanned(9) 33 files over 1 exec env
2024-02-29 10:53:10.724 [info] [Info  - 10:53:10] (26313) indexed(9) 23 files over 1 exec env
2024-02-29 10:53:10.920 [info] [Info  - 10:53:10] (26313) Indexing finished(9).
2024-02-29 10:54:22.324 [info] [Info  - 10:54:22] (26313) Setting pythonPath for service "django-tutorial-castellano": "/home/daniel/Documentos/repos/django-tutorial-castellano/env/bin/python"
2024-02-29 10:54:22.324 [info] [Info  - 10:54:22] (26313) Setting environmentName for service "django-tutorial-castellano": "3.11.2 (env venv)"
2024-02-29 10:54:22.468 [info] [Info  - 10:54:22] (26313) Assuming Python version 3.11
2024-02-29 10:54:22.658 [info] [Info  - 10:54:22] (26313) Auto-excluding /home/daniel/Documentos/repos/django-tutorial-castellano/env
2024-02-29 10:54:22.670 [info] [Info  - 10:54:22] (26313) Found 23 source files
2024-02-29 10:54:24.698 [info] [Info  - 10:54:24] (26313) Indexer background runner(10) root directory: file:///home/daniel/.vscode/extensions/ms-python.vscode-pylance-2024.2.2/dist (index)
2024-02-29 10:54:24.699 [info] [Info  - 10:54:24] (26313) Indexing(10) started
2024-02-29 10:54:25.936 [info] [Info  - 10:54:25] (26313) scanned(10) 33 files over 1 exec env
2024-02-29 10:54:28.068 [info] [Info  - 10:54:28] (26313) indexed(10) 23 files over 1 exec env
2024-02-29 10:54:28.278 [info] [Info  - 10:54:28] (26313) Indexing finished(10).
2024-02-29 10:55:16.859 [info] [Info  - 10:55:16] (26313) Setting pythonPath for service "django-tutorial-castellano": "/home/daniel/Documentos/repos/django-tutorial-castellano/env/bin/python"
2024-02-29 10:55:16.860 [info] [Info  - 10:55:16] (26313) Setting environmentName for service "django-tutorial-castellano": "3.11.2 (env venv)"
2024-02-29 10:55:16.994 [info] [Info  - 10:55:16] (26313) Assuming Python version 3.11
2024-02-29 10:55:17.215 [info] [Info  - 10:55:17] (26313) Auto-excluding /home/daniel/Documentos/repos/django-tutorial-castellano/env
2024-02-29 10:55:17.227 [info] [Info  - 10:55:17] (26313) Found 23 source files
2024-02-29 10:55:19.041 [info] [Info  - 10:55:19] (26313) Indexer background runner(11) root directory: file:///home/daniel/.vscode/extensions/ms-python.vscode-pylance-2024.2.2/dist (index)
2024-02-29 10:55:19.043 [info] [Info  - 10:55:19] (26313) Indexing(11) started
2024-02-29 10:55:20.236 [info] [Info  - 10:55:20] (26313) scanned(11) 33 files over 1 exec env
2024-02-29 10:55:22.355 [info] [Info  - 10:55:22] (26313) indexed(11) 23 files over 1 exec env
2024-02-29 10:55:22.559 [info] [Info  - 10:55:22] (26313) Indexing finished(11).
2024-02-29 10:55:57.975 [info] [Error - 10:55:57] Server process exited with code 0.
2024-02-29 10:55:59.096 [info] (Client) Pylance async client (2024.2.2) started with python extension (2024.2.0)
2024-02-29 10:56:00.778 [info] [Info  - 10:56:00] (32026) Pylance language server 2024.2.2 (pyright version 1.1.348, commit cfb1de0c) starting
2024-02-29 10:56:00.779 [info] [Info  - 10:56:00] (32026) Server root directory: file:///home/daniel/.vscode/extensions/ms-python.vscode-pylance-2024.2.2/dist
2024-02-29 10:56:00.796 [info] [Info  - 10:56:00] (32026) Starting service instance "django-tutorial-castellano"
2024-02-29 10:56:00.912 [info] [Info  - 10:56:00] (32026) Setting pythonPath for service "django-tutorial-castellano": "/home/daniel/Documentos/repos/django-tutorial-castellano/env/bin/python"
2024-02-29 10:56:00.912 [info] [Info  - 10:56:00] (32026) Setting environmentName for service "django-tutorial-castellano": "3.11.2 (env venv)"
2024-02-29 10:56:01.015 [info] [Info  - 10:56:01] (32026) Assuming Python version 3.11
2024-02-29 10:56:01.245 [info] [Info  - 10:56:01] (32026) Auto-excluding /home/daniel/Documentos/repos/django-tutorial-castellano/env
2024-02-29 10:56:01.274 [info] [Info  - 10:56:01] (32026) Found 23 source files
2024-02-29 10:56:02.435 [info] [Info  - 10:56:02] (32026) Background analysis(1) root directory: file:///home/daniel/.vscode/extensions/ms-python.vscode-pylance-2024.2.2/dist
2024-02-29 10:56:02.442 [info] [Info  - 10:56:02] (32026) Background analysis(1) started
2024-02-29 10:56:03.462 [info] [Info  - 10:56:03] (32026) Indexer background runner(2) root directory: file:///home/daniel/.vscode/extensions/ms-python.vscode-pylance-2024.2.2/dist (index)
2024-02-29 10:56:03.467 [info] [Info  - 10:56:03] (32026) Indexing(2) started
2024-02-29 10:56:04.937 [info] [Info  - 10:56:04] (32026) scanned(2) 33 files over 1 exec env
2024-02-29 10:56:07.317 [info] [Info  - 10:56:07] (32026) indexed(2) 23 files over 1 exec env
2024-02-29 10:56:07.532 [info] [Info  - 10:56:07] (32026) Indexing finished(2).
2024-02-29 10:57:46.606 [info] [Info  - 10:57:46] (32026) Setting pythonPath for service "django-tutorial-castellano": "/home/daniel/Documentos/repos/django-tutorial-castellano/env/bin/python"
2024-02-29 10:57:46.606 [info] [Info  - 10:57:46] (32026) Setting environmentName for service "django-tutorial-castellano": "3.11.2 (env venv)"
2024-02-29 10:57:46.753 [info] [Info  - 10:57:46] (32026) Assuming Python version 3.11
2024-02-29 10:57:46.941 [info] [Info  - 10:57:46] (32026) Auto-excluding /home/daniel/Documentos/repos/django-tutorial-castellano/env
2024-02-29 10:57:46.971 [info] [Info  - 10:57:46] (32026) Found 24 source files
2024-02-29 10:57:48.828 [info] [Info  - 10:57:48] (32026) Indexer background runner(3) root directory: file:///home/daniel/.vscode/extensions/ms-python.vscode-pylance-2024.2.2/dist (index)
2024-02-29 10:57:48.832 [info] [Info  - 10:57:48] (32026) Indexing(3) started
2024-02-29 10:57:50.322 [info] [Info  - 10:57:50] (32026) scanned(3) 33 files over 1 exec env
2024-02-29 10:57:52.824 [info] [Info  - 10:57:52] (32026) indexed(3) 23 files over 1 exec env
2024-02-29 10:57:53.069 [info] [Info  - 10:57:53] (32026) Indexing finished(3).
2024-02-29 11:05:25.068 [info] [Error - 11:05:25] Server process exited with code 0.
2024-02-29 11:05:26.056 [info] (Client) Pylance async client (2024.2.2) started with python extension (2024.2.0)
2024-02-29 11:05:27.698 [info] [Info  - 11:05:27] (34707) Pylance language server 2024.2.2 (pyright version 1.1.348, commit cfb1de0c) starting
2024-02-29 11:05:27.698 [info] [Info  - 11:05:27] (34707) Server root directory: file:///home/daniel/.vscode/extensions/ms-python.vscode-pylance-2024.2.2/dist
2024-02-29 11:05:27.714 [info] [Info  - 11:05:27] (34707) Starting service instance "django-tutorial-castellano"
2024-02-29 11:05:27.825 [info] [Info  - 11:05:27] (34707) Setting pythonPath for service "django-tutorial-castellano": "/home/daniel/Documentos/repos/django-tutorial-castellano/env/bin/python"
2024-02-29 11:05:27.825 [info] [Info  - 11:05:27] (34707) Setting environmentName for service "django-tutorial-castellano": "3.11.2 (env venv)"
2024-02-29 11:05:27.924 [info] [Info  - 11:05:27] (34707) Assuming Python version 3.11
2024-02-29 11:05:28.118 [info] [Info  - 11:05:28] (34707) Auto-excluding /home/daniel/Documentos/repos/django-tutorial-castellano/env
2024-02-29 11:05:28.147 [info] [Info  - 11:05:28] (34707) Found 23 source files
2024-02-29 11:05:29.280 [info] [Info  - 11:05:29] (34707) Background analysis(1) root directory: file:///home/daniel/.vscode/extensions/ms-python.vscode-pylance-2024.2.2/dist
2024-02-29 11:05:29.289 [info] [Info  - 11:05:29] (34707) Background analysis(1) started
2024-02-29 11:05:29.945 [info] [Info  - 11:05:29] (34707) Indexer background runner(2) root directory: file:///home/daniel/.vscode/extensions/ms-python.vscode-pylance-2024.2.2/dist (index)
2024-02-29 11:05:29.951 [info] [Info  - 11:05:29] (34707) Indexing(2) started
2024-02-29 11:05:31.651 [info] [Info  - 11:05:31] (34707) scanned(2) 33 files over 1 exec env
2024-02-29 11:05:34.577 [info] [Info  - 11:05:34] (34707) indexed(2) 23 files over 1 exec env
2024-02-29 11:05:34.792 [info] [Info  - 11:05:34] (34707) Indexing finished(2).
2024-02-29 11:09:26.223 [info] [Error - 11:09:26] Server process exited with code 0.
2024-02-29 11:09:26.915 [info] (Client) Pylance async client (2024.2.2) started with python extension (2024.2.0)
2024-02-29 11:09:28.721 [info] [Info  - 11:09:28] (36181) Pylance language server 2024.2.2 (pyright version 1.1.348, commit cfb1de0c) starting
2024-02-29 11:09:28.722 [info] [Info  - 11:09:28] (36181) Server root directory: file:///home/daniel/.vscode/extensions/ms-python.vscode-pylance-2024.2.2/dist
2024-02-29 11:09:28.743 [info] [Info  - 11:09:28] (36181) Starting service instance "django-tutorial-castellano"
2024-02-29 11:09:28.835 [info] [Info  - 11:09:28] (36181) Setting pythonPath for service "django-tutorial-castellano": "/home/daniel/Documentos/repos/django-tutorial-castellano/env/bin/python"
2024-02-29 11:09:28.835 [info] [Info  - 11:09:28] (36181) Setting environmentName for service "django-tutorial-castellano": "3.11.2 (env venv)"
2024-02-29 11:09:28.955 [info] [Info  - 11:09:28] (36181) Assuming Python version 3.11
2024-02-29 11:09:29.168 [info] [Info  - 11:09:29] (36181) Auto-excluding /home/daniel/Documentos/repos/django-tutorial-castellano/env
2024-02-29 11:09:29.192 [info] [Info  - 11:09:29] (36181) Found 23 source files
2024-02-29 11:09:30.297 [info] [Info  - 11:09:30] (36181) Background analysis(1) root directory: file:///home/daniel/.vscode/extensions/ms-python.vscode-pylance-2024.2.2/dist
2024-02-29 11:09:30.304 [info] [Info  - 11:09:30] (36181) Background analysis(1) started
2024-02-29 11:09:30.781 [info] [Info  - 11:09:30] (36181) Indexer background runner(2) root directory: file:///home/daniel/.vscode/extensions/ms-python.vscode-pylance-2024.2.2/dist (index)
2024-02-29 11:09:30.781 [info] [Info  - 11:09:30] (36181) Indexing(2) started
2024-02-29 11:09:32.680 [info] [Info  - 11:09:32] (36181) [BG(1)] Long operation: getSemanticTokens range 0:0 - 53:0 at file:///home/daniel/Documentos/repos/django-tutorial-castellano/sondeo/views.py (2153ms)
2024-02-29 11:09:33.192 [info] [Info  - 11:09:33] (36181) [IDX(2)] Long operation: scan packages file:///home/daniel/Documentos/repos/django-tutorial-castellano (2337ms)
2024-02-29 11:09:33.192 [info] [Info  - 11:09:33] (36181) scanned(2) 33 files over 1 exec env
2024-02-29 11:09:35.960 [info] [Info  - 11:09:35] (36181) indexed(2) 23 files over 1 exec env
2024-02-29 11:09:36.197 [info] [Info  - 11:09:36] (36181) Indexing finished(2).
2024-02-29 11:13:55.716 [info] (Client) Pylance async client (2024.2.2) started with python extension (2024.2.0)
2024-02-29 11:13:57.535 [info] [Info  - 11:13:57] (37964) Pylance language server 2024.2.2 (pyright version 1.1.348, commit cfb1de0c) starting
2024-02-29 11:13:57.536 [info] [Info  - 11:13:57] (37964) Server root directory: file:///home/daniel/.vscode/extensions/ms-python.vscode-pylance-2024.2.2/dist
2024-02-29 11:13:57.536 [info] [Info  - 11:13:57] (37964) Starting service instance "wiki"
2024-02-29 11:13:57.682 [info] [Info  - 11:13:57] (37964) Setting pythonPath for service "wiki": "/home/daniel/Documentos/repos/Harvard-Web-Python-Javascript/Projects/wiki/env/bin/python"
2024-02-29 11:13:57.683 [info] [Info  - 11:13:57] (37964) Setting environmentName for service "wiki": "3.11.2 (env venv)"
2024-02-29 11:13:57.784 [info] [Info  - 11:13:57] (37964) Assuming Python version 3.11
2024-02-29 11:13:57.978 [info] [Info  - 11:13:57] (37964) Auto-excluding /home/daniel/Documentos/repos/Harvard-Web-Python-Javascript/Projects/wiki/env
2024-02-29 11:13:57.995 [info] [Info  - 11:13:57] (37964) Found 15 source files
2024-02-29 11:13:58.976 [info] [Info  - 11:13:58] (37964) Background analysis(1) root directory: file:///home/daniel/.vscode/extensions/ms-python.vscode-pylance-2024.2.2/dist
2024-02-29 11:13:58.983 [info] [Info  - 11:13:58] (37964) Background analysis(1) started
2024-02-29 11:14:10.217 [info] [Info  - 11:14:10] (37964) Indexer background runner(2) root directory: file:///home/daniel/.vscode/extensions/ms-python.vscode-pylance-2024.2.2/dist (index)
2024-02-29 11:14:10.217 [info] [Info  - 11:14:10] (37964) Indexing(2) started
2024-02-29 11:14:11.534 [info] [Info  - 11:14:11] (37964) scanned(2) 33 files over 1 exec env
2024-02-29 11:14:14.077 [info] [Info  - 11:14:14] (37964) indexed(2) 23 files over 1 exec env
2024-02-29 11:14:14.329 [info] [Info  - 11:14:14] (37964) Indexing finished(2).
2024-02-29 19:08:56.747 [info] (Client) Pylance async client (2024.2.2) started with python extension (2024.2.0)
2024-02-29 19:08:58.714 [info] [Info  - 19:08:58] (181502) Pylance language server 2024.2.2 (pyright version 1.1.348, commit cfb1de0c) starting
2024-02-29 19:08:58.716 [info] [Info  - 19:08:58] (181502) Server root directory: file:///home/daniel/.vscode/extensions/ms-python.vscode-pylance-2024.2.2/dist
2024-02-29 19:08:58.716 [info] [Info  - 19:08:58] (181502) Starting service instance "Retos"
2024-02-29 19:08:58.868 [info] [Info  - 19:08:58] (181502) Setting pythonPath for service "Retos": "/home/daniel/Documentos/repos/django-tutorial-castellano/env/bin/python"
2024-02-29 19:08:58.869 [info] [Info  - 19:08:58] (181502) Setting environmentName for service "Retos": "3.11.2 (env venv)"
2024-02-29 19:08:59.037 [info] [Info  - 19:08:59] (181502) Assuming Python version 3.11
2024-02-29 19:09:01.646 [info] [Info  - 19:09:01] (181502) Found 2684 source files
2024-02-29 19:09:01.657 [info] [Info  - 19:09:01] (181502) Background analysis(1) root directory: file:///home/daniel/.vscode/extensions/ms-python.vscode-pylance-2024.2.2/dist
2024-02-29 19:09:01.658 [info] [Info  - 19:09:01] (181502) Background analysis(1) started
2024-02-29 19:09:16.483 [info] [Warn  - 19:09:16] (181502) Workspace indexing has hit its upper limit: 2000 files
2024-02-29 19:25:03.651 [info] [Info  - 19:25:03] (181502) Indexer background runner(2) root directory: file:///home/daniel/.vscode/extensions/ms-python.vscode-pylance-2024.2.2/dist (index)
2024-02-29 19:25:03.652 [info] [Info  - 19:25:03] (181502) Indexing(2) started
2024-02-29 19:25:05.771 [info] [Info  - 19:25:05] (181502) [IDX(2)] Long operation: scan packages file:///home/daniel/Documentos/repos/retos-programacion-2023/Retos (2107ms)
2024-02-29 19:25:05.772 [info] [Info  - 19:25:05] (181502) scanned(2) 33 files over 1 exec env
2024-02-29 19:25:08.419 [info] [Info  - 19:25:08] (181502) indexed(2) 23 files over 1 exec env
2024-02-29 19:25:08.663 [info] [Info  - 19:25:08] (181502) Indexing finished(2).
2024-02-29 19:54:32.892 [info] [Info  - 19:54:32] (181502) Setting pythonPath for service "Retos": "/home/daniel/Documentos/repos/django-tutorial-castellano/env/bin/python"
2024-02-29 19:54:32.893 [info] [Info  - 19:54:32] (181502) Setting environmentName for service "Retos": "3.11.2 (env venv)"
2024-02-29 19:54:33.018 [info] [Info  - 19:54:33] (181502) Assuming Python version 3.11
2024-02-29 19:54:34.835 [info] [Info  - 19:54:34] (181502) Found 2684 source files
2024-02-29 19:54:37.514 [info] [Info  - 19:54:37] (181502) Indexer background runner(3) root directory: file:///home/daniel/.vscode/extensions/ms-python.vscode-pylance-2024.2.2/dist (index)
2024-02-29 19:54:37.514 [info] [Info  - 19:54:37] (181502) Indexing(3) started
2024-02-29 19:54:39.403 [info] [Info  - 19:54:39] (181502) scanned(3) 33 files over 1 exec env
2024-02-29 19:54:42.187 [info] [Info  - 19:54:42] (181502) indexed(3) 23 files over 1 exec env
2024-02-29 19:54:42.453 [info] [Info  - 19:54:42] (181502) Indexing finished(3).
2024-02-29 19:54:48.417 [info] [Warn  - 19:54:48] (181502) Workspace indexing has hit its upper limit: 2000 files
