2024-02-29 10:12:24.939 [info] Log level: Info
2024-02-29 10:12:24.939 [info] Validating found git in: "git"
2024-02-29 10:12:24.939 [info] Using git "2.39.2" from "git"
2024-02-29 10:12:24.939 [info] > git rev-parse --show-toplevel [70ms]
2024-02-29 10:12:24.944 [info] > git rev-parse --git-dir --git-common-dir [17ms]
2024-02-29 10:12:24.986 [info] Open repository: /home/daniel/Documentos/repos/django-tutorial-castellano
2024-02-29 10:12:25.201 [info] > git rev-parse --show-toplevel [140ms]
2024-02-29 10:12:25.203 [info] > git config --get commit.template [155ms]
2024-02-29 10:12:25.271 [info] > git rev-parse --show-toplevel [28ms]
2024-02-29 10:12:25.442 [info] > git for-each-ref --format=%(refname)%00%(upstream:short)%00%(objectname)%00%(upstream:track)%00%(upstream:remotename)%00%(upstream:remoteref) refs/heads/main refs/remotes/main [179ms]
2024-02-29 10:12:25.795 [info] > git rev-parse --show-toplevel [355ms]
2024-02-29 10:12:25.964 [info] > git check-ignore -v -z --stdin [184ms]
2024-02-29 10:12:26.094 [info] > git rev-parse --show-toplevel [132ms]
2024-02-29 10:12:26.142 [info] > git status -z -uall [51ms]
2024-02-29 10:12:26.194 [info] > git config --get commit.template [10ms]
2024-02-29 10:12:26.271 [info] > git for-each-ref --format=%(refname)%00%(upstream:short)%00%(objectname)%00%(upstream:track)%00%(upstream:remotename)%00%(upstream:remoteref) refs/heads/main refs/remotes/main [21ms]
2024-02-29 10:12:26.404 [info] > git status -z -uall [25ms]
2024-02-29 10:12:34.384 [info] > git check-ignore -v -z --stdin [6ms]
2024-02-29 10:12:38.179 [info] > git check-ignore -v -z --stdin [6ms]
2024-02-29 10:12:42.078 [info] > git show --textconv :mysite/urls.py [51ms]
2024-02-29 10:12:42.079 [info] > git ls-files --stage -- /home/daniel/Documentos/repos/django-tutorial-castellano/mysite/urls.py [23ms]
2024-02-29 10:12:42.118 [info] > git cat-file -s 043f32c865e08c98caf20c771c749e64d1f005f0 [14ms]
2024-02-29 10:13:06.189 [info] > git show --textconv :homepage/urls.py [54ms]
2024-02-29 10:13:06.196 [info] > git ls-files --stage -- /home/daniel/Documentos/repos/django-tutorial-castellano/homepage/urls.py [8ms]
2024-02-29 10:13:06.225 [info] > git cat-file -s 979ebb3e153b3934d5b33688a9840c2a2b5258f6 [5ms]
2024-02-29 10:13:09.935 [info] > git show --textconv :mysite/urls.py [25ms]
2024-02-29 10:13:09.942 [info] > git ls-files --stage -- /home/daniel/Documentos/repos/django-tutorial-castellano/mysite/urls.py [9ms]
2024-02-29 10:13:09.968 [info] > git cat-file -s 043f32c865e08c98caf20c771c749e64d1f005f0 [5ms]
2024-02-29 10:13:11.570 [info] > git show --textconv :homepage/urls.py [35ms]
2024-02-29 10:13:11.576 [info] > git ls-files --stage -- /home/daniel/Documentos/repos/django-tutorial-castellano/homepage/urls.py [9ms]
2024-02-29 10:13:11.627 [info] > git cat-file -s 979ebb3e153b3934d5b33688a9840c2a2b5258f6 [16ms]
2024-02-29 10:13:12.380 [info] > git show --textconv :mysite/urls.py [52ms]
2024-02-29 10:13:12.392 [info] > git ls-files --stage -- /home/daniel/Documentos/repos/django-tutorial-castellano/mysite/urls.py [16ms]
2024-02-29 10:13:12.447 [info] > git cat-file -s 043f32c865e08c98caf20c771c749e64d1f005f0 [19ms]
2024-02-29 10:13:19.282 [info] > git show --textconv :homepage/views.py [27ms]
2024-02-29 10:13:19.289 [info] > git ls-files --stage -- /home/daniel/Documentos/repos/django-tutorial-castellano/homepage/views.py [8ms]
2024-02-29 10:13:19.318 [info] > git cat-file -s 8c26527c57f7021ed6cb9e337669c3f0ff70bae1 [7ms]
2024-02-29 10:13:21.128 [info] > git show --textconv :mysite/urls.py [27ms]
2024-02-29 10:13:21.133 [info] > git ls-files --stage -- /home/daniel/Documentos/repos/django-tutorial-castellano/mysite/urls.py [7ms]
2024-02-29 10:13:21.161 [info] > git cat-file -s 043f32c865e08c98caf20c771c749e64d1f005f0 [7ms]
2024-02-29 10:13:27.042 [info] > git show --textconv :sondeo/urls.py [33ms]
2024-02-29 10:13:27.048 [info] > git ls-files --stage -- /home/daniel/Documentos/repos/django-tutorial-castellano/sondeo/urls.py [7ms]
2024-02-29 10:13:27.078 [info] > git cat-file -s 1c0d19a85cd19e2649a6340db0b54756e02f38d0 [6ms]
2024-02-29 10:14:17.665 [info] > git show --textconv :sondeo/views.py [39ms]
2024-02-29 10:14:17.672 [info] > git ls-files --stage -- /home/daniel/Documentos/repos/django-tutorial-castellano/sondeo/views.py [8ms]
2024-02-29 10:14:17.702 [info] > git cat-file -s 789829b4b6e0ce3dc940fa6ce31d8c36df8b3322 [7ms]
2024-02-29 10:15:43.555 [info] > git config --get commit.template [25ms]
2024-02-29 10:15:43.575 [info] > git ls-files --stage -- /home/daniel/Documentos/repos/django-tutorial-castellano/sondeo/views.py [23ms]
2024-02-29 10:15:43.595 [info] > git for-each-ref --format=%(refname)%00%(upstream:short)%00%(objectname)%00%(upstream:track)%00%(upstream:remotename)%00%(upstream:remoteref) refs/heads/main refs/remotes/main [22ms]
2024-02-29 10:15:43.597 [info] > git cat-file -s 789829b4b6e0ce3dc940fa6ce31d8c36df8b3322 [6ms]
2024-02-29 10:15:43.645 [info] > git status -z -uall [27ms]
2024-02-29 10:15:43.656 [info] > git show --textconv :sondeo/views.py [11ms]
2024-02-29 10:16:07.142 [info] > git show --textconv :sondeo/templates/sondeo/resultados.html [21ms]
2024-02-29 10:16:07.145 [info] > git ls-files --stage -- /home/daniel/Documentos/repos/django-tutorial-castellano/sondeo/templates/sondeo/resultados.html [4ms]
2024-02-29 10:16:07.164 [info] > git cat-file -s 39040cc602e3b681db9823eaba66a21fe8827f17 [3ms]
2024-02-29 10:16:07.260 [info] > git check-ignore -v -z --stdin [5ms]
2024-02-29 10:16:22.565 [info] > git show --textconv :sondeo/views.py [23ms]
2024-02-29 10:16:22.574 [info] > git ls-files --stage -- /home/daniel/Documentos/repos/django-tutorial-castellano/sondeo/views.py [10ms]
2024-02-29 10:16:22.601 [info] > git cat-file -s 789829b4b6e0ce3dc940fa6ce31d8c36df8b3322 [5ms]
2024-02-29 10:16:46.557 [info] > git show --textconv :sondeo/models.py [30ms]
2024-02-29 10:16:46.567 [info] > git ls-files --stage -- /home/daniel/Documentos/repos/django-tutorial-castellano/sondeo/models.py [11ms]
2024-02-29 10:16:46.599 [info] > git cat-file -s 84395ef2ccc90633e2cf0e0671f32feba3e061fe [6ms]
2024-02-29 10:16:52.452 [info] > git rev-parse --show-toplevel [10ms]
2024-02-29 10:16:52.452 [info] fatal: not a git repository (or any of the parent directories): .git
2024-02-29 10:16:58.181 [info] > git show --textconv :sondeo/models.py [30ms]
2024-02-29 10:16:58.200 [info] > git ls-files --stage -- /home/daniel/Documentos/repos/django-tutorial-castellano/sondeo/models.py [20ms]
2024-02-29 10:16:58.260 [info] > git cat-file -s 84395ef2ccc90633e2cf0e0671f32feba3e061fe [25ms]
2024-02-29 10:17:18.846 [info] > git rev-parse --show-toplevel [4ms]
2024-02-29 10:17:18.846 [info] fatal: not a git repository (or any of the parent directories): .git
2024-02-29 10:17:24.910 [info] > git show --textconv :sondeo/models.py [24ms]
2024-02-29 10:17:24.915 [info] > git ls-files --stage -- /home/daniel/Documentos/repos/django-tutorial-castellano/sondeo/models.py [6ms]
2024-02-29 10:17:24.944 [info] > git cat-file -s 84395ef2ccc90633e2cf0e0671f32feba3e061fe [5ms]
2024-02-29 10:25:13.042 [info] > git show --textconv :sondeo/urls.py [30ms]
2024-02-29 10:25:13.050 [info] > git ls-files --stage -- /home/daniel/Documentos/repos/django-tutorial-castellano/sondeo/urls.py [11ms]
2024-02-29 10:25:13.108 [info] > git cat-file -s 1c0d19a85cd19e2649a6340db0b54756e02f38d0 [10ms]
2024-02-29 10:25:20.844 [info] > git show --textconv :sondeo/urls.py [28ms]
2024-02-29 10:25:20.850 [info] > git ls-files --stage -- /home/daniel/Documentos/repos/django-tutorial-castellano/sondeo/urls.py [7ms]
2024-02-29 10:25:20.877 [info] > git cat-file -s 1c0d19a85cd19e2649a6340db0b54756e02f38d0 [4ms]
2024-02-29 10:25:36.736 [info] > git show --textconv :sondeo/views.py [31ms]
2024-02-29 10:25:36.742 [info] > git ls-files --stage -- /home/daniel/Documentos/repos/django-tutorial-castellano/sondeo/views.py [8ms]
2024-02-29 10:25:36.769 [info] > git cat-file -s 789829b4b6e0ce3dc940fa6ce31d8c36df8b3322 [5ms]
2024-02-29 10:40:40.101 [info] > git show --textconv :sondeo/views.py [29ms]
2024-02-29 10:40:40.107 [info] > git ls-files --stage -- /home/daniel/Documentos/repos/django-tutorial-castellano/sondeo/views.py [7ms]
2024-02-29 10:40:40.136 [info] > git cat-file -s 789829b4b6e0ce3dc940fa6ce31d8c36df8b3322 [5ms]
2024-02-29 10:43:22.120 [info] > git show --textconv :sondeo/views.py [29ms]
2024-02-29 10:43:22.125 [info] > git ls-files --stage -- /home/daniel/Documentos/repos/django-tutorial-castellano/sondeo/views.py [6ms]
2024-02-29 10:43:22.157 [info] > git cat-file -s 789829b4b6e0ce3dc940fa6ce31d8c36df8b3322 [9ms]
2024-02-29 10:52:00.446 [info] > git show --textconv :sondeo/views.py [126ms]
2024-02-29 10:52:00.447 [info] > git ls-files --stage -- /home/daniel/Documentos/repos/django-tutorial-castellano/sondeo/views.py [48ms]
2024-02-29 10:52:00.506 [info] > git cat-file -s 789829b4b6e0ce3dc940fa6ce31d8c36df8b3322 [14ms]
2024-02-29 10:55:25.114 [info] > git show --textconv :sondeo/views.py [42ms]
2024-02-29 10:55:25.115 [info] > git ls-files --stage -- /home/daniel/Documentos/repos/django-tutorial-castellano/sondeo/views.py [3ms]
2024-02-29 10:55:25.152 [info] > git cat-file -s 789829b4b6e0ce3dc940fa6ce31d8c36df8b3322 [8ms]
2024-02-29 10:56:20.563 [info] > git show --textconv :env/lib/python3.11/site-packages/django/shortcuts.py [43ms]
2024-02-29 10:56:20.584 [info] > git ls-files --stage -- /home/daniel/Documentos/repos/django-tutorial-castellano/env/lib/python3.11/site-packages/django/shortcuts.py [27ms]
2024-02-29 10:56:20.692 [info] > git check-ignore -v -z --stdin [20ms]
2024-02-29 10:56:36.771 [info] > git show --textconv :sondeo/views.py [31ms]
2024-02-29 10:56:36.777 [info] > git ls-files --stage -- /home/daniel/Documentos/repos/django-tutorial-castellano/sondeo/views.py [7ms]
2024-02-29 10:56:36.809 [info] > git cat-file -s 789829b4b6e0ce3dc940fa6ce31d8c36df8b3322 [8ms]
2024-02-29 10:57:51.398 [info] > git show --textconv :sondeo/views.py [29ms]
2024-02-29 10:57:51.408 [info] > git ls-files --stage -- /home/daniel/Documentos/repos/django-tutorial-castellano/sondeo/views.py [12ms]
2024-02-29 10:57:51.444 [info] > git cat-file -s 789829b4b6e0ce3dc940fa6ce31d8c36df8b3322 [8ms]
2024-02-29 10:58:00.219 [info] > git show --textconv :env/lib/python3.11/site-packages/django/utils/timezone.py [39ms]
2024-02-29 10:58:00.223 [info] > git ls-files --stage -- /home/daniel/Documentos/repos/django-tutorial-castellano/env/lib/python3.11/site-packages/django/utils/timezone.py [6ms]
2024-02-29 10:58:00.359 [info] > git check-ignore -v -z --stdin [4ms]
2024-02-29 10:58:07.264 [info] > git show --textconv :sondeo/views.py [34ms]
2024-02-29 10:58:07.270 [info] > git ls-files --stage -- /home/daniel/Documentos/repos/django-tutorial-castellano/sondeo/views.py [7ms]
2024-02-29 10:58:07.307 [info] > git cat-file -s 789829b4b6e0ce3dc940fa6ce31d8c36df8b3322 [6ms]
2024-02-29 10:59:27.949 [info] > git show --textconv :env/lib/python3.11/site-packages/django/utils/timezone.py [33ms]
2024-02-29 10:59:27.957 [info] > git ls-files --stage -- /home/daniel/Documentos/repos/django-tutorial-castellano/env/lib/python3.11/site-packages/django/utils/timezone.py [9ms]
2024-02-29 11:01:45.013 [info] > git show --textconv :env/lib/python3.11/site-packages/django/utils/timezone.py [29ms]
2024-02-29 11:01:45.021 [info] > git ls-files --stage -- /home/daniel/Documentos/repos/django-tutorial-castellano/env/lib/python3.11/site-packages/django/utils/timezone.py [10ms]
2024-02-29 11:01:48.017 [info] > git show --textconv :env/lib/python3.11/site-packages/django/utils/timezone.py [39ms]
2024-02-29 11:01:48.024 [info] > git ls-files --stage -- /home/daniel/Documentos/repos/django-tutorial-castellano/env/lib/python3.11/site-packages/django/utils/timezone.py [9ms]
2024-02-29 11:01:55.805 [info] > git show --textconv :sondeo/views.py [42ms]
2024-02-29 11:01:55.809 [info] > git ls-files --stage -- /home/daniel/Documentos/repos/django-tutorial-castellano/sondeo/views.py [10ms]
2024-02-29 11:01:55.843 [info] > git cat-file -s 789829b4b6e0ce3dc940fa6ce31d8c36df8b3322 [7ms]
2024-02-29 11:07:17.625 [info] > git show --textconv :sondeo/views.py [33ms]
2024-02-29 11:07:17.633 [info] > git ls-files --stage -- /home/daniel/Documentos/repos/django-tutorial-castellano/sondeo/views.py [9ms]
2024-02-29 11:07:17.671 [info] > git cat-file -s 789829b4b6e0ce3dc940fa6ce31d8c36df8b3322 [6ms]
2024-02-29 11:09:36.372 [info] > git show --textconv :sondeo/templates/sondeo/resultados.html [29ms]
2024-02-29 11:09:36.380 [info] > git ls-files --stage -- /home/daniel/Documentos/repos/django-tutorial-castellano/sondeo/templates/sondeo/resultados.html [9ms]
2024-02-29 11:09:36.413 [info] > git cat-file -s 39040cc602e3b681db9823eaba66a21fe8827f17 [5ms]
2024-02-29 11:09:44.242 [info] > git show --textconv :sondeo/templates/sondeo/index.html [30ms]
2024-02-29 11:09:44.245 [info] > git ls-files --stage -- /home/daniel/Documentos/repos/django-tutorial-castellano/sondeo/templates/sondeo/index.html [5ms]
2024-02-29 11:09:44.265 [info] > git cat-file -s 2ee6eff965e2548461a6fa79e918387f1e06079d [3ms]
2024-02-29 11:09:44.465 [info] > git check-ignore -v -z --stdin [4ms]
2024-02-29 11:09:57.299 [info] > git check-ignore -v -z --stdin [6ms]
2024-02-29 11:10:20.673 [info] > git show --textconv :manage.py [38ms]
2024-02-29 11:10:20.685 [info] > git ls-files --stage -- /home/daniel/Documentos/repos/django-tutorial-castellano/manage.py [14ms]
2024-02-29 11:10:20.744 [info] > git cat-file -s a7da6671aab8568fe454d9e4bccdcdf661b6f7ff [19ms]
2024-02-29 11:10:29.134 [info] > git show --textconv :sondeo/views.py [29ms]
2024-02-29 11:10:29.138 [info] > git ls-files --stage -- /home/daniel/Documentos/repos/django-tutorial-castellano/sondeo/views.py [5ms]
2024-02-29 11:10:29.167 [info] > git cat-file -s 789829b4b6e0ce3dc940fa6ce31d8c36df8b3322 [5ms]
2024-02-29 11:10:44.326 [info] > git show --textconv :mysite/settings.py [35ms]
2024-02-29 11:10:44.335 [info] > git ls-files --stage -- /home/daniel/Documentos/repos/django-tutorial-castellano/mysite/settings.py [12ms]
2024-02-29 11:10:44.386 [info] > git cat-file -s b11e6b8dcfb12f8025055977e8fad20a0428fbf1 [22ms]
2024-02-29 11:11:43.796 [info] > git show --textconv :sondeo/views.py [34ms]
2024-02-29 11:11:43.802 [info] > git ls-files --stage -- /home/daniel/Documentos/repos/django-tutorial-castellano/sondeo/views.py [8ms]
2024-02-29 11:11:43.838 [info] > git cat-file -s 789829b4b6e0ce3dc940fa6ce31d8c36df8b3322 [8ms]
2024-02-29 11:13:51.195 [info] Log level: Info
2024-02-29 11:13:51.195 [info] Validating found git in: "git"
2024-02-29 11:13:51.195 [info] Using git "2.39.2" from "git"
2024-02-29 11:13:51.195 [info] > git rev-parse --show-toplevel [13ms]
2024-02-29 11:13:51.268 [info] > git rev-parse --show-toplevel [8ms]
2024-02-29 11:13:51.468 [info] > git rev-parse --show-toplevel [57ms]
2024-02-29 11:13:51.649 [info] > git rev-parse --show-toplevel [8ms]
2024-02-29 11:13:51.733 [info] > git rev-parse --show-toplevel [5ms]
2024-02-29 11:13:51.771 [info] > git rev-parse --show-toplevel [8ms]
2024-02-29 11:13:55.033 [info] > git rev-parse --show-toplevel [10ms]
2024-02-29 11:14:07.570 [info] > git rev-parse --show-toplevel [7ms]
2024-02-29 16:30:59.733 [info] > git rev-parse --show-toplevel [7ms]
2024-02-29 16:31:28.799 [info] > git rev-parse --show-toplevel [4ms]
2024-02-29 16:35:57.201 [info] > git rev-parse --show-toplevel [5ms]
2024-02-29 16:36:13.048 [info] > git rev-parse --show-toplevel [6ms]
2024-02-29 16:36:23.246 [info] > git rev-parse --show-toplevel [3ms]
2024-02-29 16:36:53.090 [info] > git rev-parse --show-toplevel [7ms]
2024-02-29 19:08:48.669 [info] Log level: Info
2024-02-29 19:08:48.669 [info] Validating found git in: "git"
2024-02-29 19:08:48.669 [info] Using git "2.39.2" from "git"
2024-02-29 19:08:48.675 [info] > git rev-parse --show-toplevel [294ms]
2024-02-29 19:08:48.786 [info] > git rev-parse --show-toplevel [12ms]
2024-02-29 19:08:49.026 [info] > git rev-parse --show-toplevel [206ms]
2024-02-29 19:08:49.162 [info] > git rev-parse --show-toplevel [85ms]
2024-02-29 19:08:49.794 [info] > git rev-parse --show-toplevel [475ms]
2024-02-29 19:08:50.085 [info] > git rev-parse --show-toplevel [29ms]
2024-02-29 19:08:50.207 [info] > git rev-parse --show-toplevel [26ms]
2024-02-29 19:08:50.317 [info] > git rev-parse --show-toplevel [22ms]
2024-02-29 19:08:50.419 [info] > git rev-parse --show-toplevel [32ms]
2024-02-29 19:08:50.501 [info] > git rev-parse --show-toplevel [9ms]
2024-02-29 19:08:50.724 [info] > git rev-parse --show-toplevel [140ms]
2024-02-29 19:08:50.789 [info] > git rev-parse --show-toplevel [6ms]
2024-02-29 19:08:50.850 [info] > git rev-parse --show-toplevel [27ms]
2024-02-29 19:08:50.918 [info] > git rev-parse --show-toplevel [5ms]
2024-02-29 19:08:50.977 [info] > git rev-parse --show-toplevel [9ms]
2024-02-29 19:08:51.037 [info] > git rev-parse --show-toplevel [14ms]
2024-02-29 19:08:51.156 [info] > git rev-parse --show-toplevel [17ms]
2024-02-29 19:08:51.247 [info] > git rev-parse --show-toplevel [16ms]
2024-02-29 19:08:51.320 [info] > git rev-parse --show-toplevel [14ms]
2024-02-29 19:08:51.397 [info] > git rev-parse --show-toplevel [31ms]
2024-02-29 19:08:51.466 [info] > git rev-parse --show-toplevel [8ms]
2024-02-29 19:08:51.542 [info] > git rev-parse --show-toplevel [16ms]
2024-02-29 19:08:51.616 [info] > git rev-parse --show-toplevel [4ms]
2024-02-29 19:08:51.677 [info] > git rev-parse --show-toplevel [25ms]
2024-02-29 19:08:51.744 [info] > git rev-parse --show-toplevel [15ms]
2024-02-29 19:08:51.810 [info] > git rev-parse --show-toplevel [6ms]
2024-02-29 19:08:51.908 [info] > git rev-parse --show-toplevel [4ms]
2024-02-29 19:08:51.994 [info] > git rev-parse --show-toplevel [28ms]
2024-02-29 19:08:52.120 [info] > git rev-parse --show-toplevel [47ms]
2024-02-29 19:08:52.238 [info] > git rev-parse --show-toplevel [32ms]
2024-02-29 19:08:52.310 [info] > git rev-parse --show-toplevel [2ms]
2024-02-29 19:08:52.404 [info] > git rev-parse --show-toplevel [6ms]
2024-02-29 19:08:52.454 [info] > git rev-parse --show-toplevel [23ms]
2024-02-29 19:08:52.580 [info] > git rev-parse --show-toplevel [20ms]
2024-02-29 19:08:52.717 [info] > git rev-parse --show-toplevel [3ms]
2024-02-29 19:08:52.770 [info] > git rev-parse --show-toplevel [14ms]
2024-02-29 19:08:52.844 [info] > git rev-parse --show-toplevel [25ms]
2024-02-29 19:08:52.905 [info] > git rev-parse --show-toplevel [26ms]
2024-02-29 19:08:52.974 [info] > git rev-parse --show-toplevel [25ms]
2024-02-29 19:08:53.054 [info] > git rev-parse --show-toplevel [27ms]
2024-02-29 19:08:53.153 [info] > git rev-parse --show-toplevel [15ms]
2024-02-29 19:08:53.242 [info] > git rev-parse --show-toplevel [15ms]
2024-02-29 19:08:53.347 [info] > git rev-parse --show-toplevel [24ms]
2024-02-29 19:08:53.448 [info] > git rev-parse --show-toplevel [28ms]
2024-02-29 19:08:53.548 [info] > git rev-parse --show-toplevel [17ms]
2024-02-29 19:08:53.613 [info] > git rev-parse --show-toplevel [6ms]
2024-02-29 19:08:53.664 [info] > git rev-parse --show-toplevel [10ms]
2024-02-29 19:08:53.702 [info] > git rev-parse --show-toplevel [6ms]
2024-02-29 19:08:53.757 [info] > git rev-parse --show-toplevel [24ms]
2024-02-29 19:08:53.810 [info] > git rev-parse --show-toplevel [2ms]
2024-02-29 19:08:53.883 [info] > git rev-parse --show-toplevel [12ms]
2024-02-29 19:08:53.964 [info] > git rev-parse --show-toplevel [13ms]
2024-02-29 19:08:54.046 [info] > git rev-parse --show-toplevel [10ms]
2024-02-29 19:11:36.287 [info] > git rev-parse --show-toplevel [5ms]
2024-02-29 19:11:59.688 [info] > git rev-parse --show-toplevel [4ms]
2024-02-29 19:12:10.516 [info] > git rev-parse --show-toplevel [6ms]
2024-02-29 19:12:27.963 [info] > git rev-parse --show-toplevel [7ms]
2024-02-29 19:12:42.146 [info] > git rev-parse --show-toplevel [11ms]
2024-02-29 19:20:39.129 [info] > git rev-parse --show-toplevel [27ms]
2024-02-29 19:20:44.389 [info] > git rev-parse --show-toplevel [12ms]
2024-02-29 19:21:01.113 [info] > git rev-parse --show-toplevel [29ms]
2024-02-29 19:21:04.447 [info] > git rev-parse --show-toplevel [9ms]
2024-02-29 19:21:06.557 [info] > git rev-parse --show-toplevel [38ms]
2024-02-29 19:21:09.159 [info] > git rev-parse --show-toplevel [15ms]
2024-02-29 19:21:12.720 [info] > git rev-parse --show-toplevel [11ms]
2024-02-29 19:21:23.885 [info] > git rev-parse --show-toplevel [18ms]
2024-02-29 19:21:27.224 [info] > git rev-parse --show-toplevel [15ms]
2024-02-29 19:24:37.499 [info] > git rev-parse --show-toplevel [8ms]
2024-02-29 19:24:37.563 [info] > git rev-parse --show-toplevel [3ms]
2024-02-29 19:25:00.569 [info] > git rev-parse --show-toplevel [7ms]
2024-02-29 19:25:00.657 [info] > git rev-parse --show-toplevel [6ms]
2024-02-29 19:25:00.690 [info] > git rev-parse --show-toplevel [3ms]
2024-02-29 19:35:12.931 [info] > git rev-parse --show-toplevel [2ms]
2024-02-29 19:35:13.012 [info] > git rev-parse --show-toplevel [7ms]
2024-02-29 19:35:13.043 [info] > git rev-parse --show-toplevel [6ms]
2024-02-29 19:35:17.186 [info] > git rev-parse --show-toplevel [5ms]
2024-02-29 19:35:17.245 [info] > git rev-parse --show-toplevel [6ms]
2024-02-29 19:35:17.276 [info] > git rev-parse --show-toplevel [3ms]
2024-02-29 19:35:22.718 [info] > git rev-parse --show-toplevel [5ms]
2024-02-29 19:40:19.929 [info] > git rev-parse --show-toplevel [16ms]
2024-02-29 19:46:34.015 [info] > git rev-parse --show-toplevel [7ms]
2024-02-29 19:46:39.782 [info] > git rev-parse --show-toplevel [5ms]
2024-02-29 19:46:44.574 [info] > git rev-parse --show-toplevel [18ms]
2024-02-29 19:47:18.238 [info] > git rev-parse --show-toplevel [22ms]
2024-02-29 19:47:33.925 [info] > git rev-parse --show-toplevel [6ms]
2024-02-29 19:47:37.702 [info] > git rev-parse --show-toplevel [21ms]
2024-02-29 19:47:44.556 [info] > git rev-parse --show-toplevel [22ms]
2024-02-29 19:48:54.748 [info] > git rev-parse --show-toplevel [13ms]
2024-02-29 19:49:24.763 [info] > git rev-parse --show-toplevel [16ms]
2024-02-29 19:49:30.146 [info] > git rev-parse --show-toplevel [15ms]
2024-02-29 19:49:31.475 [info] > git rev-parse --show-toplevel [25ms]
2024-02-29 19:50:26.063 [info] > git rev-parse --show-toplevel [15ms]
2024-02-29 19:50:38.076 [info] > git rev-parse --show-toplevel [17ms]
2024-02-29 19:50:43.722 [info] > git rev-parse --show-toplevel [25ms]
2024-02-29 19:51:03.639 [info] > git rev-parse --show-toplevel [14ms]
2024-02-29 19:54:32.808 [info] > git rev-parse --show-toplevel [19ms]
2024-02-29 19:55:02.529 [info] > git rev-parse --show-toplevel [13ms]
2024-02-29 19:56:12.743 [info] > git rev-parse --show-toplevel [26ms]
2024-02-29 19:56:16.118 [info] > git rev-parse --show-toplevel [7ms]
