2024-02-28 22:56:22.361 [info] Added views:workbench.panel.markers.view in workbench.panel.markers
2024-02-28 22:56:22.361 [info] Added views:workbench.panel.output in workbench.panel.output
2024-02-28 22:56:22.361 [info] Added views:terminal in terminal
2024-02-28 22:56:22.361 [info] Added views:outline in workbench.view.explorer
2024-02-28 22:56:22.361 [info] Added views:workbench.scm in workbench.view.scm
2024-02-28 22:56:22.361 [info] Added views:workbench.view.search in workbench.view.search
2024-02-28 22:56:22.361 [info] Added views:timeline in workbench.view.explorer
2024-02-28 22:56:22.361 [info] Added views:workbench.explorer.fileView in workbench.view.explorer
2024-02-28 22:56:23.899 [info] Added views:workbench.debug.variablesView,workbench.debug.watchExpressionsView,workbench.debug.callStackView,workbench.debug.breakPointsView in workbench.view.debug
2024-02-28 22:56:24.229 [info] Added views:~remote.forwardedPorts in ~remote.forwardedPortsContainer
2024-02-28 22:56:24.473 [info] Added views:workbench.panel.repl.view in workbench.panel.repl
2024-02-28 22:56:24.477 [info] Removed views:workbench.debug.breakPointsView,workbench.debug.callStackView,workbench.debug.watchExpressionsView,workbench.debug.variablesView from workbench.view.debug
2024-02-28 22:56:24.479 [info] Added views:workbench.debug.welcome in workbench.view.debug
2024-02-28 22:56:25.399 [info] Added views:workbench.view.testing in workbench.view.extension.test
2024-02-28 22:58:38.126 [info] Removed views:workbench.view.testing from workbench.view.extension.test
2024-02-28 22:58:42.620 [info] Added views:workbench.panel.markers.view in workbench.panel.markers
2024-02-28 22:58:42.620 [info] Added views:workbench.panel.output in workbench.panel.output
2024-02-28 22:58:42.620 [info] Added views:terminal in terminal
2024-02-28 22:58:42.620 [info] Added views:outline in workbench.view.explorer
2024-02-28 22:58:42.620 [info] Added views:workbench.scm in workbench.view.scm
2024-02-28 22:58:42.620 [info] Added views:workbench.view.search in workbench.view.search
2024-02-28 22:58:42.620 [info] Added views:timeline in workbench.view.explorer
2024-02-28 22:58:42.620 [info] Added views:workbench.explorer.fileView in workbench.view.explorer
2024-02-28 22:58:45.291 [info] Added views:workbench.debug.variablesView,workbench.debug.watchExpressionsView,workbench.debug.callStackView,workbench.debug.breakPointsView in workbench.view.debug
2024-02-28 22:58:45.540 [info] Added views:workbench.panel.repl.view in workbench.panel.repl
2024-02-28 22:58:45.546 [info] Removed views:workbench.debug.breakPointsView,workbench.debug.callStackView,workbench.debug.watchExpressionsView,workbench.debug.variablesView from workbench.view.debug
2024-02-28 22:58:45.556 [info] Added views:workbench.debug.welcome in workbench.view.debug
2024-02-28 22:58:47.402 [info] Added views:~remote.forwardedPorts in ~remote.forwardedPortsContainer
2024-02-28 22:59:47.218 [info] Added views:workbench.panel.markers.view in workbench.panel.markers
2024-02-28 22:59:47.220 [info] Added views:workbench.panel.output in workbench.panel.output
2024-02-28 22:59:47.220 [info] Added views:terminal in terminal
2024-02-28 22:59:47.220 [info] Added views:outline in workbench.view.explorer
2024-02-28 22:59:47.220 [info] Added views:workbench.scm in workbench.view.scm
2024-02-28 22:59:47.220 [info] Added views:workbench.view.search in workbench.view.search
2024-02-28 22:59:47.220 [info] Added views:timeline in workbench.view.explorer
2024-02-28 22:59:47.220 [info] Added views:workbench.explorer.fileView in workbench.view.explorer
2024-02-28 22:59:48.970 [info] Added views:workbench.debug.variablesView,workbench.debug.watchExpressionsView,workbench.debug.callStackView,workbench.debug.breakPointsView in workbench.view.debug
2024-02-28 22:59:49.379 [info] Added views:workbench.panel.repl.view in workbench.panel.repl
2024-02-28 22:59:49.383 [info] Removed views:workbench.debug.breakPointsView,workbench.debug.callStackView,workbench.debug.watchExpressionsView,workbench.debug.variablesView from workbench.view.debug
2024-02-28 22:59:49.385 [info] Added views:workbench.debug.welcome in workbench.view.debug
2024-02-28 22:59:49.554 [info] Added views:~remote.forwardedPorts in ~remote.forwardedPortsContainer
