2024-02-28 15:25:17.137 [info] (Client) Pylance async client (2024.2.2) started with python extension (2024.0.1)
2024-02-28 15:25:22.302 [info] [Info  - 15:25:22] (40650) Pylance language server 2024.2.2 (pyright version 1.1.348, commit cfb1de0c) starting
2024-02-28 15:25:22.307 [info] [Info  - 15:25:22] (40650) Server root directory: file:///home/daniel/.vscode/extensions/ms-python.vscode-pylance-2024.2.2/dist
2024-02-28 15:25:22.309 [info] [Info  - 15:25:22] (40650) Starting service instance "3_django"
2024-02-28 15:25:22.626 [info] [Info  - 15:25:22] (40650) Setting pythonPath for service "3_django": "/home/daniel/Documentos/repos/Harvard-Web-Python-Javascript/3_django/env/bin/python"
2024-02-28 15:25:22.630 [info] [Info  - 15:25:22] (40650) Setting environmentName for service "3_django": "3.11.2 (env venv)"
2024-02-28 15:25:22.802 [info] [Info  - 15:25:22] (40650) Assuming Python version 3.11
2024-02-28 15:25:23.599 [info] [Info  - 15:25:23] (40650) Auto-excluding /home/daniel/Documentos/repos/Harvard-Web-Python-Javascript/3_django/env
2024-02-28 15:25:23.697 [info] [Info  - 15:25:23] (40650) Found 29 source files
2024-02-28 15:25:25.152 [info] [Info  - 15:25:25] (40650) Background analysis(1) root directory: file:///home/daniel/.vscode/extensions/ms-python.vscode-pylance-2024.2.2/dist
2024-02-28 15:25:25.179 [info] [Info  - 15:25:25] (40650) Background analysis(1) started
2024-02-28 15:25:44.241 [info] [Info  - 15:25:44] (40650) Indexer background runner(2) root directory: file:///home/daniel/.vscode/extensions/ms-python.vscode-pylance-2024.2.2/dist (index)
2024-02-28 15:25:44.241 [info] [Info  - 15:25:44] (40650) Indexing(2) started
2024-02-28 15:25:45.918 [info] [Info  - 15:25:45] (40650) scanned(2) 33 files over 1 exec env
2024-02-28 15:25:48.531 [info] [Info  - 15:25:48] (40650) indexed(2) 23 files over 1 exec env
2024-02-28 15:25:48.745 [info] [Info  - 15:25:48] (40650) Indexing finished(2).
2024-02-28 17:52:47.333 [info] [Info  - 17:52:47] (40650) Setting pythonPath for service "3_django": "/home/daniel/Documentos/repos/Harvard-Web-Python-Javascript/3_django/env/bin/python"
2024-02-28 17:52:47.338 [info] [Info  - 17:52:47] (40650) Setting environmentName for service "3_django": "3.11.2 (env venv)"
2024-02-28 17:52:47.429 [info] [Info  - 17:52:47] (40650) Assuming Python version 3.11
2024-02-28 17:52:47.633 [info] [Info  - 17:52:47] (40650) Auto-excluding /home/daniel/Documentos/repos/Harvard-Web-Python-Javascript/3_django/env
2024-02-28 17:52:47.669 [info] [Info  - 17:52:47] (40650) Found 30 source files
2024-02-28 17:52:49.627 [info] [Info  - 17:52:49] (40650) Indexer background runner(3) root directory: file:///home/daniel/.vscode/extensions/ms-python.vscode-pylance-2024.2.2/dist (index)
2024-02-28 17:52:49.628 [info] [Info  - 17:52:49] (40650) Indexing(3) started
2024-02-28 17:52:50.910 [info] [Info  - 17:52:50] (40650) scanned(3) 33 files over 1 exec env
2024-02-28 17:52:53.020 [info] [Info  - 17:52:53] (40650) indexed(3) 23 files over 1 exec env
2024-02-28 17:52:53.174 [info] [Info  - 17:52:53] (40650) Indexing finished(3).
