1745101718.959269 client started (49569): version 3.0a, socket /tmp/tmux-1000/default, protocol 8
1745101718.959305 on Linux 5.4.0-214-generic #234-Ubuntu SMP Fri Mar 14 23:50:27 UTC 2025; libevent 2.1.11-stable (poll)
1745101718.959327 socket is /tmp/tmux-1000/default
1745101718.959342 trying connect
1745101718.959427 add peer 0x55e5f359b9e0: 6 ((nil))
1745101718.959540 sending message 100 to peer 0x55e5f359b9e0 (4 bytes)
1745101718.959555 sending message 101 to peer 0x55e5f359b9e0 (7 bytes)
1745101718.959565 sending message 102 to peer 0x55e5f359b9e0 (12 bytes)
1745101718.959574 sending message 108 to peer 0x55e5f359b9e0 (24 bytes)
1745101718.959584 sending message 104 to peer 0x55e5f359b9e0 (0 bytes)
1745101718.959593 sending message 107 to peer 0x55e5f359b9e0 (4 bytes)
1745101718.959602 sending message 105 to peer 0x55e5f359b9e0 (22 bytes)
1745101718.959612 sending message 105 to peer 0x55e5f359b9e0 (46 bytes)
1745101718.959637 sending message 105 to peer 0x55e5f359b9e0 (20 bytes)
1745101718.959648 sending message 105 to peer 0x55e5f359b9e0 (27 bytes)
1745101718.959659 sending message 105 to peer 0x55e5f359b9e0 (54 bytes)
1745101718.959669 sending message 105 to peer 0x55e5f359b9e0 (24 bytes)
1745101718.959678 sending message 105 to peer 0x55e5f359b9e0 (11 bytes)
1745101718.959687 sending message 105 to peer 0x55e5f359b9e0 (12 bytes)
1745101718.959697 sending message 105 to peer 0x55e5f359b9e0 (151 bytes)
1745101718.959707 sending message 105 to peer 0x55e5f359b9e0 (363 bytes)
1745101718.959717 sending message 105 to peer 0x55e5f359b9e0 (19 bytes)
1745101718.959725 sending message 105 to peer 0x55e5f359b9e0 (15 bytes)
1745101718.959738 sending message 105 to peer 0x55e5f359b9e0 (29 bytes)
1745101718.959748 sending message 105 to peer 0x55e5f359b9e0 (26 bytes)
1745101718.959754 sending message 105 to peer 0x55e5f359b9e0 (52 bytes)
1745101718.959760 sending message 105 to peer 0x55e5f359b9e0 (30 bytes)
1745101718.959766 sending message 105 to peer 0x55e5f359b9e0 (28 bytes)
1745101718.959772 sending message 105 to peer 0x55e5f359b9e0 (37 bytes)
1745101718.959778 sending message 105 to peer 0x55e5f359b9e0 (15 bytes)
1745101718.959784 sending message 105 to peer 0x55e5f359b9e0 (20 bytes)
1745101718.959790 sending message 105 to peer 0x55e5f359b9e0 (45 bytes)
1745101718.959796 sending message 105 to peer 0x55e5f359b9e0 (13 bytes)
1745101718.959801 sending message 105 to peer 0x55e5f359b9e0 (65 bytes)
1745101718.959807 sending message 105 to peer 0x55e5f359b9e0 (52 bytes)
1745101718.959813 sending message 105 to peer 0x55e5f359b9e0 (15 bytes)
1745101718.959819 sending message 105 to peer 0x55e5f359b9e0 (60 bytes)
1745101718.959825 sending message 105 to peer 0x55e5f359b9e0 (32 bytes)
1745101718.959835 sending message 105 to peer 0x55e5f359b9e0 (18 bytes)
1745101718.959843 sending message 105 to peer 0x55e5f359b9e0 (17 bytes)
1745101718.959851 sending message 105 to peer 0x55e5f359b9e0 (18 bytes)
1745101718.959857 sending message 105 to peer 0x55e5f359b9e0 (17 bytes)
1745101718.959863 sending message 105 to peer 0x55e5f359b9e0 (51 bytes)
1745101718.959869 sending message 105 to peer 0x55e5f359b9e0 (37 bytes)
1745101718.959875 sending message 105 to peer 0x55e5f359b9e0 (23 bytes)
1745101718.959881 sending message 105 to peer 0x55e5f359b9e0 (34 bytes)
1745101718.959888 sending message 105 to peer 0x55e5f359b9e0 (28 bytes)
1745101718.959898 sending message 105 to peer 0x55e5f359b9e0 (31 bytes)
1745101718.959907 sending message 105 to peer 0x55e5f359b9e0 (14 bytes)
1745101718.959917 sending message 105 to peer 0x55e5f359b9e0 (540 bytes)
1745101718.959927 sending message 105 to peer 0x55e5f359b9e0 (28 bytes)
1745101718.959936 sending message 105 to peer 0x55e5f359b9e0 (19 bytes)
1745101718.959945 sending message 105 to peer 0x55e5f359b9e0 (27 bytes)
1745101718.959955 sending message 105 to peer 0x55e5f359b9e0 (15 bytes)
1745101718.959964 sending message 105 to peer 0x55e5f359b9e0 (15 bytes)
1745101718.959973 sending message 105 to peer 0x55e5f359b9e0 (19 bytes)
1745101718.959983 sending message 105 to peer 0x55e5f359b9e0 (8 bytes)
1745101718.960006 sending message 105 to peer 0x55e5f359b9e0 (19 bytes)
1745101718.960015 sending message 105 to peer 0x55e5f359b9e0 (47 bytes)
1745101718.960024 sending message 105 to peer 0x55e5f359b9e0 (12 bytes)
1745101718.960033 sending message 105 to peer 0x55e5f359b9e0 (60 bytes)
1745101718.960043 sending message 105 to peer 0x55e5f359b9e0 (35 bytes)
1745101718.960052 sending message 105 to peer 0x55e5f359b9e0 (14 bytes)
1745101718.960062 sending message 105 to peer 0x55e5f359b9e0 (55 bytes)
1745101718.960071 sending message 105 to peer 0x55e5f359b9e0 (14 bytes)
1745101718.960081 sending message 105 to peer 0x55e5f359b9e0 (32 bytes)
1745101718.960090 sending message 105 to peer 0x55e5f359b9e0 (12 bytes)
1745101718.960099 sending message 105 to peer 0x55e5f359b9e0 (18 bytes)
1745101718.960109 sending message 105 to peer 0x55e5f359b9e0 (38 bytes)
1745101718.960118 sending message 105 to peer 0x55e5f359b9e0 (46 bytes)
1745101718.960127 sending message 105 to peer 0x55e5f359b9e0 (142 bytes)
1745101718.960136 sending message 105 to peer 0x55e5f359b9e0 (52 bytes)
1745101718.960144 sending message 105 to peer 0x55e5f359b9e0 (31 bytes)
1745101718.960152 sending message 105 to peer 0x55e5f359b9e0 (15 bytes)
1745101718.960161 sending message 105 to peer 0x55e5f359b9e0 (52 bytes)
1745101718.960170 sending message 105 to peer 0x55e5f359b9e0 (23 bytes)
1745101718.960178 sending message 105 to peer 0x55e5f359b9e0 (28 bytes)
1745101718.960187 sending message 105 to peer 0x55e5f359b9e0 (18 bytes)
1745101718.960196 sending message 105 to peer 0x55e5f359b9e0 (58 bytes)
1745101718.960205 sending message 105 to peer 0x55e5f359b9e0 (21 bytes)
1745101718.960214 sending message 105 to peer 0x55e5f359b9e0 (11 bytes)
1745101718.960223 sending message 105 to peer 0x55e5f359b9e0 (16 bytes)
1745101718.960231 sending message 105 to peer 0x55e5f359b9e0 (30 bytes)
1745101718.960240 sending message 105 to peer 0x55e5f359b9e0 (15 bytes)
1745101718.960249 sending message 105 to peer 0x55e5f359b9e0 (15 bytes)
1745101718.960258 sending message 105 to peer 0x55e5f359b9e0 (15 bytes)
1745101718.960266 sending message 105 to peer 0x55e5f359b9e0 (15 bytes)
1745101718.960275 sending message 105 to peer 0x55e5f359b9e0 (15 bytes)
1745101718.960284 sending message 105 to peer 0x55e5f359b9e0 (15 bytes)
1745101718.960292 sending message 106 to peer 0x55e5f359b9e0 (0 bytes)
1745101718.960301 sending message 200 to peer 0x55e5f359b9e0 (4 bytes)
1745101718.960310 client loop enter
1745101718.961124 peer 0x55e5f359b9e0 message 211
1745101718.961154 client_write: sessions should be nested with care, unset $TMUX to force\n
1745101718.961180 peer 0x55e5f359b9e0 message 203
1745101718.961194 client loop exit
