2024-02-29 10:12:21.084 [info] Added views:workbench.panel.markers.view in workbench.panel.markers
2024-02-29 10:12:21.084 [info] Added views:workbench.panel.output in workbench.panel.output
2024-02-29 10:12:21.084 [info] Added views:terminal in terminal
2024-02-29 10:12:21.084 [info] Added views:outline in workbench.view.explorer
2024-02-29 10:12:21.084 [info] Added views:workbench.scm in workbench.view.scm
2024-02-29 10:12:21.084 [info] Added views:workbench.view.search in workbench.view.search
2024-02-29 10:12:21.084 [info] Added views:timeline in workbench.view.explorer
2024-02-29 10:12:21.084 [info] Added views:workbench.explorer.fileView in workbench.view.explorer
2024-02-29 10:12:22.723 [info] Added views:workbench.debug.variablesView,workbench.debug.watchExpressionsView,workbench.debug.callStackView,workbench.debug.breakPointsView in workbench.view.debug
2024-02-29 10:12:23.044 [info] Added views:~remote.forwardedPorts in ~remote.forwardedPortsContainer
2024-02-29 10:12:23.217 [info] Added views:workbench.panel.repl.view in workbench.panel.repl
2024-02-29 10:12:23.220 [info] Removed views:workbench.debug.breakPointsView,workbench.debug.callStackView,workbench.debug.watchExpressionsView,workbench.debug.variablesView from workbench.view.debug
2024-02-29 10:12:23.222 [info] Added views:workbench.debug.welcome in workbench.view.debug
2024-02-29 10:12:24.582 [info] Added views:workbench.view.testing in workbench.view.extension.test
2024-02-29 10:38:32.376 [info] Added views:workbench.views.extensions.installed,workbench.views.extensions.popular,extensions.recommendedList in workbench.view.extensions
2024-02-29 10:38:32.385 [info] Removed views:workbench.views.extensions.popular from workbench.view.extensions
2024-02-29 10:38:33.055 [info] Removed views:extensions.recommendedList,workbench.views.extensions.installed from workbench.view.extensions
2024-02-29 10:38:33.076 [info] Added views:workbench.views.extensions.marketplace in workbench.view.extensions
2024-02-29 11:13:44.704 [info] Removed views:workbench.view.testing from workbench.view.extension.test
2024-02-29 11:13:47.714 [info] Added views:workbench.panel.markers.view in workbench.panel.markers
2024-02-29 11:13:47.714 [info] Added views:workbench.panel.output in workbench.panel.output
2024-02-29 11:13:47.714 [info] Added views:terminal in terminal
2024-02-29 11:13:47.714 [info] Added views:outline in workbench.view.explorer
2024-02-29 11:13:47.714 [info] Added views:workbench.scm in workbench.view.scm
2024-02-29 11:13:47.714 [info] Added views:workbench.view.search in workbench.view.search
2024-02-29 11:13:47.715 [info] Added views:timeline in workbench.view.explorer
2024-02-29 11:13:47.715 [info] Added views:workbench.explorer.fileView in workbench.view.explorer
2024-02-29 11:13:48.258 [info] Added views:workbench.debug.variablesView,workbench.debug.watchExpressionsView,workbench.debug.callStackView,workbench.debug.breakPointsView in workbench.view.debug
2024-02-29 11:13:49.809 [info] Added views:workbench.panel.repl.view in workbench.panel.repl
2024-02-29 11:13:49.811 [info] Removed views:workbench.debug.breakPointsView,workbench.debug.callStackView,workbench.debug.watchExpressionsView,workbench.debug.variablesView from workbench.view.debug
2024-02-29 11:13:49.814 [info] Added views:workbench.debug.welcome in workbench.view.debug
2024-02-29 11:13:50.120 [info] Added views:~remote.forwardedPorts in ~remote.forwardedPortsContainer
2024-02-29 11:13:50.960 [info] Added views:workbench.view.testing in workbench.view.extension.test
2024-02-29 19:08:42.747 [info] Removed views:workbench.view.testing from workbench.view.extension.test
2024-02-29 19:08:45.559 [info] Added views:workbench.panel.markers.view in workbench.panel.markers
2024-02-29 19:08:45.559 [info] Added views:workbench.panel.output in workbench.panel.output
2024-02-29 19:08:45.559 [info] Added views:terminal in terminal
2024-02-29 19:08:45.559 [info] Added views:outline in workbench.view.explorer
2024-02-29 19:08:45.559 [info] Added views:workbench.scm in workbench.view.scm
2024-02-29 19:08:45.559 [info] Added views:workbench.view.search in workbench.view.search
2024-02-29 19:08:45.559 [info] Added views:timeline in workbench.view.explorer
2024-02-29 19:08:45.559 [info] Added views:workbench.explorer.fileView in workbench.view.explorer
2024-02-29 19:08:47.847 [info] Added views:workbench.debug.variablesView,workbench.debug.watchExpressionsView,workbench.debug.callStackView,workbench.debug.breakPointsView in workbench.view.debug
2024-02-29 19:08:47.944 [info] Added views:workbench.panel.repl.view in workbench.panel.repl
2024-02-29 19:08:47.946 [info] Removed views:workbench.debug.breakPointsView,workbench.debug.callStackView,workbench.debug.watchExpressionsView,workbench.debug.variablesView from workbench.view.debug
2024-02-29 19:08:47.960 [info] Added views:workbench.debug.welcome in workbench.view.debug
2024-02-29 19:08:48.647 [info] Added views:~remote.forwardedPorts in ~remote.forwardedPortsContainer
2024-02-29 19:08:48.906 [info] Added views:workbench.view.testing in workbench.view.extension.test
2024-02-29 19:59:01.794 [info] Removed views:workbench.view.testing from workbench.view.extension.test
