2024-02-27 19:33:13.646 [info] Configuration changed
2024-02-27 19:33:15.116 [info] Configuration changed
2024-02-27 19:33:15.877 [info] Configuration changed
2024-02-27 19:33:16.371 [info] Configuration changed
2024-02-27 19:35:31.868 [info] /home/daniel/Documentos/repos/Harvard-Web-Python-Javascript/3_django/newyear/views.py closed
2024-02-27 19:35:31.974 [info] Active editor: file:///home/daniel/Documentos/repos/Harvard-Web-Python-Javascript/3_django/newyear/urls.py
2024-02-27 19:35:37.260 [info] /home/daniel/Documentos/repos/Harvard-Web-Python-Javascript/3_django/newyear/urls.py closed
2024-02-27 19:35:37.336 [info] Active editor: file:///home/daniel/Documentos/repos/Harvard-Web-Python-Javascript/3_django/lecture3/urls.py
2024-02-27 19:35:37.802 [info] /home/daniel/Documentos/repos/Harvard-Web-Python-Javascript/3_django/lecture3/urls.py closed
2024-02-27 19:35:37.890 [info] Active editor: file:///home/daniel/Documentos/repos/Harvard-Web-Python-Javascript/3_django/hello/templates/hello/index.html
2024-02-27 19:35:41.601 [info] Active editor: file:///home/daniel/Documentos/repos/Harvard-Web-Python-Javascript/3_django/newyear/urls.py
2024-02-27 19:35:49.537 [info] Active editor: file:///home/daniel/Documentos/repos/Harvard-Web-Python-Javascript/3_django/hello/views.py
2024-02-27 19:35:52.458 [info] Active editor: file:///home/daniel/Documentos/repos/Harvard-Web-Python-Javascript/3_django/newyear/views.py
2024-02-27 19:36:12.785 [info] Active editor: file:///home/daniel/Documentos/repos/Harvard-Web-Python-Javascript/3_django/hello/views.py
2024-02-27 19:36:14.453 [info] Active editor: file:///home/daniel/Documentos/repos/Harvard-Web-Python-Javascript/3_django/newyear/views.py
2024-02-27 19:36:29.167 [info] Active editor: file:///home/daniel/Documentos/repos/Harvard-Web-Python-Javascript/3_django/hello/views.py
2024-02-27 19:36:29.866 [info] Active editor: file:///home/daniel/Documentos/repos/Harvard-Web-Python-Javascript/3_django/newyear/views.py
2024-02-27 19:36:30.883 [info] Active editor: file:///home/daniel/Documentos/repos/Harvard-Web-Python-Javascript/3_django/newyear/urls.py
2024-02-27 19:37:51.665 [info] Active editor: vscode-userdata:/home/daniel/.config/Code/User/settings.json
2024-02-27 19:38:04.600 [info] Executing :w
2024-02-27 19:38:05.126 [info] Configuration changed
2024-02-27 19:38:26.974 [info] Executing :w
2024-02-27 19:38:27.505 [info] Configuration changed
2024-02-27 19:38:27.993 [info] /home/daniel/.config/Code/User/settings.json closed
2024-02-27 19:38:28.024 [info] Active editor: file:///home/daniel/Documentos/repos/Harvard-Web-Python-Javascript/3_django/newyear/urls.py
2024-02-27 19:38:35.132 [info] Active editor: file:///home/daniel/Documentos/repos/Harvard-Web-Python-Javascript/3_django/newyear/views.py
2024-02-27 19:40:53.182 [info] /settings/user closed
2024-02-27 19:40:53.524 [info] /settings/resourceLanguage closed
2024-02-27 19:40:53.587 [info] /ignoredSettings closed
2024-02-27 19:40:53.827 [info] /launch closed
2024-02-27 19:40:53.844 [info] /token-styling closed
2024-02-27 19:40:53.849 [info] /textmate-colors closed
2024-02-27 19:40:53.863 [info] /workbench-colors closed
2024-02-27 19:42:36.832 [info] Active editor: file:///home/daniel/Documentos/repos/Harvard-Web-Python-Javascript/3_django/newyear/templates/newyear/index.html
2024-02-27 19:43:26.576 [info] Executing :w
2024-02-27 19:43:35.389 [info] Active editor: vscode-userdata:/home/daniel/.config/Code/User/settings.json
2024-02-27 19:43:52.080 [info] Executing :w
2024-02-27 19:43:52.572 [info] Configuration changed
2024-02-27 19:43:55.780 [info] Active editor: file:///home/daniel/Documentos/repos/Harvard-Web-Python-Javascript/3_django/newyear/templates/newyear/index.html
2024-02-27 19:44:16.371 [info] Executing :w
2024-02-27 19:45:09.395 [info] Executing :w
2024-02-27 19:45:16.137 [info] Executing :w
2024-02-27 19:46:33.514 [info] Active editor: file:///home/daniel/Documentos/repos/Harvard-Web-Python-Javascript/3_django/newyear/views.py
2024-02-27 19:46:35.706 [info] /settings/user closed
2024-02-27 19:46:36.300 [info] /settings/resourceLanguage closed
2024-02-27 19:46:36.337 [info] /ignoredSettings closed
2024-02-27 19:46:36.572 [info] /launch closed
2024-02-27 19:46:36.591 [info] /token-styling closed
2024-02-27 19:46:36.595 [info] /textmate-colors closed
2024-02-27 19:46:36.612 [info] /workbench-colors closed
2024-02-27 19:48:55.128 [info] Executing :w
2024-02-27 19:49:35.855 [info] /settings/user closed
2024-02-27 19:49:36.728 [info] /settings/resourceLanguage closed
2024-02-27 19:49:36.886 [info] /ignoredSettings closed
2024-02-27 19:49:37.265 [info] /launch closed
2024-02-27 19:49:37.270 [info] /token-styling closed
2024-02-27 19:49:37.271 [info] /textmate-colors closed
2024-02-27 19:49:37.277 [info] /workbench-colors closed
2024-02-27 19:51:23.248 [info] Active editor: file:///home/daniel/Documentos/repos/Harvard-Web-Python-Javascript/3_django/newyear/static/newyear/styles.css
2024-02-27 19:51:53.947 [info] Active editor: file:///home/daniel/Documentos/repos/Harvard-Web-Python-Javascript/3_django/newyear/views.py
2024-02-27 19:51:57.668 [info] Active editor: file:///home/daniel/Documentos/repos/Harvard-Web-Python-Javascript/3_django/newyear/templates/newyear/index.html
2024-02-27 19:52:36.084 [info] /settings/user closed
2024-02-27 19:52:38.040 [info] /settings/resourceLanguage closed
2024-02-27 19:52:38.103 [info] /ignoredSettings closed
2024-02-27 19:52:38.386 [info] /launch closed
2024-02-27 19:52:38.416 [info] /token-styling closed
2024-02-27 19:52:38.452 [info] /textmate-colors closed
2024-02-27 19:52:38.523 [info] /workbench-colors closed
2024-02-27 19:54:39.297 [info] Active editor: file:///home/daniel/Documentos/repos/Harvard-Web-Python-Javascript/3_django/newyear/static/newyear/styles.css
2024-02-27 19:55:00.668 [info] Active editor: vscode-userdata:/home/daniel/.config/Code/User/settings.json
2024-02-27 19:55:36.236 [info] /settings/user closed
2024-02-27 19:55:38.281 [info] /settings/resourceLanguage closed
2024-02-27 19:55:38.623 [info] /ignoredSettings closed
2024-02-27 19:55:38.817 [info] /launch closed
2024-02-27 19:55:38.819 [info] /token-styling closed
2024-02-27 19:55:38.821 [info] /textmate-colors closed
2024-02-27 19:55:39.848 [info] /workbench-colors closed
2024-02-27 19:57:47.462 [info] Executing :w
2024-02-27 19:57:47.873 [info] Configuration changed
2024-02-27 19:58:36.391 [info] /settings/user closed
2024-02-27 19:58:38.560 [info] /settings/resourceLanguage closed
2024-02-27 19:58:38.927 [info] /ignoredSettings closed
2024-02-27 19:58:39.556 [info] /launch closed
2024-02-27 19:58:39.577 [info] /token-styling closed
2024-02-27 19:58:39.583 [info] /textmate-colors closed
2024-02-27 19:58:40.425 [info] /workbench-colors closed
2024-02-27 19:59:31.561 [info] /home/daniel/.config/Code/User/settings.json closed
2024-02-27 19:59:31.579 [info] Active editor: file:///home/daniel/Documentos/repos/Harvard-Web-Python-Javascript/3_django/newyear/static/newyear/styles.css
2024-02-27 19:59:35.908 [info] Active editor: file:///home/daniel/Documentos/repos/Harvard-Web-Python-Javascript/3_django/newyear/templates/newyear/index.html
2024-02-27 20:01:36.602 [info] /settings/user closed
2024-02-27 20:01:38.862 [info] /settings/resourceLanguage closed
2024-02-27 20:01:39.384 [info] /ignoredSettings closed
2024-02-27 20:01:40.060 [info] /launch closed
2024-02-27 20:01:40.067 [info] /token-styling closed
2024-02-27 20:01:40.073 [info] /textmate-colors closed
2024-02-27 20:01:40.865 [info] /workbench-colors closed
