2024-03-01 10:57:40.314 [info] Added views:workbench.panel.markers.view in workbench.panel.markers
2024-03-01 10:57:40.314 [info] Added views:workbench.panel.output in workbench.panel.output
2024-03-01 10:57:40.314 [info] Added views:terminal in terminal
2024-03-01 10:57:40.314 [info] Added views:outline in workbench.view.explorer
2024-03-01 10:57:40.314 [info] Added views:workbench.scm in workbench.view.scm
2024-03-01 10:57:40.314 [info] Added views:workbench.view.search in workbench.view.search
2024-03-01 10:57:40.314 [info] Added views:timeline in workbench.view.explorer
2024-03-01 10:57:40.314 [info] Added views:workbench.explorer.fileView in workbench.view.explorer
2024-03-01 10:57:41.814 [info] Added views:workbench.debug.welcome in workbench.view.debug
2024-03-01 10:57:42.933 [info] Added views:workbench.panel.repl.view in workbench.panel.repl
2024-03-01 10:57:55.414 [info] Added views:~remote.forwardedPorts in ~remote.forwardedPortsContainer
2024-03-01 10:58:07.808 [info] Added views:workbench.panel.markers.view in workbench.panel.markers
2024-03-01 10:58:07.808 [info] Added views:workbench.panel.output in workbench.panel.output
2024-03-01 10:58:07.809 [info] Added views:terminal in terminal
2024-03-01 10:58:07.809 [info] Added views:outline in workbench.view.explorer
2024-03-01 10:58:07.809 [info] Added views:workbench.scm in workbench.view.scm
2024-03-01 10:58:07.809 [info] Added views:workbench.view.search in workbench.view.search
2024-03-01 10:58:07.809 [info] Added views:timeline in workbench.view.explorer
2024-03-01 10:58:07.809 [info] Added views:workbench.explorer.fileView in workbench.view.explorer
2024-03-01 10:58:09.318 [info] Added views:workbench.debug.welcome in workbench.view.debug
2024-03-01 10:58:10.213 [info] Added views:workbench.panel.repl.view in workbench.panel.repl
2024-03-01 10:58:18.319 [info] Added views:workbench.view.testing in workbench.view.extension.test
2024-03-01 10:58:23.259 [info] Added views:~remote.forwardedPorts in ~remote.forwardedPortsContainer
2024-03-01 11:03:19.359 [info] Added views:workbench.views.extensions.installed,workbench.views.extensions.popular,extensions.recommendedList in workbench.view.extensions
2024-03-01 11:03:19.371 [info] Removed views:workbench.views.extensions.popular from workbench.view.extensions
2024-03-01 11:41:57.554 [info] Removed views:workbench.view.testing from workbench.view.extension.test
