2024-03-06 09:38:08.420 [info] Started local extension host with pid 21141.
2024-03-06 09:38:13.373 [info] [perf] Render performance baseline is 193ms
2024-03-06 09:50:13.885 [error] Error while searching for themes: Canceled
2024-03-06 09:50:18.047 [error] Error while searching for themes: Canceled
2024-03-06 09:50:18.497 [error] Error while searching for themes: Canceled
2024-03-06 09:50:18.830 [error] Error while searching for themes: Canceled
2024-03-06 09:50:42.023 [error] Error while searching for themes: Canceled
2024-03-06 09:51:12.926 [error] Error while searching for themes: Canceled
2024-03-06 09:51:13.058 [error] Error while searching for themes: Canceled
2024-03-06 09:51:15.634 [error] Error while searching for themes: Canceled
2024-03-06 09:52:09.020 [error] Error while searching for themes: Canceled
2024-03-06 09:52:09.309 [error] Error while searching for themes: Canceled
2024-03-06 09:52:10.239 [error] Error while searching for themes: Canceled
2024-03-06 09:52:11.702 [error] Error while searching for themes: Canceled
2024-03-06 09:52:18.193 [error] Error while searching for themes: Canceled
2024-03-06 09:53:08.617 [error] Error while searching for themes: Canceled
2024-03-06 09:53:08.934 [error] Error while searching for themes: Canceled
2024-03-06 09:53:17.261 [error] Error while searching for themes: Canceled
2024-03-06 09:53:18.204 [error] Error while searching for themes: Canceled
2024-03-06 09:53:22.401 [error] Error while searching for themes: Canceled
2024-03-06 09:53:30.876 [error] Error while searching for themes: Canceled
2024-03-06 09:53:31.239 [error] Error while searching for themes: Canceled
2024-03-06 09:53:49.650 [error] Error while searching for themes: Canceled
2024-03-06 09:53:50.050 [error] Error while searching for themes: Canceled
2024-03-06 09:54:22.827 [error] Error while searching for themes: Canceled
2024-03-06 09:54:23.183 [error] Error while searching for themes: Canceled
2024-03-06 09:54:32.526 [error] Error while searching for themes: Canceled
2024-03-06 09:54:32.999 [error] Error while searching for themes: Canceled
2024-03-06 09:54:45.865 [error] Error while searching for themes: Canceled
2024-03-06 09:54:46.932 [error] Error while searching for themes: Canceled
2024-03-06 09:54:53.768 [error] Error while searching for themes: Canceled
2024-03-06 09:55:17.720 [error] Error while searching for themes: Canceled
2024-03-06 09:55:18.129 [error] Error while searching for themes: Canceled
2024-03-06 09:55:18.776 [error] Error while searching for themes: Canceled
2024-03-06 09:55:24.895 [error] Error while searching for themes: Canceled
2024-03-06 09:55:25.397 [error] Error while searching for themes: Canceled
2024-03-06 09:55:25.819 [error] Error while searching for themes: Canceled
2024-03-06 09:55:27.395 [error] Error while searching for themes: Canceled
2024-03-06 09:55:27.957 [error] Error while searching for themes: Canceled
2024-03-06 09:56:02.132 [error] Error while searching for themes: Canceled
2024-03-06 09:56:02.818 [error] Error while searching for themes: Canceled
2024-03-06 09:56:05.782 [error] Error while searching for themes: Canceled
2024-03-06 09:56:11.603 [error] Error while searching for themes: Canceled
2024-03-06 09:56:21.128 [error] Error while searching for themes: Canceled
2024-03-06 09:56:22.165 [error] Error while searching for themes: Canceled
2024-03-06 09:56:22.714 [error] Error while searching for themes: Canceled
2024-03-06 09:56:23.103 [error] Error while searching for themes: Canceled
2024-03-06 09:56:23.351 [error] Error while searching for themes: Canceled
2024-03-06 09:56:37.938 [error] Error while searching for themes: Canceled
2024-03-06 09:56:38.260 [error] Error while searching for themes: Canceled
2024-03-06 09:57:07.067 [error] Error while searching for themes: Canceled
2024-03-06 09:57:07.808 [error] Error while searching for themes: Canceled
2024-03-06 10:10:21.252 [error] Error while searching for themes: Canceled
2024-03-06 10:11:15.161 [error] Error while searching for themes: Canceled
2024-03-06 10:11:15.693 [error] Error while searching for themes: Canceled
2024-03-06 10:11:38.695 [error] Error while searching for themes: Canceled
2024-03-06 10:11:39.415 [error] Error while searching for themes: Canceled
2024-03-06 10:13:15.422 [error] Error while searching for themes: Canceled
2024-03-06 10:13:15.927 [error] Error while searching for themes: Canceled
2024-03-06 10:13:16.369 [error] Error while searching for themes: Canceled
2024-03-06 10:13:20.912 [error] Error while searching for themes: Canceled
2024-03-06 10:13:21.749 [error] Error while searching for themes: Canceled
2024-03-06 10:13:38.755 [error] Unable to load https://emanuelebartolesi.vscode-unpkg.net/emanuelebartolesi/retro-wave-junkie/1.1.0/extension/themes/Retro%20Wave%20Junkie-color-theme.json: Problems loading tmTheme file https://emanuelebartolesi.vscode-unpkg.net/emanuelebartolesi/retro-wave-junkie/1.1.0/extension/themes/RetroWaveJunkie.tmtheme: Server returned 404: Error: Unable to load https://emanuelebartolesi.vscode-unpkg.net/emanuelebartolesi/retro-wave-junkie/1.1.0/extension/themes/Retro%20Wave%20Junkie-color-theme.json: Problems loading tmTheme file https://emanuelebartolesi.vscode-unpkg.net/emanuelebartolesi/retro-wave-junkie/1.1.0/extension/themes/RetroWaveJunkie.tmtheme: Server returned 404
    at ce.N (vscode-file://vscode-app/usr/share/code/resources/app/out/vs/workbench/workbench.desktop.main.js:2020:27561)
2024-03-06 10:13:54.975 [error] Error while searching for themes: Canceled
2024-03-06 10:13:55.368 [error] Error while searching for themes: Canceled
2024-03-06 10:13:55.674 [error] Error while searching for themes: Canceled
2024-03-06 10:14:00.449 [error] Error while searching for themes: Canceled
2024-03-06 10:14:19.899 [error] Unable to load https://abandonliutaotao.vscode-unpkg.net/AbandonLiutaotao/taotao-color-theme/0.1.3/extension/themes/taotao-color-theme.json: Problems parsing JSON theme file: Invalid symbol: Error: Unable to load https://abandonliutaotao.vscode-unpkg.net/AbandonLiutaotao/taotao-color-theme/0.1.3/extension/themes/taotao-color-theme.json: Problems parsing JSON theme file: Invalid symbol
    at ce.N (vscode-file://vscode-app/usr/share/code/resources/app/out/vs/workbench/workbench.desktop.main.js:2020:27561)
2024-03-06 10:14:33.554 [error] Error while searching for themes: Canceled
2024-03-06 10:16:42.833 [error] Error while searching for themes: Canceled
2024-03-06 10:16:45.857 [error] Error while searching for themes: Canceled
2024-03-06 10:16:46.435 [error] Error while searching for themes: Canceled
2024-03-06 10:16:47.161 [error] Error while searching for themes: Canceled
2024-03-06 10:17:11.040 [error] Cancelled: Canceled
    at re.B (vscode-file://vscode-app/usr/share/code/resources/app/out/vs/workbench/workbench.desktop.main.js:782:32466)
    at async re.z (vscode-file://vscode-app/usr/share/code/resources/app/out/vs/workbench/workbench.desktop.main.js:782:29361)
    at async re.getExtensions (vscode-file://vscode-app/usr/share/code/resources/app/out/vs/workbench/workbench.desktop.main.js:782:26345)
    at async oe.getExtensions (vscode-file://vscode-app/usr/share/code/resources/app/out/vs/workbench/workbench.desktop.main.js:2741:12374)
    at async ge.Ec (vscode-file://vscode-app/usr/share/code/resources/app/out/vs/workbench/workbench.desktop.main.js:2677:24452)
    at async ge.Nc (vscode-file://vscode-app/usr/share/code/resources/app/out/vs/workbench/workbench.desktop.main.js:2677:27116)
    at async ge.lc (vscode-file://vscode-app/usr/share/code/resources/app/out/vs/workbench/workbench.desktop.main.js:2677:14478)
    at async vscode-file://vscode-app/usr/share/code/resources/app/out/vs/workbench/workbench.desktop.main.js:2677:12777
