2024-03-05 19:37:11.389 [error] [uncaught exception in sharedProcess]: Event not found: onDidChange: CodeExpectedError: Event not found: onDidChange
    at Object.listen (/usr/share/code/resources/app/out/vs/code/node/sharedProcess/sharedProcessMain.js:45:4959)
    at E.t (/usr/share/code/resources/app/out/vs/code/node/sharedProcess/sharedProcessMain.js:44:251)
    at E.q (/usr/share/code/resources/app/out/vs/code/node/sharedProcess/sharedProcessMain.js:43:4371)
    at w.value (/usr/share/code/resources/app/out/vs/code/node/sharedProcess/sharedProcessMain.js:43:3602)
    at d.y (/usr/share/code/resources/app/out/vs/code/node/sharedProcess/sharedProcessMain.js:38:1902)
    at d.z (/usr/share/code/resources/app/out/vs/code/node/sharedProcess/sharedProcessMain.js:38:1972)
    at d.fire (/usr/share/code/resources/app/out/vs/code/node/sharedProcess/sharedProcessMain.js:38:2188)
    at MessagePortMain.de (/usr/share/code/resources/app/out/vs/code/node/sharedProcess/sharedProcessMain.js:36:30422)
    at MessagePortMain.emit (node:events:514:28)
    at Object.emit (node:electron/js2c/utility_init:2:2285)
2024-03-05 19:37:11.763 [info] Getting Manifest... ms-python.vscode-pylance
2024-03-05 19:37:11.849 [info] Installing extension: ms-python.vscode-pylance
2024-03-05 19:37:12.971 [info] Getting Manifest... ms-python.python
2024-03-05 19:37:21.594 [info] Extension signature is verified: ms-python.vscode-pylance
2024-03-05 19:37:40.153 [info] Extracted extension to file:///home/daniel/.vscode/extensions/ms-python.vscode-pylance-2024.2.3: ms-python.vscode-pylance
2024-03-05 19:37:40.170 [info] Renamed to /home/daniel/.vscode/extensions/ms-python.vscode-pylance-2024.2.3
2024-03-05 19:37:40.182 [info] Extracting extension completed. ms-python.vscode-pylance
2024-03-05 19:37:40.212 [info] Extension installed successfully: ms-python.vscode-pylance
2024-03-05 19:37:40.230 [info] Marked extension as uninstalled ms-python.vscode-pylance-2024.2.2
2024-03-05 19:37:40.296 [error] [uncaught exception in sharedProcess]: Error: ENOENT: no such file or directory, stat '/home/daniel/.vscode/extensions/extensions.json.vsctmp': EntryNotFound (FileSystemError): Error: ENOENT: no such file or directory, stat '/home/daniel/.vscode/extensions/extensions.json.vsctmp'
    at r.create (/usr/share/code/resources/app/out/vs/code/node/sharedProcess/sharedProcessMain.js:51:30119)
    at a (/usr/share/code/resources/app/out/vs/code/node/sharedProcess/sharedProcessMain.js:51:30234)
    at i.fb (/usr/share/code/resources/app/out/vs/code/node/sharedProcess/sharedProcessMain.js:56:36631)
    at i.stat (/usr/share/code/resources/app/out/vs/code/node/sharedProcess/sharedProcessMain.js:56:29077)
    at async v.stat (/usr/share/code/resources/app/out/vs/code/node/sharedProcess/sharedProcessMain.js:56:16223)
    at async Y.tb (/usr/share/code/resources/app/out/vs/code/node/sharedProcess/sharedProcessMain.js:102:108626)
2024-03-05 19:48:30.787 [info] Getting Manifest... raillyhugo.one-hunter
2024-03-05 19:48:30.816 [info] Installing extension: raillyhugo.one-hunter
2024-03-05 19:48:40.419 [info] Extension signature is verified: raillyhugo.one-hunter
2024-03-05 19:48:41.536 [info] Extracted extension to file:///home/daniel/.vscode/extensions/raillyhugo.one-hunter-1.3.1: raillyhugo.one-hunter
2024-03-05 19:48:41.546 [info] Renamed to /home/daniel/.vscode/extensions/raillyhugo.one-hunter-1.3.1
2024-03-05 19:48:41.598 [info] Extracting extension completed. raillyhugo.one-hunter
2024-03-05 19:48:41.637 [info] Extension installed successfully: raillyhugo.one-hunter
2024-03-05 19:48:41.719 [error] [uncaught exception in sharedProcess]: Error: ENOENT: no such file or directory, stat '/home/daniel/.vscode/extensions/extensions.json.vsctmp': EntryNotFound (FileSystemError): Error: ENOENT: no such file or directory, stat '/home/daniel/.vscode/extensions/extensions.json.vsctmp'
    at r.create (/usr/share/code/resources/app/out/vs/code/node/sharedProcess/sharedProcessMain.js:51:30119)
    at a (/usr/share/code/resources/app/out/vs/code/node/sharedProcess/sharedProcessMain.js:51:30234)
    at i.fb (/usr/share/code/resources/app/out/vs/code/node/sharedProcess/sharedProcessMain.js:56:36631)
    at i.stat (/usr/share/code/resources/app/out/vs/code/node/sharedProcess/sharedProcessMain.js:56:29077)
    at async v.stat (/usr/share/code/resources/app/out/vs/code/node/sharedProcess/sharedProcessMain.js:56:16223)
    at async Y.tb (/usr/share/code/resources/app/out/vs/code/node/sharedProcess/sharedProcessMain.js:102:108626)
2024-03-05 19:49:36.420 [info] Uninstalling extension from the profile: shwuy.zhxo-themes@1.0.3 vscode-userdata:/home/daniel/.vscode/extensions/extensions.json
2024-03-05 19:49:36.514 [info] Marked extension as uninstalled shwuy.zhxo-themes-1.0.3
2024-03-05 19:49:36.576 [error] [uncaught exception in sharedProcess]: Error: ENOENT: no such file or directory, stat '/home/daniel/.vscode/extensions/extensions.json.vsctmp': EntryNotFound (FileSystemError): Error: ENOENT: no such file or directory, stat '/home/daniel/.vscode/extensions/extensions.json.vsctmp'
    at r.create (/usr/share/code/resources/app/out/vs/code/node/sharedProcess/sharedProcessMain.js:51:30119)
    at a (/usr/share/code/resources/app/out/vs/code/node/sharedProcess/sharedProcessMain.js:51:30234)
    at i.fb (/usr/share/code/resources/app/out/vs/code/node/sharedProcess/sharedProcessMain.js:56:36631)
    at i.stat (/usr/share/code/resources/app/out/vs/code/node/sharedProcess/sharedProcessMain.js:56:29077)
    at async v.stat (/usr/share/code/resources/app/out/vs/code/node/sharedProcess/sharedProcessMain.js:56:16223)
    at async Y.tb (/usr/share/code/resources/app/out/vs/code/node/sharedProcess/sharedProcessMain.js:102:108626)
2024-03-05 19:49:36.863 [info] Successfully uninstalled extension from the profile shwuy.zhxo-themes@1.0.3 vscode-userdata:/home/daniel/.vscode/extensions/extensions.json
