2024-02-29 10:12:26.141 [info] Name: Black Formatter
2024-02-29 10:12:26.141 [info] Module: black
2024-02-29 10:12:26.141 [info] Default formatter is set to esbenp.prettier-vscode for workspace /home/daniel/Documentos/repos/django-tutorial-castellano
2024-02-29 10:12:26.141 [warning] Black Formatter is NOT set as the default formatter for workspace /home/daniel/Documentos/repos/django-tutorial-castellano
2024-02-29 10:12:26.141 [warning] To set Black Formatter as the default formatter, add the following to your settings.json file:
2024-02-29 10:12:26.141 [warning] 
"[python]": {
    "editor.defaultFormatter": "ms-python.black-formatter"
}
2024-02-29 10:12:26.141 [info] Python extension loading
2024-02-29 10:12:26.141 [info] Waiting for interpreter from python extension.
2024-02-29 10:12:26.774 [info] No interpreter found from setting black-formatter.interpreter
2024-02-29 10:12:26.774 [info] Getting interpreter from ms-python.python extension for workspace /home/daniel/Documentos/repos/django-tutorial-castellano
2024-02-29 10:12:26.785 [info] Python extension loaded
2024-02-29 10:12:26.790 [info] Interpreter from ms-python.python extension for /home/daniel/Documentos/repos/django-tutorial-castellano: /home/daniel/Documentos/repos/django-tutorial-castellano/env/bin/python
2024-02-29 10:12:26.791 [info] No interpreter found from setting black-formatter.interpreter
2024-02-29 10:12:26.791 [info] Getting interpreter from ms-python.python extension for workspace /home/daniel/Documentos/repos/django-tutorial-castellano
2024-02-29 10:12:26.798 [info] Interpreter from ms-python.python extension for /home/daniel/Documentos/repos/django-tutorial-castellano: /home/daniel/Documentos/repos/django-tutorial-castellano/env/bin/python
2024-02-29 10:12:26.856 [info] Server run command: /home/daniel/Documentos/repos/django-tutorial-castellano/env/bin/python /home/daniel/.vscode/extensions/ms-python.black-formatter-2024.0.1/bundled/tool/lsp_server.py
2024-02-29 10:12:26.863 [info] Server: Start requested.
2024-02-29 10:12:31.083 [info] CWD Server: /home/daniel/Documentos/repos/django-tutorial-castellano
2024-02-29 10:12:31.108 [info] /home/daniel/Documentos/repos/django-tutorial-castellano/env/bin/python -m black --version
2024-02-29 10:12:31.109 [info] CWD formatter: /home/daniel/Documentos/repos/django-tutorial-castellano
2024-02-29 10:12:31.740 [info] Version info for formatter running for /home/daniel/Documentos/repos/django-tutorial-castellano:
black, 24.2.0 (compiled: no)
Python (CPython) 3.11.2

2024-02-29 10:12:31.741 [info] SUPPORTED black>=22.3.0
FOUND black==24.2.0

2024-02-29 10:12:31.741 [info] Settings used to run Server:
[
    {
        "cwd": "/home/daniel/Documentos/repos/django-tutorial-castellano",
        "workspace": "file:///home/daniel/Documentos/repos/django-tutorial-castellano",
        "args": [],
        "path": [],
        "interpreter": [
            "/home/daniel/Documentos/repos/django-tutorial-castellano/env/bin/python"
        ],
        "importStrategy": "useBundled",
        "showNotifications": "off"
    }
]

2024-02-29 10:12:31.741 [info] Global settings:
{
    "cwd": "/home/daniel/Documentos/repos/django-tutorial-castellano",
    "workspace": "/home/daniel/Documentos/repos/django-tutorial-castellano",
    "args": [],
    "path": [],
    "interpreter": [],
    "importStrategy": "useBundled",
    "showNotifications": "off"
}

2024-02-29 10:12:31.741 [info] sys.path used to run Server:
   /home/daniel/.vscode/extensions/ms-python.black-formatter-2024.0.1/bundled/libs
   /home/daniel/.vscode/extensions/ms-python.black-formatter-2024.0.1/bundled/tool
   /usr/lib/python311.zip
   /usr/lib/python3.11
   /usr/lib/python3.11/lib-dynload
   /home/daniel/Documentos/repos/django-tutorial-castellano/env/lib/python3.11/site-packages
2024-02-29 10:12:40.417 [info] [Trace - 10:12:40] Sending notification 'textDocument/didOpen'.
2024-02-29 10:13:05.781 [info] [Trace - 10:13:05] Sending notification 'textDocument/didOpen'.
2024-02-29 10:13:18.948 [info] [Trace - 10:13:18] Sending notification 'textDocument/didOpen'.
2024-02-29 10:13:26.656 [info] [Trace - 10:13:26] Sending notification 'textDocument/didOpen'.
2024-02-29 10:14:17.261 [info] [Trace - 10:14:17] Sending notification 'textDocument/didOpen'.
2024-02-29 10:16:46.229 [info] [Trace - 10:16:46] Sending notification 'textDocument/didOpen'.
2024-02-29 10:16:52.390 [info] [Trace - 10:16:52] Sending notification 'textDocument/didOpen'.
2024-02-29 11:13:52.352 [info] Name: Black Formatter
2024-02-29 11:13:52.352 [info] Module: black
2024-02-29 11:13:52.352 [info] Default formatter is set to esbenp.prettier-vscode for workspace /home/daniel/Documentos/repos/Harvard-Web-Python-Javascript/Projects/wiki
2024-02-29 11:13:52.352 [warning] Black Formatter is NOT set as the default formatter for workspace /home/daniel/Documentos/repos/Harvard-Web-Python-Javascript/Projects/wiki
2024-02-29 11:13:52.352 [warning] To set Black Formatter as the default formatter, add the following to your settings.json file:
2024-02-29 11:13:52.352 [warning] 
"[python]": {
    "editor.defaultFormatter": "ms-python.black-formatter"
}
2024-02-29 11:13:52.352 [info] Python extension loading
2024-02-29 11:13:52.352 [info] Waiting for interpreter from python extension.
2024-02-29 11:13:52.352 [info] No interpreter found from setting black-formatter.interpreter
2024-02-29 11:13:52.352 [info] Getting interpreter from ms-python.python extension for workspace /home/daniel/Documentos/repos/Harvard-Web-Python-Javascript/Projects/wiki
2024-02-29 11:13:52.352 [info] Python extension loaded
2024-02-29 11:13:52.352 [info] Interpreter from ms-python.python extension for /home/daniel/Documentos/repos/Harvard-Web-Python-Javascript/Projects/wiki: /home/daniel/Documentos/repos/django-tutorial-castellano/env/bin/python
2024-02-29 11:13:52.352 [info] No interpreter found from setting black-formatter.interpreter
2024-02-29 11:13:52.352 [info] Getting interpreter from ms-python.python extension for workspace /home/daniel/Documentos/repos/Harvard-Web-Python-Javascript/Projects/wiki
2024-02-29 11:13:52.352 [info] Interpreter from ms-python.python extension for /home/daniel/Documentos/repos/Harvard-Web-Python-Javascript/Projects/wiki: /home/daniel/Documentos/repos/django-tutorial-castellano/env/bin/python
2024-02-29 11:13:52.352 [info] Server run command: /home/daniel/Documentos/repos/django-tutorial-castellano/env/bin/python /home/daniel/.vscode/extensions/ms-python.black-formatter-2024.0.1/bundled/tool/lsp_server.py
2024-02-29 11:13:52.352 [info] Server: Start requested.
2024-02-29 11:13:55.611 [info] CWD Server: /home/daniel/Documentos/repos/Harvard-Web-Python-Javascript/Projects/wiki
2024-02-29 11:13:55.616 [info] /home/daniel/Documentos/repos/django-tutorial-castellano/env/bin/python -m black --version
2024-02-29 11:13:55.617 [info] CWD formatter: /home/daniel/Documentos/repos/Harvard-Web-Python-Javascript/Projects/wiki
2024-02-29 11:13:56.009 [info] Version info for formatter running for /home/daniel/Documentos/repos/Harvard-Web-Python-Javascript/Projects/wiki:
black, 24.2.0 (compiled: no)
Python (CPython) 3.11.2

2024-02-29 11:13:56.009 [info] SUPPORTED black>=22.3.0
FOUND black==24.2.0

2024-02-29 11:13:56.009 [info] Settings used to run Server:
[
    {
        "cwd": "/home/daniel/Documentos/repos/Harvard-Web-Python-Javascript/Projects/wiki",
        "workspace": "file:///home/daniel/Documentos/repos/Harvard-Web-Python-Javascript/Projects/wiki",
        "args": [],
        "path": [],
        "interpreter": [
            "/home/daniel/Documentos/repos/django-tutorial-castellano/env/bin/python"
        ],
        "importStrategy": "useBundled",
        "showNotifications": "off"
    }
]

2024-02-29 11:13:56.009 [info] Global settings:
{
    "cwd": "/home/daniel/Documentos/repos/django-tutorial-castellano",
    "workspace": "/home/daniel/Documentos/repos/django-tutorial-castellano",
    "args": [],
    "path": [],
    "interpreter": [],
    "importStrategy": "useBundled",
    "showNotifications": "off"
}

2024-02-29 11:13:56.009 [info] sys.path used to run Server:
   /home/daniel/.vscode/extensions/ms-python.black-formatter-2024.0.1/bundled/libs
   /home/daniel/.vscode/extensions/ms-python.black-formatter-2024.0.1/bundled/tool
   /usr/lib/python311.zip
   /usr/lib/python3.11
   /usr/lib/python3.11/lib-dynload
   /home/daniel/Documentos/repos/django-tutorial-castellano/env/lib/python3.11/site-packages
2024-02-29 11:14:07.423 [info] [Trace - 11:14:07] Sending notification 'textDocument/didOpen'.
2024-02-29 16:30:59.676 [info] [Trace - 16:30:59] Sending notification 'textDocument/didOpen'.
2024-02-29 16:31:28.737 [info] [Trace - 16:31:28] Sending notification 'textDocument/didOpen'.
2024-02-29 16:35:57.119 [info] [Trace - 16:35:57] Sending notification 'textDocument/didOpen'.
2024-02-29 19:08:42.774 [info] [Trace - 19:08:42] Sending request 'shutdown - (1)'.
2024-02-29 19:08:42.803 [info] [Trace - 19:08:42] Received response 'shutdown - (1)' in 45ms.
2024-02-29 19:08:42.804 [info] [Trace - 19:08:42] Sending notification 'exit'.
2024-02-29 19:08:50.069 [info] Name: Black Formatter
2024-02-29 19:08:50.069 [info] Module: black
2024-02-29 19:08:50.069 [info] Default formatter is set to esbenp.prettier-vscode for workspace /home/daniel/Documentos/repos/retos-programacion-2023/Retos
2024-02-29 19:08:50.069 [warning] Black Formatter is NOT set as the default formatter for workspace /home/daniel/Documentos/repos/retos-programacion-2023/Retos
2024-02-29 19:08:50.069 [warning] To set Black Formatter as the default formatter, add the following to your settings.json file:
2024-02-29 19:08:50.069 [warning] 
"[python]": {
    "editor.defaultFormatter": "ms-python.black-formatter"
}
2024-02-29 19:08:50.069 [info] Python extension loading
2024-02-29 19:08:50.069 [info] Waiting for interpreter from python extension.
2024-02-29 19:08:50.069 [info] No interpreter found from setting black-formatter.interpreter
2024-02-29 19:08:50.069 [info] Getting interpreter from ms-python.python extension for workspace /home/daniel/Documentos/repos/retos-programacion-2023/Retos
2024-02-29 19:08:50.069 [info] Python extension loaded
2024-02-29 19:08:50.069 [info] Interpreter from ms-python.python extension for /home/daniel/Documentos/repos/retos-programacion-2023/Retos: /home/daniel/Documentos/repos/django-tutorial-castellano/env/bin/python
2024-02-29 19:08:50.069 [info] No interpreter found from setting black-formatter.interpreter
2024-02-29 19:08:50.069 [info] Getting interpreter from ms-python.python extension for workspace /home/daniel/Documentos/repos/retos-programacion-2023/Retos
2024-02-29 19:08:50.069 [info] Interpreter from ms-python.python extension for /home/daniel/Documentos/repos/retos-programacion-2023/Retos: /home/daniel/Documentos/repos/django-tutorial-castellano/env/bin/python
2024-02-29 19:08:50.069 [info] Server run command: /home/daniel/Documentos/repos/django-tutorial-castellano/env/bin/python /home/daniel/.vscode/extensions/ms-python.black-formatter-2024.0.1/bundled/tool/lsp_server.py
2024-02-29 19:08:50.069 [info] Server: Start requested.
2024-02-29 19:08:54.930 [info] CWD Server: /home/daniel/Documentos/repos/retos-programacion-2023/Retos
2024-02-29 19:08:54.939 [info] /home/daniel/Documentos/repos/django-tutorial-castellano/env/bin/python -m black --version
2024-02-29 19:08:54.940 [info] CWD formatter: /home/daniel/Documentos/repos/retos-programacion-2023/Retos
2024-02-29 19:08:55.361 [info] Version info for formatter running for /home/daniel/Documentos/repos/retos-programacion-2023/Retos:
black, 24.2.0 (compiled: no)
Python (CPython) 3.11.2

2024-02-29 19:08:55.365 [info] SUPPORTED black>=22.3.0
FOUND black==24.2.0

2024-02-29 19:08:55.366 [info] Settings used to run Server:
[
    {
        "cwd": "/home/daniel/Documentos/repos/retos-programacion-2023/Retos",
        "workspace": "file:///home/daniel/Documentos/repos/retos-programacion-2023/Retos",
        "args": [],
        "path": [],
        "interpreter": [
            "/home/daniel/Documentos/repos/django-tutorial-castellano/env/bin/python"
        ],
        "importStrategy": "useBundled",
        "showNotifications": "off"
    }
]

2024-02-29 19:08:55.368 [info] Global settings:
{
    "cwd": "/home/daniel/Documentos/repos/django-tutorial-castellano",
    "workspace": "/home/daniel/Documentos/repos/django-tutorial-castellano",
    "args": [],
    "path": [],
    "interpreter": [],
    "importStrategy": "useBundled",
    "showNotifications": "off"
}

2024-02-29 19:08:55.368 [info] sys.path used to run Server:
   /home/daniel/.vscode/extensions/ms-python.black-formatter-2024.0.1/bundled/libs
   /home/daniel/.vscode/extensions/ms-python.black-formatter-2024.0.1/bundled/tool
   /usr/lib/python311.zip
   /usr/lib/python3.11
   /usr/lib/python3.11/lib-dynload
   /home/daniel/Documentos/repos/django-tutorial-castellano/env/lib/python3.11/site-packages
2024-02-29 19:25:00.592 [info] [Trace - 19:25:00] Sending notification 'textDocument/didOpen'.
2024-02-29 19:36:11.683 [info] [Trace - 19:36:11] Sending notification 'textDocument/didChange'.
2024-02-29 19:36:12.434 [info] [Trace - 19:36:12] Sending notification 'textDocument/didChange'.
2024-02-29 19:36:12.858 [info] [Trace - 19:36:12] Sending notification 'textDocument/didChange'.
2024-02-29 19:36:12.960 [info] [Trace - 19:36:12] Sending notification 'textDocument/didChange'.
2024-02-29 19:36:13.081 [info] [Trace - 19:36:13] Sending notification 'textDocument/didChange'.
2024-02-29 19:36:13.237 [info] [Trace - 19:36:13] Sending notification 'textDocument/didChange'.
2024-02-29 19:36:14.558 [info] [Trace - 19:36:14] Sending notification 'textDocument/didChange'.
2024-02-29 19:36:17.208 [info] [Trace - 19:36:17] Sending notification 'textDocument/didChange'.
2024-02-29 19:36:17.751 [info] [Trace - 19:36:17] Sending notification 'textDocument/didChange'.
2024-02-29 19:36:18.132 [info] [Trace - 19:36:18] Sending notification 'textDocument/didChange'.
2024-02-29 19:36:18.294 [info] [Trace - 19:36:18] Sending notification 'textDocument/didChange'.
2024-02-29 19:36:18.433 [info] [Trace - 19:36:18] Sending notification 'textDocument/didChange'.
2024-02-29 19:36:18.952 [info] [Trace - 19:36:18] Sending notification 'textDocument/didChange'.
