2024-02-28 15:25:09.705 [info] Extension host with pid 40192 started
2024-02-28 15:25:09.705 [info] Skipping acquiring lock for /home/daniel/.config/Code/User/workspaceStorage/b7824dbba706c00aabb4b00582f4e996.
2024-02-28 15:25:10.081 [info] ExtensionService#_doActivateExtension vscode.emmet, startup: false, activationEvent: 'onLanguage'
2024-02-28 15:25:10.310 [info] ExtensionService#_doActivateExtension vscode.git-base, startup: true, activationEvent: '*', root cause: vscode.git
2024-02-28 15:25:10.323 [info] ExtensionService#_doActivateExtension ms-python.python, startup: true, activationEvent: 'workspaceContains:requirements.txt'
2024-02-28 15:25:10.649 [info] ExtensionService#_doActivateExtension batisteo.vscode-django, startup: false, activationEvent: 'onLanguage:django-html'
2024-02-28 15:25:10.825 [info] ExtensionService#_doActivateExtension vscode.git, startup: true, activationEvent: '*'
2024-02-28 15:25:10.958 [info] ExtensionService#_doActivateExtension vscode.github, startup: true, activationEvent: '*'
2024-02-28 15:25:12.160 [info] ExtensionService#_doActivateExtension ms-python.black-formatter, startup: true, activationEvent: 'workspaceContains:*.py'
2024-02-28 15:25:13.016 [info] Eager extensions activated
2024-02-28 15:25:14.341 [info] ExtensionService#_doActivateExtension vscode.debug-auto-launch, startup: false, activationEvent: 'onStartupFinished'
2024-02-28 15:25:14.363 [info] ExtensionService#_doActivateExtension vscode.merge-conflict, startup: false, activationEvent: 'onStartupFinished'
2024-02-28 15:25:14.405 [info] ExtensionService#_doActivateExtension vscodevim.vim, startup: false, activationEvent: 'onStartupFinished'
2024-02-28 15:25:14.765 [info] ExtensionService#_doActivateExtension ms-python.vscode-pylance, startup: false, activationEvent: 'api', root cause: ms-python.python
2024-02-28 15:25:41.869 [info] ExtensionService#_doActivateExtension ms-python.debugpy, startup: false, activationEvent: 'onLanguage:python'
2024-02-28 15:38:01.439 [warning] TextEditor is closed/disposed
2024-02-28 15:38:01.440 [warning] TextEditor is closed/disposed
2024-02-28 15:38:01.579 [warning] ExtHostTextEditorOptions 'setCursorStyle' failed:'
2024-02-28 15:38:01.579 [warning] Illegal argument: TextEditor(vs.editor.ICodeEditor:2,$model5)
2024-02-28 15:40:18.764 [info] ExtensionService#_doActivateExtension vscode.json-language-features, startup: false, activationEvent: 'onLanguage:jsonc'
2024-02-28 15:40:18.877 [info] ExtensionService#_doActivateExtension vscode.typescript-language-features, startup: false, activationEvent: 'onLanguage:jsonc'
2024-02-28 15:40:21.598 [info] ExtensionService#_doActivateExtension jacobdufault.fuzzy-search, startup: false, activationEvent: 'onCommand:fuzzySearch.activeTextEditor'
2024-02-28 16:37:59.195 [warning] vscode.json-language-features - Code actions of kind 'quickfix 'requested but returned code action is of kind 'source.sort.json'. Code action will be dropped. Please check 'CodeActionContext.only' to only return requested code actions.
2024-02-28 16:38:08.016 [warning] vscode.json-language-features - Code actions of kind 'quickfix 'requested but returned code action is of kind 'source.sort.json'. Code action will be dropped. Please check 'CodeActionContext.only' to only return requested code actions.
2024-02-28 17:54:43.594 [warning] TextEditor is closed/disposed
2024-02-28 17:54:43.595 [warning] TextEditor is closed/disposed
2024-02-28 17:54:44.325 [warning] TextEditor is closed/disposed
2024-02-28 17:54:44.325 [warning] TextEditor is closed/disposed
2024-02-28 17:54:45.012 [warning] TextEditor is closed/disposed
2024-02-28 17:54:45.012 [warning] TextEditor is closed/disposed
2024-02-28 17:54:46.768 [warning] TextEditor is closed/disposed
2024-02-28 17:54:46.768 [warning] TextEditor is closed/disposed
2024-02-28 17:54:47.528 [warning] TextEditor is closed/disposed
2024-02-28 17:54:47.529 [warning] TextEditor is closed/disposed
2024-02-28 17:54:48.093 [warning] TextEditor is closed/disposed
2024-02-28 17:54:48.094 [warning] TextEditor is closed/disposed
2024-02-28 17:54:48.783 [warning] TextEditor is closed/disposed
2024-02-28 17:54:48.784 [warning] TextEditor is closed/disposed
2024-02-28 17:54:49.365 [warning] TextEditor is closed/disposed
2024-02-28 17:54:49.365 [warning] TextEditor is closed/disposed
2024-02-28 17:54:49.922 [warning] TextEditor is closed/disposed
2024-02-28 17:54:49.922 [warning] TextEditor is closed/disposed
2024-02-28 17:54:50.536 [warning] TextEditor is closed/disposed
2024-02-28 17:54:50.536 [warning] TextEditor is closed/disposed
2024-02-28 17:54:51.237 [warning] TextEditor is closed/disposed
2024-02-28 17:54:51.237 [warning] TextEditor is closed/disposed
2024-02-28 17:54:51.836 [warning] TextEditor is closed/disposed
2024-02-28 17:54:51.836 [warning] TextEditor is closed/disposed
2024-02-28 17:54:52.476 [warning] TextEditor is closed/disposed
2024-02-28 17:54:52.476 [warning] TextEditor is closed/disposed
2024-02-28 17:54:53.468 [warning] TextEditor is closed/disposed
2024-02-28 17:54:53.469 [warning] TextEditor is closed/disposed
2024-02-28 17:54:54.117 [warning] TextEditor is closed/disposed
2024-02-28 17:54:54.117 [warning] TextEditor is closed/disposed
2024-02-28 17:54:54.611 [warning] TextEditor is closed/disposed
2024-02-28 17:54:54.611 [warning] TextEditor is closed/disposed
2024-02-28 17:54:55.301 [warning] TextEditor is closed/disposed
2024-02-28 17:54:55.301 [warning] TextEditor is closed/disposed
2024-02-28 17:54:55.554 [warning] TextEditor is closed/disposed
2024-02-28 17:54:55.554 [warning] TextEditor is closed/disposed
2024-02-28 17:54:56.181 [warning] TextEditor is closed/disposed
2024-02-28 17:54:56.181 [warning] TextEditor is closed/disposed
2024-02-28 17:54:56.598 [warning] TextEditor is closed/disposed
2024-02-28 17:54:56.598 [warning] TextEditor is closed/disposed
2024-02-28 17:54:57.106 [warning] TextEditor is closed/disposed
2024-02-28 17:54:57.107 [warning] TextEditor is closed/disposed
2024-02-28 17:54:58.108 [warning] TextEditor is closed/disposed
2024-02-28 17:54:58.108 [warning] TextEditor is closed/disposed
2024-02-28 17:54:58.536 [warning] TextEditor is closed/disposed
2024-02-28 17:54:58.542 [warning] TextEditor is closed/disposed
2024-02-28 17:54:58.988 [warning] TextEditor is closed/disposed
2024-02-28 17:54:58.988 [warning] TextEditor is closed/disposed
2024-02-28 17:54:59.220 [warning] TextEditor is closed/disposed
2024-02-28 17:54:59.220 [warning] TextEditor is closed/disposed
2024-02-28 17:55:00.175 [warning] TextEditor is closed/disposed
2024-02-28 17:55:00.175 [warning] TextEditor is closed/disposed
2024-02-28 17:55:00.371 [warning] TextEditor is closed/disposed
2024-02-28 17:55:00.371 [warning] TextEditor is closed/disposed
2024-02-28 17:55:01.086 [warning] TextEditor is closed/disposed
2024-02-28 17:55:01.087 [warning] TextEditor is closed/disposed
2024-02-28 17:55:01.281 [warning] TextEditor is closed/disposed
2024-02-28 17:55:01.281 [warning] TextEditor is closed/disposed
2024-02-28 17:55:25.615 [info] Extension host terminating: renderer closed the MessagePort
2024-02-28 17:55:25.671 [error] TypeError: r.some is not a function
	at d.saveToDisk (/home/daniel/.vscode/extensions/vscodevim.vim-1.27.2/out/extension.js:2:675367)
	at t.deactivate (/home/daniel/.vscode/extensions/vscodevim.vim-1.27.2/out/extension.js:2:213749)
	at g.cb (/usr/share/code/resources/app/out/vs/workbench/api/node/extensionHostProcess.js:156:9679)
	at /usr/share/code/resources/app/out/vs/workbench/api/node/extensionHostProcess.js:156:7808
	at Array.map (<anonymous>)
	at g.Y (/usr/share/code/resources/app/out/vs/workbench/api/node/extensionHostProcess.js:156:7795)
	at g.terminate (/usr/share/code/resources/app/out/vs/workbench/api/node/extensionHostProcess.js:156:8068)
	at o.terminate (/usr/share/code/resources/app/out/vs/workbench/api/node/extensionHostProcess.js:160:1513)
	at t (/usr/share/code/resources/app/out/vs/workbench/api/node/extensionHostProcess.js:173:9950)
	at MessagePortMain.<anonymous> (/usr/share/code/resources/app/out/vs/workbench/api/node/extensionHostProcess.js:173:6375)
	at MessagePortMain.emit (node:events:514:28)
	at Object.emit (node:electron/js2c/utility_init:2:2285)
2024-02-28 17:55:25.685 [info] Extension host with pid 40192 exiting with code 0
