2024-02-27 19:03:08.633 [info] Active editor: file:///home/daniel/Documentos/repos/Harvard-Web-Python-Javascript/3_django/hello/views.py
2024-02-27 19:03:19.787 [info] Active editor: file:///home/daniel/Documentos/repos/Harvard-Web-Python-Javascript/3_django/lecture3/urls.py
2024-02-27 19:03:26.360 [info] Active editor: file:///home/daniel/Documentos/repos/Harvard-Web-Python-Javascript/3_django/hello/views.py
2024-02-27 19:03:34.298 [info] Active editor: file:///home/daniel/Documentos/repos/Harvard-Web-Python-Javascript/3_django/lecture3/urls.py
2024-02-27 19:03:38.806 [info] Active editor: file:///home/daniel/Documentos/repos/Harvard-Web-Python-Javascript/3_django/hello/urls.py
2024-02-27 19:03:41.520 [info] Active editor: file:///home/daniel/Documentos/repos/Harvard-Web-Python-Javascript/3_django/lecture3/urls.py
2024-02-27 19:03:42.033 [info] Active editor: file:///home/daniel/Documentos/repos/Harvard-Web-Python-Javascript/3_django/hello/views.py
2024-02-27 19:04:55.221 [info] Active editor: file:///home/daniel/Documentos/repos/Harvard-Web-Python-Javascript/3_django/hello/templates/hello/greet.html
2024-02-27 19:05:11.970 [info] Active editor: file:///home/daniel/Documentos/repos/Harvard-Web-Python-Javascript/3_django/hello/views.py
2024-02-27 19:05:30.544 [info] /home/daniel/Documentos/repos/Harvard-Web-Python-Javascript/3_django/hello/templates/hello/greet.html closed
2024-02-27 19:05:30.597 [info] Active editor: file:///home/daniel/Documentos/repos/Harvard-Web-Python-Javascript/3_django/hello/templates/hello/index.html
2024-02-27 19:05:34.423 [info] Active editor: file:///home/daniel/Documentos/repos/Harvard-Web-Python-Javascript/3_django/hello/views.py
2024-02-27 19:05:40.538 [info] Active editor: file:///home/daniel/Documentos/repos/Harvard-Web-Python-Javascript/3_django/hello/templates/hello/index.html
2024-02-27 19:05:44.179 [info] Active editor: file:///home/daniel/Documentos/repos/Harvard-Web-Python-Javascript/3_django/hello/views.py
2024-02-27 19:12:12.395 [info] Active editor: file:///home/daniel/Documentos/repos/Harvard-Web-Python-Javascript/3_django/hello/urls.py
2024-02-27 19:16:06.236 [info] Active editor: file:///home/daniel/Documentos/repos/Harvard-Web-Python-Javascript/3_django/lecture3/settings.py
2024-02-27 19:16:18.638 [info] Executing :w
2024-02-27 19:16:34.420 [info] Active editor: file:///home/daniel/Documentos/repos/Harvard-Web-Python-Javascript/3_django/lecture3/urls.py
2024-02-27 19:18:00.355 [info] Executing :w
2024-02-27 19:18:34.292 [info] Configuration changed
2024-02-27 19:18:49.576 [info] Active editor: file:///home/daniel/Documentos/repos/Harvard-Web-Python-Javascript/3_django/lecture3/urls.py
2024-02-27 19:19:08.764 [info] Active editor: vscode-userdata:/home/daniel/.config/Code/User/settings.json
2024-02-27 19:19:27.510 [info] Executing :w
2024-02-27 19:19:28.040 [info] Configuration changed
2024-02-27 19:21:30.486 [info] Active editor: file:///home/daniel/Documentos/repos/Harvard-Web-Python-Javascript/3_django/lecture3/urls.py
2024-02-27 19:21:32.095 [info] Active editor: vscode-userdata:/home/daniel/.config/Code/User/settings.json
2024-02-27 19:21:33.071 [info] Active editor: file:///home/daniel/Documentos/repos/Harvard-Web-Python-Javascript/3_django/lecture3/urls.py
2024-02-27 19:21:34.263 [info] Active editor: vscode-userdata:/home/daniel/.config/Code/User/settings.json
2024-02-27 19:21:35.548 [info] Active editor: file:///home/daniel/Documentos/repos/Harvard-Web-Python-Javascript/3_django/lecture3/urls.py
2024-02-27 19:21:37.469 [info] Active editor: vscode-userdata:/home/daniel/.config/Code/User/settings.json
2024-02-27 19:21:39.965 [info] Active editor: file:///home/daniel/Documentos/repos/Harvard-Web-Python-Javascript/3_django/hello/urls.py
2024-02-27 19:21:41.456 [info] Active editor: file:///home/daniel/Documentos/repos/Harvard-Web-Python-Javascript/3_django/lecture3/settings.py
2024-02-27 19:21:43.157 [info] Active editor: file:///home/daniel/Documentos/repos/Harvard-Web-Python-Javascript/3_django/hello/urls.py
2024-02-27 19:21:43.847 [info] Active editor: file:///home/daniel/Documentos/repos/Harvard-Web-Python-Javascript/3_django/lecture3/settings.py
2024-02-27 19:21:44.757 [info] Active editor: file:///home/daniel/Documentos/repos/Harvard-Web-Python-Javascript/3_django/hello/urls.py
2024-02-27 19:21:45.592 [info] Active editor: file:///home/daniel/Documentos/repos/Harvard-Web-Python-Javascript/3_django/lecture3/settings.py
2024-02-27 19:21:46.488 [info] Active editor: file:///home/daniel/Documentos/repos/Harvard-Web-Python-Javascript/3_django/hello/urls.py
2024-02-27 19:21:47.198 [info] Active editor: file:///home/daniel/Documentos/repos/Harvard-Web-Python-Javascript/3_django/lecture3/settings.py
2024-02-27 19:22:10.275 [info] /settings/user closed
2024-02-27 19:22:10.835 [info] /settings/resourceLanguage closed
2024-02-27 19:22:10.862 [info] /ignoredSettings closed
2024-02-27 19:22:11.078 [info] /launch closed
2024-02-27 19:22:11.086 [info] /token-styling closed
2024-02-27 19:22:11.093 [info] /textmate-colors closed
2024-02-27 19:22:11.103 [info] /workbench-colors closed
2024-02-27 19:23:26.656 [info] Active editor: file:///home/daniel/Documentos/repos/Harvard-Web-Python-Javascript/3_django/hello/views.py
2024-02-27 19:23:32.713 [info] Active editor: file:///home/daniel/Documentos/repos/Harvard-Web-Python-Javascript/3_django/hello/templates/hello/index.html
2024-02-27 19:23:33.315 [info] Active editor: file:///home/daniel/Documentos/repos/Harvard-Web-Python-Javascript/3_django/lecture3/urls.py
2024-02-27 19:23:34.008 [info] Active editor: vscode-userdata:/home/daniel/.config/Code/User/settings.json
2024-02-27 19:23:34.640 [info] Active editor: file:///home/daniel/Documentos/repos/Harvard-Web-Python-Javascript/3_django/hello/urls.py
2024-02-27 19:23:35.198 [info] Active editor: file:///home/daniel/Documentos/repos/Harvard-Web-Python-Javascript/3_django/lecture3/settings.py
2024-02-27 19:23:35.920 [info] Active editor: file:///home/daniel/Documentos/repos/Harvard-Web-Python-Javascript/3_django/hello/views.py
2024-02-27 19:23:36.523 [info] Active editor: file:///home/daniel/Documentos/repos/Harvard-Web-Python-Javascript/3_django/hello/templates/hello/index.html
2024-02-27 19:23:37.174 [info] Active editor: file:///home/daniel/Documentos/repos/Harvard-Web-Python-Javascript/3_django/lecture3/urls.py
2024-02-27 19:23:37.950 [info] Active editor: file:///home/daniel/Documentos/repos/Harvard-Web-Python-Javascript/3_django/hello/templates/hello/index.html
2024-02-27 19:23:38.676 [info] Active editor: file:///home/daniel/Documentos/repos/Harvard-Web-Python-Javascript/3_django/lecture3/urls.py
2024-02-27 19:23:39.254 [info] Active editor: file:///home/daniel/Documentos/repos/Harvard-Web-Python-Javascript/3_django/hello/templates/hello/index.html
2024-02-27 19:23:39.773 [info] Active editor: file:///home/daniel/Documentos/repos/Harvard-Web-Python-Javascript/3_django/lecture3/urls.py
2024-02-27 19:23:40.396 [info] Active editor: file:///home/daniel/Documentos/repos/Harvard-Web-Python-Javascript/3_django/hello/templates/hello/index.html
2024-02-27 19:23:40.935 [info] Active editor: file:///home/daniel/Documentos/repos/Harvard-Web-Python-Javascript/3_django/lecture3/urls.py
2024-02-27 19:23:46.840 [info] Active editor: vscode-userdata:/home/daniel/.config/Code/User/keybindings.json
2024-02-27 19:23:48.466 [info] /home/daniel/.config/Code/User/keybindings.json closed
2024-02-27 19:23:48.477 [info] Active editor: file:///home/daniel/Documentos/repos/Harvard-Web-Python-Javascript/3_django/lecture3/urls.py
2024-02-27 19:24:52.881 [info] Active editor: file:///home/daniel/Documentos/repos/Harvard-Web-Python-Javascript/3_django/lecture3/urls.py
2024-02-27 19:24:56.181 [info] Active editor: vscode-userdata:/home/daniel/.config/Code/User/settings.json
2024-02-27 19:25:10.407 [info] /settings/user closed
2024-02-27 19:25:11.187 [info] /settings/resourceLanguage closed
2024-02-27 19:25:11.270 [info] /ignoredSettings closed
2024-02-27 19:25:11.870 [info] /launch closed
2024-02-27 19:25:11.873 [info] /token-styling closed
2024-02-27 19:25:11.880 [info] /textmate-colors closed
2024-02-27 19:25:11.907 [info] /workbench-colors closed
2024-02-27 19:25:13.201 [info] Active editor: file:///home/daniel/Documentos/repos/Harvard-Web-Python-Javascript/3_django/lecture3/urls.py
2024-02-27 19:25:16.410 [info] Active editor: vscode-userdata:/home/daniel/.config/Code/User/settings.json
2024-02-27 19:25:18.135 [info] Active editor: file:///home/daniel/Documentos/repos/Harvard-Web-Python-Javascript/3_django/lecture3/urls.py
2024-02-27 19:25:19.364 [info] Active editor: vscode-userdata:/home/daniel/.config/Code/User/settings.json
2024-02-27 19:25:23.006 [info] Active editor: vscode-userdata:/home/daniel/.config/Code/User/settings.json
2024-02-27 19:25:36.808 [info] Active editor: vscode-userdata:/home/daniel/.config/Code/User/settings.json
2024-02-27 19:26:02.111 [info] Active editor: vscode-userdata:/home/daniel/.config/Code/User/settings.json
2024-02-27 19:26:12.739 [info] Executing :w
2024-02-27 19:26:13.177 [info] Configuration changed
2024-02-27 19:26:21.137 [info] /home/daniel/.config/Code/User/settings.json closed
2024-02-27 19:26:25.017 [info] Active editor: file:///home/daniel/Documentos/repos/Harvard-Web-Python-Javascript/3_django/lecture3/urls.py
2024-02-27 19:26:47.046 [info] /keybindings closed
2024-02-27 19:27:46.348 [info] Active editor: file:///home/daniel/Documentos/repos/Harvard-Web-Python-Javascript/3_django/newyear/urls.py
2024-02-27 19:28:10.529 [info] /settings/user closed
2024-02-27 19:28:11.446 [info] /settings/resourceLanguage closed
2024-02-27 19:28:11.929 [info] /ignoredSettings closed
2024-02-27 19:28:12.433 [info] /launch closed
2024-02-27 19:28:12.439 [info] /token-styling closed
2024-02-27 19:28:12.441 [info] /textmate-colors closed
2024-02-27 19:28:12.453 [info] /workbench-colors closed
2024-02-27 19:29:09.257 [info] Active editor: file:///home/daniel/Documentos/repos/Harvard-Web-Python-Javascript/3_django/newyear/views.py
2024-02-27 19:32:49.368 [info] Executing :w
