2024-03-06 09:38:10.090 [info] Extension host with pid 21141 started
2024-03-06 09:38:10.090 [info] Skipping acquiring lock for /home/daniel/.config/Code/User/workspaceStorage/055922b884ca69947ecb4af20da685d1.
2024-03-06 09:38:10.412 [info] ExtensionService#_doActivateExtension vscode.git-base, startup: true, activationEvent: '*', root cause: vscode.git
2024-03-06 09:38:10.551 [info] ExtensionService#_doActivateExtension vscode.git, startup: true, activationEvent: '*'
2024-03-06 09:38:10.665 [info] ExtensionService#_doActivateExtension vscode.github, startup: true, activationEvent: '*'
2024-03-06 09:38:10.892 [info] Eager extensions activated
2024-03-06 09:38:10.954 [info] ExtensionService#_doActivateExtension vscode.debug-auto-launch, startup: false, activationEvent: 'onStartupFinished'
2024-03-06 09:38:10.963 [info] ExtensionService#_doActivateExtension vscode.merge-conflict, startup: false, activationEvent: 'onStartupFinished'
2024-03-06 09:38:10.988 [info] ExtensionService#_doActivateExtension vscodevim.vim, startup: false, activationEvent: 'onStartupFinished'
2024-03-06 09:38:30.156 [info] ExtensionService#_doActivateExtension vscode.html-language-features, startup: false, activationEvent: 'onLanguage:html'
2024-03-06 09:38:30.225 [info] ExtensionService#_doActivateExtension vscode.emmet, startup: false, activationEvent: 'onLanguage'
2024-03-06 09:58:14.945 [info] ExtensionService#_doActivateExtension vscode.json-language-features, startup: false, activationEvent: 'onLanguage:jsonc'
2024-03-06 09:58:15.025 [info] ExtensionService#_doActivateExtension vscode.typescript-language-features, startup: false, activationEvent: 'onLanguage:jsonc'
2024-03-06 12:03:06.609 [error] [vscode.html-language-features] provider FAILED
2024-03-06 12:03:06.609 [error] Error: DisposableStore is missing...
	at $e.l (/usr/share/code/resources/app/out/vs/workbench/api/node/extensionHostProcess.js:150:100393)
	at $e.resolveCompletionItem (/usr/share/code/resources/app/out/vs/workbench/api/node/extensionHostProcess.js:150:99862)
2024-03-06 12:28:45.089 [info] ExtensionService#_doActivateExtension jacobdufault.fuzzy-search, startup: false, activationEvent: 'onCommand:fuzzySearch.activeTextEditor'
2024-03-06 12:38:15.870 [warning] vscode.json-language-features - Code actions of kind 'quickfix 'requested but returned code action is of kind 'source.sort.json'. Code action will be dropped. Please check 'CodeActionContext.only' to only return requested code actions.
2024-03-06 12:38:21.233 [warning] vscode.json-language-features - Code actions of kind 'quickfix 'requested but returned code action is of kind 'source.sort.json'. Code action will be dropped. Please check 'CodeActionContext.only' to only return requested code actions.
