2024-02-27 19:33:12.137 [info] (Client) Pylance async client (2024.2.2) started with python extension (2024.0.1)
2024-02-27 19:33:15.213 [info] [Info  - 19:33:15] (149990) Pylance language server 2024.2.2 (pyright version 1.1.348, commit cfb1de0c) starting
2024-02-27 19:33:15.238 [info] [Info  - 19:33:15] (149990) Server root directory: file:///home/daniel/.vscode/extensions/ms-python.vscode-pylance-2024.2.2/dist
2024-02-27 19:33:15.242 [info] [Info  - 19:33:15] (149990) Starting service instance "3_django"
2024-02-27 19:33:15.380 [info] [Info  - 19:33:15] (149990) Setting pythonPath for service "3_django": "/home/daniel/Documentos/repos/Harvard-Web-Python-Javascript/3_django/env/bin/python"
2024-02-27 19:33:15.383 [info] [Info  - 19:33:15] (149990) Setting environmentName for service "3_django": "3.11.2 (env venv)"
2024-02-27 19:33:15.554 [info] [Info  - 19:33:15] (149990) Assuming Python version 3.11
2024-02-27 19:33:16.056 [info] [Info  - 19:33:16] (149990) Auto-excluding /home/daniel/Documentos/repos/Harvard-Web-Python-Javascript/3_django/env
2024-02-27 19:33:16.133 [info] [Info  - 19:33:16] (149990) Found 22 source files
2024-02-27 19:33:18.596 [info] [Info  - 19:33:18] (149990) Background analysis(1) root directory: file:///home/daniel/.vscode/extensions/ms-python.vscode-pylance-2024.2.2/dist
2024-02-27 19:33:18.598 [info] [Info  - 19:33:18] (149990) Background analysis(1) started
2024-02-27 19:33:18.989 [info] [Info  - 19:33:18] (149990) Indexer background runner(2) root directory: file:///home/daniel/.vscode/extensions/ms-python.vscode-pylance-2024.2.2/dist (index)
2024-02-27 19:33:18.990 [info] [Info  - 19:33:18] (149990) Indexing(2) started
2024-02-27 19:33:20.616 [info] [Info  - 19:33:20] (149990) scanned(2) 33 files over 1 exec env
2024-02-27 19:33:22.817 [info] [Info  - 19:33:22] (149990) indexed(2) 23 files over 1 exec env
2024-02-27 19:33:23.035 [info] [Info  - 19:33:23] (149990) Indexing finished(2).
2024-02-27 19:38:05.235 [info] [Info  - 19:38:05] (149990) Setting pythonPath for service "3_django": "/home/daniel/Documentos/repos/Harvard-Web-Python-Javascript/3_django/env/bin/python"
2024-02-27 19:38:05.238 [info] [Info  - 19:38:05] (149990) Setting environmentName for service "3_django": "3.11.2 (env venv)"
2024-02-27 19:38:05.340 [info] [Info  - 19:38:05] (149990) Assuming Python version 3.11
2024-02-27 19:38:05.620 [info] [Info  - 19:38:05] (149990) Auto-excluding /home/daniel/Documentos/repos/Harvard-Web-Python-Javascript/3_django/env
2024-02-27 19:38:05.636 [info] [Info  - 19:38:05] (149990) Found 22 source files
2024-02-27 19:38:07.328 [info] [Info  - 19:38:07] (149990) Indexer background runner(3) root directory: file:///home/daniel/.vscode/extensions/ms-python.vscode-pylance-2024.2.2/dist (index)
2024-02-27 19:38:07.328 [info] [Info  - 19:38:07] (149990) Indexing(3) started
2024-02-27 19:38:08.675 [info] [Info  - 19:38:08] (149990) scanned(3) 33 files over 1 exec env
2024-02-27 19:38:10.840 [info] [Info  - 19:38:10] (149990) indexed(3) 23 files over 1 exec env
2024-02-27 19:38:11.039 [info] [Info  - 19:38:11] (149990) Indexing finished(3).
2024-02-27 19:38:27.597 [info] [Info  - 19:38:27] (149990) Setting pythonPath for service "3_django": "/home/daniel/Documentos/repos/Harvard-Web-Python-Javascript/3_django/env/bin/python"
2024-02-27 19:38:27.598 [info] [Info  - 19:38:27] (149990) Setting environmentName for service "3_django": "3.11.2 (env venv)"
2024-02-27 19:38:27.707 [info] [Info  - 19:38:27] (149990) Assuming Python version 3.11
2024-02-27 19:38:27.913 [info] [Info  - 19:38:27] (149990) Auto-excluding /home/daniel/Documentos/repos/Harvard-Web-Python-Javascript/3_django/env
2024-02-27 19:38:27.926 [info] [Info  - 19:38:27] (149990) Found 22 source files
2024-02-27 19:38:30.243 [info] [Info  - 19:38:30] (149990) Indexer background runner(4) root directory: file:///home/daniel/.vscode/extensions/ms-python.vscode-pylance-2024.2.2/dist (index)
2024-02-27 19:38:30.243 [info] [Info  - 19:38:30] (149990) Indexing(4) started
2024-02-27 19:38:31.480 [info] [Info  - 19:38:31] (149990) scanned(4) 33 files over 1 exec env
2024-02-27 19:38:33.631 [info] [Info  - 19:38:33] (149990) indexed(4) 23 files over 1 exec env
2024-02-27 19:38:33.810 [info] [Info  - 19:38:33] (149990) Indexing finished(4).
2024-02-27 19:42:20.164 [info] [Info  - 19:42:20] (149990) Auto-excluding /home/daniel/Documentos/repos/Harvard-Web-Python-Javascript/3_django/env
2024-02-27 19:42:20.204 [info] [Info  - 19:42:20] (149990) Found 22 source files
2024-02-27 19:51:10.295 [info] [Info  - 19:51:10] (149990) Auto-excluding /home/daniel/Documentos/repos/Harvard-Web-Python-Javascript/3_django/env
2024-02-27 19:51:10.316 [info] [Info  - 19:51:10] (149990) Found 22 source files
