2024-02-28 15:25:16.973 [info] Configuration changed
2024-02-28 15:25:19.276 [info] Configuration changed
2024-02-28 15:25:21.126 [info] Configuration changed
2024-02-28 15:25:33.883 [info] Active editor: file:///home/daniel/Documentos/repos/Harvard-Web-Python-Javascript/3_django/newyear/templates/newyear/index.html
2024-02-28 15:25:41.738 [info] Active editor: file:///home/daniel/Documentos/repos/Harvard-Web-Python-Javascript/3_django/lecture3/settings.py
2024-02-28 15:26:06.645 [info] Active editor: file:///home/daniel/Documentos/repos/Harvard-Web-Python-Javascript/3_django/lecture3/urls.py
2024-02-28 15:27:04.880 [info] Active editor: file:///home/daniel/Documentos/repos/Harvard-Web-Python-Javascript/3_django/tasks/urls.py
2024-02-28 15:28:22.321 [info] Active editor: file:///home/daniel/Documentos/repos/Harvard-Web-Python-Javascript/3_django/tasks/views.py
2024-02-28 15:30:40.158 [info] Active editor: file:///home/daniel/Documentos/repos/Harvard-Web-Python-Javascript/3_django/tasks/templates/tasks/index.html
2024-02-28 15:32:55.114 [info] Executing :w
2024-02-28 15:34:00.278 [info] Active editor: file:///home/daniel/Documentos/repos/Harvard-Web-Python-Javascript/3_django/tasks/urls.py
2024-02-28 15:34:05.479 [info] Active editor: file:///home/daniel/Documentos/repos/Harvard-Web-Python-Javascript/3_django/hello/views.py
2024-02-28 15:34:24.970 [info] Executing :wa
2024-02-28 15:34:59.098 [info] Active editor: file:///home/daniel/Documentos/repos/Harvard-Web-Python-Javascript/3_django/tasks/templates/tasks/index.html
2024-02-28 15:35:07.247 [info] Executing :w
2024-02-28 15:36:29.015 [info] Active editor: file:///home/daniel/Documentos/repos/Harvard-Web-Python-Javascript/3_django/tasks/views.py
2024-02-28 15:36:53.564 [info] Executing :w
2024-02-28 15:37:04.426 [info] Active editor: file:///home/daniel/Documentos/repos/Harvard-Web-Python-Javascript/3_django/hello/urls.py
2024-02-28 15:37:06.694 [info] /home/daniel/Documentos/repos/Harvard-Web-Python-Javascript/3_django/hello/urls.py closed
2024-02-28 15:37:06.734 [info] Active editor: file:///home/daniel/Documentos/repos/Harvard-Web-Python-Javascript/3_django/tasks/views.py
2024-02-28 15:37:11.936 [info] Active editor: file:///home/daniel/Documentos/repos/Harvard-Web-Python-Javascript/3_django/tasks/urls.py
2024-02-28 15:37:32.930 [info] Executing :w
2024-02-28 15:38:01.204 [info] Executing :e templates/tasks/add.html
2024-02-28 15:38:01.396 [info] Active editor: untitled:/home/daniel/Documentos/repos/Harvard-Web-Python-Javascript/3_django/tasks/templates/tasks/add.html
2024-02-28 15:38:01.437 [warning] getLineLength() called with out-of-bounds line 4
2024-02-28 15:38:01.438 [warning] invalid cursor position. [[4, 35] | [4, 35]].
2024-02-28 15:38:15.400 [info] Active editor: file:///home/daniel/Documentos/repos/Harvard-Web-Python-Javascript/3_django/tasks/templates/tasks/index.html
2024-02-28 15:38:24.610 [info] Active editor: untitled:/home/daniel/Documentos/repos/Harvard-Web-Python-Javascript/3_django/tasks/templates/tasks/add.html
2024-02-28 15:39:19.812 [info] Executing :w
2024-02-28 15:39:20.028 [info] /home/daniel/Documentos/repos/Harvard-Web-Python-Javascript/3_django/tasks/templates/tasks/add.html closed
2024-02-28 15:39:20.101 [info] Active editor: file:///home/daniel/Documentos/repos/Harvard-Web-Python-Javascript/3_django/tasks/templates/tasks/add.html
2024-02-28 15:39:42.517 [info] Active editor: file:///home/daniel/Documentos/repos/Harvard-Web-Python-Javascript/3_django/tasks/templates/tasks/index.html
2024-02-28 15:39:45.323 [info] Active editor: file:///home/daniel/Documentos/repos/Harvard-Web-Python-Javascript/3_django/tasks/templates/tasks/add.html
2024-02-28 15:39:47.216 [info] Active editor: file:///home/daniel/Documentos/repos/Harvard-Web-Python-Javascript/3_django/tasks/urls.py
2024-02-28 15:40:18.569 [info] Active editor: vscode-userdata:/home/daniel/.config/Code/User/settings.json
2024-02-28 15:41:13.588 [info] Configuration changed
2024-02-28 15:41:17.282 [info] Active editor: vscode-userdata:/home/daniel/.config/Code/User/settings.json
2024-02-28 15:41:29.315 [info] /home/daniel/.config/Code/User/settings.json closed
2024-02-28 15:41:29.322 [info] Active editor: file:///home/daniel/Documentos/repos/Harvard-Web-Python-Javascript/3_django/tasks/urls.py
2024-02-28 15:42:00.174 [info] /home/daniel/Documentos/repos/Harvard-Web-Python-Javascript/3_django/newyear/templates/newyear/index.html closed
2024-02-28 15:43:03.157 [info] Active editor: file:///home/daniel/Documentos/repos/Harvard-Web-Python-Javascript/3_django/tasks/templates/tasks/layout.html
2024-02-28 15:43:20.518 [info] /settings/user closed
2024-02-28 15:43:20.944 [info] /settings/resourceLanguage closed
2024-02-28 15:43:21.001 [info] /ignoredSettings closed
2024-02-28 15:43:21.244 [info] /launch closed
2024-02-28 15:43:21.258 [info] /token-styling closed
2024-02-28 15:43:21.274 [info] /textmate-colors closed
2024-02-28 15:43:21.303 [info] /workbench-colors closed
2024-02-28 15:43:59.089 [info] Active editor: file:///home/daniel/Documentos/repos/Harvard-Web-Python-Javascript/3_django/tasks/urls.py
2024-02-28 15:44:03.155 [info] Active editor: file:///home/daniel/Documentos/repos/Harvard-Web-Python-Javascript/3_django/tasks/templates/tasks/layout.html
2024-02-28 15:45:34.792 [info] Active editor: file:///home/daniel/Documentos/repos/Harvard-Web-Python-Javascript/3_django/tasks/templates/tasks/index.html
2024-02-28 15:46:49.320 [info] Executing :w
2024-02-28 15:47:09.754 [info] Executing :w
2024-02-28 15:47:58.606 [info] Active editor: file:///home/daniel/Documentos/repos/Harvard-Web-Python-Javascript/3_django/tasks/templates/tasks/add.html
2024-02-28 15:48:49.566 [info] Executing :w
2024-02-28 15:49:50.909 [info] Active editor: file:///home/daniel/Documentos/repos/Harvard-Web-Python-Javascript/3_django/tasks/templates/tasks/index.html
2024-02-28 15:51:57.859 [info] Active editor: file:///home/daniel/Documentos/repos/Harvard-Web-Python-Javascript/3_django/tasks/urls.py
2024-02-28 15:52:01.250 [info] Active editor: file:///home/daniel/Documentos/repos/Harvard-Web-Python-Javascript/3_django/tasks/templates/tasks/index.html
2024-02-28 15:52:06.578 [info] Active editor: file:///home/daniel/Documentos/repos/Harvard-Web-Python-Javascript/3_django/tasks/templates/tasks/add.html
2024-02-28 15:52:08.442 [info] Active editor: file:///home/daniel/Documentos/repos/Harvard-Web-Python-Javascript/3_django/tasks/templates/tasks/index.html
2024-02-28 15:52:10.881 [info] Active editor: file:///home/daniel/Documentos/repos/Harvard-Web-Python-Javascript/3_django/tasks/templates/tasks/add.html
2024-02-28 15:52:16.378 [info] Active editor: file:///home/daniel/Documentos/repos/Harvard-Web-Python-Javascript/3_django/tasks/urls.py
2024-02-28 15:52:19.577 [info] Active editor: file:///home/daniel/Documentos/repos/Harvard-Web-Python-Javascript/3_django/tasks/templates/tasks/add.html
2024-02-28 15:53:51.718 [info] Active editor: file:///home/daniel/Documentos/repos/Harvard-Web-Python-Javascript/3_django/tasks/urls.py
2024-02-28 15:54:02.419 [info] Active editor: file:///home/daniel/Documentos/repos/Harvard-Web-Python-Javascript/3_django/newyear/urls.py
2024-02-28 15:54:05.873 [info] Active editor: file:///home/daniel/Documentos/repos/Harvard-Web-Python-Javascript/3_django/tasks/urls.py
2024-02-28 15:55:03.869 [info] Active editor: file:///home/daniel/Documentos/repos/Harvard-Web-Python-Javascript/3_django/tasks/templates/tasks/add.html
2024-02-28 15:55:29.504 [info] Active editor: file:///home/daniel/Documentos/repos/Harvard-Web-Python-Javascript/3_django/tasks/templates/tasks/index.html
2024-02-28 15:55:59.422 [info] Active editor: file:///home/daniel/Documentos/repos/Harvard-Web-Python-Javascript/3_django/tasks/urls.py
2024-02-28 15:58:35.969 [info] Active editor: file:///home/daniel/Documentos/repos/Harvard-Web-Python-Javascript/3_django/tasks/templates/tasks/add.html
2024-02-28 16:03:13.712 [info] Active editor: file:///home/daniel/Documentos/repos/Harvard-Web-Python-Javascript/3_django/lecture3/settings.py
2024-02-28 16:04:08.610 [info] Active editor: file:///home/daniel/Documentos/repos/Harvard-Web-Python-Javascript/3_django/tasks/templates/tasks/add.html
2024-02-28 16:06:18.847 [info] Active editor: file:///home/daniel/Documentos/repos/Harvard-Web-Python-Javascript/3_django/tasks/views.py
2024-02-28 16:06:28.012 [info] Active editor: file:///home/daniel/Documentos/repos/Harvard-Web-Python-Javascript/3_django/hello/views.py
2024-02-28 16:06:28.679 [info] /home/daniel/Documentos/repos/Harvard-Web-Python-Javascript/3_django/hello/views.py closed
2024-02-28 16:06:28.695 [info] Active editor: file:///home/daniel/Documentos/repos/Harvard-Web-Python-Javascript/3_django/tasks/views.py
2024-02-28 16:09:03.117 [info] Active editor: file:///home/daniel/Documentos/repos/Harvard-Web-Python-Javascript/3_django/tasks/templates/tasks/add.html
2024-02-28 16:09:51.660 [info] Active editor: file:///home/daniel/Documentos/repos/Harvard-Web-Python-Javascript/3_django/tasks/views.py
2024-02-28 16:30:03.876 [warning] Ignoring slipped selection: [23, 37; 23, 37]
2024-02-28 16:30:21.015 [info] Active editor: file:///home/daniel/Documentos/repos/Harvard-Web-Python-Javascript/3_django/tasks/views.py
2024-02-28 16:30:21.069 [warning] Ignoring slipped selection: [23, 41; 23, 41]
2024-02-28 16:30:29.337 [warning] Ignoring slipped selection: [24, 41; 24, 41]
2024-02-28 16:34:09.596 [info] Active editor: vscode-userdata:/home/daniel/.config/Code/User/settings.json
2024-02-28 16:35:49.538 [info] Configuration changed
2024-02-28 16:35:51.524 [info] /home/daniel/.config/Code/User/settings.json closed
2024-02-28 16:35:51.538 [info] Active editor: file:///home/daniel/Documentos/repos/Harvard-Web-Python-Javascript/3_django/tasks/views.py
2024-02-28 16:35:51.575 [warning] Ignoring slipped selection: [13, 0; 13, 0]
2024-02-28 16:37:09.966 [info] /settings/user closed
2024-02-28 16:37:10.589 [info] /settings/resourceLanguage closed
2024-02-28 16:37:10.598 [info] /ignoredSettings closed
2024-02-28 16:37:10.765 [info] /launch closed
2024-02-28 16:37:10.774 [info] /token-styling closed
2024-02-28 16:37:10.778 [info] /textmate-colors closed
2024-02-28 16:37:10.786 [info] /workbench-colors closed
2024-02-28 16:37:48.946 [info] Active editor: vscode-userdata:/home/daniel/.config/Code/User/settings.json
2024-02-28 16:38:18.866 [info] Configuration changed
2024-02-28 16:38:41.974 [info] Configuration changed
2024-02-28 16:39:09.248 [info] Configuration changed
2024-02-28 16:39:21.678 [info] /home/daniel/.config/Code/User/settings.json closed
2024-02-28 16:39:21.690 [info] Active editor: file:///home/daniel/Documentos/repos/Harvard-Web-Python-Javascript/3_django/tasks/views.py
2024-02-28 16:39:21.743 [warning] Ignoring slipped selection: [15, 38; 15, 38]
2024-02-28 16:39:40.847 [info] Active editor: file:///home/daniel/Documentos/repos/Harvard-Web-Python-Javascript/3_django/tasks/templates/tasks/index.html
2024-02-28 16:40:49.253 [info] /settings/user closed
2024-02-28 16:40:49.794 [info] /settings/resourceLanguage closed
2024-02-28 16:40:49.814 [info] /ignoredSettings closed
2024-02-28 16:40:50.040 [info] /launch closed
2024-02-28 16:40:50.073 [info] /token-styling closed
2024-02-28 16:40:50.086 [info] /textmate-colors closed
2024-02-28 16:40:50.101 [info] /workbench-colors closed
2024-02-28 16:42:00.649 [info] Active editor: file:///home/daniel/Documentos/repos/Harvard-Web-Python-Javascript/3_django/tasks/views.py
2024-02-28 16:42:00.689 [warning] Ignoring slipped selection: [16, 38; 16, 38]
2024-02-28 16:42:33.593 [info] Active editor: file:///home/daniel/Documentos/repos/Harvard-Web-Python-Javascript/3_django/tasks/templates/tasks/index.html
2024-02-28 16:42:44.844 [info] Active editor: file:///home/daniel/Documentos/repos/Harvard-Web-Python-Javascript/3_django/tasks/views.py
2024-02-28 16:42:44.888 [warning] Ignoring slipped selection: [16, 38; 16, 38]
2024-02-28 16:43:01.384 [info] Active editor: file:///home/daniel/Documentos/repos/Harvard-Web-Python-Javascript/3_django/tasks/templates/tasks/index.html
2024-02-28 16:44:26.422 [info] Active editor: file:///home/daniel/Documentos/repos/Harvard-Web-Python-Javascript/3_django/tasks/views.py
2024-02-28 16:44:26.500 [warning] Ignoring slipped selection: [16, 38; 16, 38]
2024-02-28 16:45:18.547 [warning] Ignoring slipped selection: [24, 19; 24, 19]
2024-02-28 17:52:33.048 [info] Active editor: vscode-userdata:/home/daniel/.config/Code/User/settings.json
2024-02-28 17:52:47.212 [info] Configuration changed
2024-02-28 17:52:59.362 [info] Active editor: file:///home/daniel/Documentos/repos/Harvard-Web-Python-Javascript/3_django/tasks/views.py
2024-02-28 17:52:59.399 [warning] Ignoring slipped selection: [5, 0; 5, 0]
2024-02-28 17:53:04.051 [info] Active editor: vscode-userdata:/home/daniel/.config/Code/User/settings.json
2024-02-28 17:53:53.102 [info] Active editor: vscode-userdata:/home/daniel/.config/Code/User/settings.json
2024-02-28 17:53:55.019 [info] Active editor: vscode-userdata:/home/daniel/.config/Code/User/settings.json
2024-02-28 17:53:55.409 [info] Active editor: vscode-userdata:/home/daniel/.config/Code/User/settings.json
2024-02-28 17:53:55.908 [info] Active editor: vscode-userdata:/home/daniel/.config/Code/User/settings.json
2024-02-28 17:53:56.527 [info] Active editor: vscode-userdata:/home/daniel/.config/Code/User/settings.json
2024-02-28 17:54:10.936 [info] Active editor: vscode-userdata:/home/daniel/.config/Code/User/settings.json
2024-02-28 17:54:14.308 [info] Active editor: vscode-userdata:/home/daniel/.config/Code/User/settings.json
2024-02-28 17:54:20.367 [info] Active editor: vscode-userdata:/home/daniel/.config/Code/User/settings.json
2024-02-28 17:54:43.548 [info] Active editor: file:///home/daniel/Documentos/repos/Harvard-Web-Python-Javascript/3_django/tasks/templates/tasks/index.html
2024-02-28 17:54:44.249 [info] Active editor: file:///home/daniel/Documentos/repos/Harvard-Web-Python-Javascript/3_django/lecture3/settings.py
2024-02-28 17:54:44.937 [info] Active editor: file:///home/daniel/Documentos/repos/Harvard-Web-Python-Javascript/3_django/lecture3/urls.py
2024-02-28 17:54:46.725 [info] Active editor: file:///home/daniel/Documentos/repos/Harvard-Web-Python-Javascript/3_django/lecture3/settings.py
2024-02-28 17:54:47.474 [info] Active editor: file:///home/daniel/Documentos/repos/Harvard-Web-Python-Javascript/3_django/lecture3/urls.py
2024-02-28 17:54:48.011 [info] Active editor: file:///home/daniel/Documentos/repos/Harvard-Web-Python-Javascript/3_django/lecture3/settings.py
2024-02-28 17:54:48.707 [info] Active editor: file:///home/daniel/Documentos/repos/Harvard-Web-Python-Javascript/3_django/lecture3/urls.py
2024-02-28 17:54:49.296 [info] Active editor: file:///home/daniel/Documentos/repos/Harvard-Web-Python-Javascript/3_django/lecture3/settings.py
2024-02-28 17:54:49.859 [info] Active editor: file:///home/daniel/Documentos/repos/Harvard-Web-Python-Javascript/3_django/lecture3/urls.py
2024-02-28 17:54:50.472 [info] Active editor: file:///home/daniel/Documentos/repos/Harvard-Web-Python-Javascript/3_django/lecture3/settings.py
2024-02-28 17:54:51.170 [info] Active editor: file:///home/daniel/Documentos/repos/Harvard-Web-Python-Javascript/3_django/lecture3/urls.py
2024-02-28 17:54:51.776 [info] Active editor: file:///home/daniel/Documentos/repos/Harvard-Web-Python-Javascript/3_django/lecture3/settings.py
2024-02-28 17:54:52.403 [info] Active editor: file:///home/daniel/Documentos/repos/Harvard-Web-Python-Javascript/3_django/lecture3/urls.py
2024-02-28 17:54:53.417 [info] Active editor: file:///home/daniel/Documentos/repos/Harvard-Web-Python-Javascript/3_django/lecture3/settings.py
2024-02-28 17:54:54.073 [info] Active editor: file:///home/daniel/Documentos/repos/Harvard-Web-Python-Javascript/3_django/lecture3/urls.py
2024-02-28 17:54:54.544 [info] Active editor: file:///home/daniel/Documentos/repos/Harvard-Web-Python-Javascript/3_django/tasks/urls.py
2024-02-28 17:54:55.232 [info] Active editor: file:///home/daniel/Documentos/repos/Harvard-Web-Python-Javascript/3_django/lecture3/urls.py
2024-02-28 17:54:55.483 [info] Active editor: file:///home/daniel/Documentos/repos/Harvard-Web-Python-Javascript/3_django/lecture3/settings.py
2024-02-28 17:54:56.116 [info] Active editor: file:///home/daniel/Documentos/repos/Harvard-Web-Python-Javascript/3_django/lecture3/urls.py
2024-02-28 17:54:56.537 [info] Active editor: file:///home/daniel/Documentos/repos/Harvard-Web-Python-Javascript/3_django/tasks/urls.py
2024-02-28 17:54:57.048 [info] Active editor: file:///home/daniel/Documentos/repos/Harvard-Web-Python-Javascript/3_django/newyear/urls.py
2024-02-28 17:54:58.065 [info] Active editor: file:///home/daniel/Documentos/repos/Harvard-Web-Python-Javascript/3_django/tasks/urls.py
2024-02-28 17:54:58.473 [info] Active editor: file:///home/daniel/Documentos/repos/Harvard-Web-Python-Javascript/3_django/lecture3/urls.py
2024-02-28 17:54:58.931 [info] Active editor: file:///home/daniel/Documentos/repos/Harvard-Web-Python-Javascript/3_django/tasks/urls.py
2024-02-28 17:54:59.141 [info] Active editor: file:///home/daniel/Documentos/repos/Harvard-Web-Python-Javascript/3_django/newyear/urls.py
2024-02-28 17:55:00.112 [info] Active editor: file:///home/daniel/Documentos/repos/Harvard-Web-Python-Javascript/3_django/tasks/urls.py
2024-02-28 17:55:00.314 [info] Active editor: file:///home/daniel/Documentos/repos/Harvard-Web-Python-Javascript/3_django/lecture3/urls.py
2024-02-28 17:55:01.016 [info] Active editor: file:///home/daniel/Documentos/repos/Harvard-Web-Python-Javascript/3_django/tasks/urls.py
2024-02-28 17:55:01.222 [info] Active editor: file:///home/daniel/Documentos/repos/Harvard-Web-Python-Javascript/3_django/newyear/urls.py
