2024-03-01 10:54:27.630 [info] Log level: Info
2024-03-01 10:54:27.630 [info] Validating found git in: "git"
2024-03-01 10:54:27.630 [info] Using git "2.39.2" from "git"
2024-03-01 10:54:27.630 [info] > git rev-parse --show-toplevel [31ms]
2024-03-01 10:54:27.637 [info] > git rev-parse --git-dir --git-common-dir [10ms]
2024-03-01 10:54:27.681 [info] Open repository: /home/daniel/Documentos/repos/retos-programacion-2023
2024-03-01 10:54:27.827 [info] > git config --get commit.template [70ms]
2024-03-01 10:54:27.852 [info] > git rev-parse --show-toplevel [57ms]
2024-03-01 10:54:27.978 [info] > git rev-parse --show-toplevel [26ms]
2024-03-01 10:54:27.991 [info] > git for-each-ref --format=%(refname)%00%(upstream:short)%00%(objectname)%00%(upstream:track)%00%(upstream:remotename)%00%(upstream:remoteref) refs/heads/main refs/remotes/main [91ms]
2024-03-01 10:54:28.944 [info] > git rev-parse --show-toplevel [288ms]
2024-03-01 10:54:29.291 [info] > git check-ignore -v -z --stdin [63ms]
2024-03-01 10:54:29.367 [info] > git status -z -uall [307ms]
2024-03-01 10:54:29.637 [info] > git config --get commit.template [40ms]
2024-03-01 10:54:29.807 [info] > git for-each-ref --format=%(refname)%00%(upstream:short)%00%(objectname)%00%(upstream:track)%00%(upstream:remotename)%00%(upstream:remoteref) refs/heads/main refs/remotes/main [52ms]
2024-03-01 10:54:30.363 [info] > git status -z -uall [472ms]
2024-03-01 10:55:32.935 [info] > git check-ignore -v -z --stdin [52ms]
2024-03-01 10:55:34.599 [info] > git check-ignore -v -z --stdin [26ms]
2024-03-01 10:55:38.029 [info] > git check-ignore -v -z --stdin [14ms]
2024-03-01 10:55:40.229 [info] > git show --textconv :Retos/Reto #1 - EL LENGUAJE HACKER [Fácil]/typescript/albamariana.ts [613ms]
2024-03-01 10:55:40.230 [info] > git ls-files --stage -- /home/daniel/Documentos/repos/retos-programacion-2023/Retos/Reto #1 - EL LENGUAJE HACKER [Fácil]/typescript/albamariana.ts [566ms]
2024-03-01 10:55:40.386 [info] > git cat-file -s a814ecd766162a0b20cc4e1d37182152f1ef0703 [134ms]
2024-03-01 10:55:42.422 [info] > git show --textconv :Retos/Reto #1 - EL LENGUAJE HACKER [Fácil]/typescript/albertovf.ts [171ms]
2024-03-01 10:55:42.423 [info] > git ls-files --stage -- /home/daniel/Documentos/repos/retos-programacion-2023/Retos/Reto #1 - EL LENGUAJE HACKER [Fácil]/typescript/albertovf.ts [88ms]
2024-03-01 10:55:42.469 [info] > git cat-file -s b4cdcf65a6cf87467ff19151238a074138fa41c1 [6ms]
2024-03-01 10:55:43.839 [info] > git check-ignore -v -z --stdin [20ms]
2024-03-01 10:55:47.865 [info] > git show --textconv :Retos/Reto #1 - EL LENGUAJE HACKER [Fácil]/typescript/dPenedo.ts [25ms]
2024-03-01 10:55:47.875 [info] > git ls-files --stage -- /home/daniel/Documentos/repos/retos-programacion-2023/Retos/Reto #1 - EL LENGUAJE HACKER [Fácil]/typescript/dPenedo.ts [12ms]
2024-03-01 10:55:48.036 [info] > git check-ignore -v -z --stdin [11ms]
2024-03-01 10:55:51.954 [info] > git check-ignore -v -z --stdin [19ms]
2024-03-01 10:55:54.347 [info] > git check-ignore -v -z --stdin [16ms]
2024-03-01 10:55:57.714 [info] > git show --textconv :Retos/Reto #1 - EL LENGUAJE HACKER [Fácil]/ejercicio.md [46ms]
2024-03-01 10:55:57.736 [info] > git ls-files --stage -- /home/daniel/Documentos/repos/retos-programacion-2023/Retos/Reto #1 - EL LENGUAJE HACKER [Fácil]/ejercicio.md [25ms]
2024-03-01 10:55:57.795 [info] > git cat-file -s dfb568c28e43e576a89555e6037e1ffff7e2d07c [8ms]
2024-03-01 10:56:10.793 [info] > git show --textconv :Retos/Reto #1 - EL LENGUAJE HACKER [Fácil]/typescript/dPenedo.ts [30ms]
2024-03-01 10:56:10.802 [info] > git ls-files --stage -- /home/daniel/Documentos/repos/retos-programacion-2023/Retos/Reto #1 - EL LENGUAJE HACKER [Fácil]/typescript/dPenedo.ts [14ms]
