2024-03-01 10:57:50.777 [info] Active editor: file:///home/daniel/Documentos/repos/retos-programacion-2023/Retos/Reto%20%231%20-%20EL%20LENGUAJE%20HACKER%20%5BF%C3%A1cil%5D/ejercicio.md
2024-03-01 10:57:53.418 [info] Configuration changed
2024-03-01 10:57:54.908 [info] Configuration changed
2024-03-01 10:57:55.288 [info] Configuration changed
2024-03-01 10:57:55.968 [info] Configuration changed
2024-03-01 10:58:23.636 [info] Configuration changed
2024-03-01 10:58:24.845 [info] Configuration changed
2024-03-01 10:58:26.219 [info] Configuration changed
2024-03-01 10:58:39.020 [info] Active editor: vscode-userdata:/home/daniel/.config/Code/User/settings.json
2024-03-01 11:01:13.633 [info] /settings/user closed
2024-03-01 11:01:22.176 [info] /settings/resourceLanguage closed
2024-03-01 11:01:22.872 [info] /launch closed
2024-03-01 11:01:22.939 [info] /token-styling closed
2024-03-01 11:01:22.946 [info] /textmate-colors closed
2024-03-01 11:01:22.965 [info] /workbench-colors closed
2024-03-01 11:01:25.345 [info] /ignoredSettings closed
2024-03-01 11:03:06.674 [warning] Ignoring slipped selection: [96, 0; 96, 0]
2024-03-01 11:04:13.756 [info] /settings/user closed
2024-03-01 11:04:22.408 [info] /settings/resourceLanguage closed
2024-03-01 11:04:23.252 [info] /launch closed
2024-03-01 11:04:23.983 [info] /token-styling closed
2024-03-01 11:04:23.985 [info] /textmate-colors closed
2024-03-01 11:04:24.011 [info] /workbench-colors closed
2024-03-01 11:04:25.572 [info] /ignoredSettings closed
2024-03-01 11:04:59.548 [warning] Ignoring slipped selection: [226, 1; 226, 1]
2024-03-01 11:07:13.917 [info] /settings/user closed
2024-03-01 11:07:22.651 [info] /settings/resourceLanguage closed
2024-03-01 11:07:23.896 [info] /launch closed
2024-03-01 11:07:25.386 [info] /token-styling closed
2024-03-01 11:07:25.387 [info] /textmate-colors closed
2024-03-01 11:07:25.388 [info] /workbench-colors closed
2024-03-01 11:07:25.832 [info] /ignoredSettings closed
2024-03-01 11:08:37.217 [info] Executing :w
2024-03-01 11:08:37.436 [warning] Ignoring slipped selection: [19, 2; 19, 2]
2024-03-01 11:08:38.004 [info] Configuration changed
2024-03-01 11:09:08.322 [info] Configuration changed
2024-03-01 11:09:34.948 [info] /home/daniel/.config/Code/User/settings.json closed
2024-03-01 11:09:34.986 [info] Active editor: file:///home/daniel/Documentos/repos/retos-programacion-2023/Retos/Reto%20%230%20-%20EL%20FAMOSO%20FIZZ%20BUZZ%20%5BF%C3%A1cil%5D/typescript/dPenedo.ts
2024-03-01 11:09:37.827 [info] Active editor: vscode-userdata:/home/daniel/.config/Code/User/settings.json
2024-03-01 11:10:14.079 [info] /settings/user closed
2024-03-01 11:10:22.892 [info] /settings/resourceLanguage closed
2024-03-01 11:10:25.178 [info] /launch closed
2024-03-01 11:10:26.013 [info] /token-styling closed
2024-03-01 11:10:26.016 [info] /textmate-colors closed
2024-03-01 11:10:26.029 [info] /workbench-colors closed
2024-03-01 11:10:26.482 [info] /ignoredSettings closed
2024-03-01 11:10:29.986 [info] Configuration changed
2024-03-01 11:10:48.840 [info] Searching for select
2024-03-01 11:11:14.097 [info] Active editor: vscode-userdata:/home/daniel/.config/Code/User/settings.json
2024-03-01 11:11:15.880 [info] Active editor: vscode-userdata:/home/daniel/.config/Code/User/settings.json
2024-03-01 11:11:47.762 [info] Configuration changed
2024-03-01 11:11:52.897 [info] Configuration changed
2024-03-01 11:12:22.537 [info] Searching for split
2024-03-01 11:12:31.259 [info] Configuration changed
2024-03-01 11:12:38.806 [info] Configuration changed
2024-03-01 11:12:39.358 [info] Active editor: vscode-userdata:/home/daniel/.config/Code/User/settings.json
2024-03-01 11:12:40.768 [info] Active editor: vscode-userdata:/home/daniel/.config/Code/User/settings.json
2024-03-01 11:13:03.317 [info] Configuration changed
2024-03-01 11:13:04.320 [info] Active editor: vscode-userdata:/home/daniel/.config/Code/User/settings.json
2024-03-01 11:13:05.250 [info] Active editor: vscode-userdata:/home/daniel/.config/Code/User/settings.json
2024-03-01 11:13:14.375 [info] /settings/user closed
2024-03-01 11:13:23.137 [info] /settings/resourceLanguage closed
2024-03-01 11:13:25.553 [info] /launch closed
2024-03-01 11:13:26.269 [info] /token-styling closed
2024-03-01 11:13:26.272 [info] /textmate-colors closed
2024-03-01 11:13:26.284 [info] /workbench-colors closed
2024-03-01 11:13:26.671 [info] /ignoredSettings closed
2024-03-01 11:13:43.677 [info] Configuration changed
2024-03-01 11:13:46.208 [info] Configuration changed
2024-03-01 11:14:18.560 [info] Configuration changed
2024-03-01 11:14:57.000 [info] Active editor: vscode-userdata:/home/daniel/.config/Code/User/settings.json
2024-03-01 11:15:45.302 [info] Executing :reg
2024-03-01 11:16:06.575 [info] Active editor: vscode-userdata:/home/daniel/.config/Code/User/settings.json
2024-03-01 11:16:14.529 [info] /settings/user closed
2024-03-01 11:16:17.412 [info] Configuration changed
2024-03-01 11:16:23.412 [info] /settings/resourceLanguage closed
2024-03-01 11:16:25.947 [info] /launch closed
2024-03-01 11:16:26.632 [info] /token-styling closed
2024-03-01 11:16:26.635 [info] /textmate-colors closed
2024-03-01 11:16:26.649 [info] /workbench-colors closed
2024-03-01 11:16:26.979 [info] /ignoredSettings closed
2024-03-01 11:18:04.579 [info] Configuration changed
2024-03-01 11:18:35.545 [info] Configuration changed
2024-03-01 11:19:10.579 [info] Configuration changed
2024-03-01 11:19:14.718 [info] /settings/user closed
2024-03-01 11:19:23.679 [info] /settings/resourceLanguage closed
2024-03-01 11:19:26.818 [info] /launch closed
2024-03-01 11:19:27.219 [info] /token-styling closed
2024-03-01 11:19:27.221 [info] /textmate-colors closed
2024-03-01 11:19:27.284 [info] /workbench-colors closed
2024-03-01 11:19:27.740 [info] /ignoredSettings closed
2024-03-01 11:20:19.728 [info] Configuration changed
2024-03-01 11:20:22.496 [info] Active editor: vscode-userdata:/home/daniel/.config/Code/User/settings.json
2024-03-01 11:20:46.040 [info] Active editor: vscode-userdata:/home/daniel/.config/Code/User/settings.json
2024-03-01 11:21:18.366 [info] Configuration changed
2024-03-01 11:22:14.829 [info] /settings/user closed
2024-03-01 11:22:23.989 [info] /settings/resourceLanguage closed
2024-03-01 11:22:27.452 [info] /launch closed
2024-03-01 11:22:28.280 [info] /ignoredSettings closed
2024-03-01 11:22:28.301 [info] /token-styling closed
2024-03-01 11:22:28.305 [info] /textmate-colors closed
2024-03-01 11:22:28.318 [info] /workbench-colors closed
2024-03-01 11:24:02.187 [warning] Ignoring slipped selection: [63, 0; 63, 0]
2024-03-01 11:24:02.544 [warning] Ignoring slipped selection: [3, 0; 3, 0]
2024-03-01 11:24:04.874 [warning] Ignoring slipped selection: [4, 0; 4, 0]
2024-03-01 11:24:18.203 [info] Executing :noh
2024-03-01 11:24:21.549 [warning] Ignoring slipped selection: [4, 0; 4, 0]
2024-03-01 11:24:21.882 [warning] Ignoring slipped selection: [1, 0; 1, 0]
2024-03-01 11:24:21.970 [warning] Ignoring slipped selection: [12, 0; 12, 0]
2024-03-01 11:24:22.254 [warning] Ignoring slipped selection: [157, 0; 157, 0]
2024-03-01 11:24:32.094 [info] Configuration changed
2024-03-01 11:24:33.724 [warning] Ignoring slipped selection: [12, 0; 12, 0]
2024-03-01 11:24:35.105 [warning] Ignoring slipped selection: [88, 0; 88, 0]
2024-03-01 11:24:37.711 [warning] Ignoring slipped selection: [89, 0; 89, 0]
2024-03-01 11:24:37.841 [warning] Ignoring slipped selection: [105, 0; 105, 0]
2024-03-01 11:24:41.672 [warning] Ignoring slipped selection: [105, 0; 105, 0]
2024-03-01 11:24:46.021 [warning] Ignoring slipped selection: [105, 0; 105, 0]
2024-03-01 11:25:15.021 [info] /settings/user closed
2024-03-01 11:25:17.816 [info] Configuration changed
2024-03-01 11:25:24.324 [info] /settings/resourceLanguage closed
2024-03-01 11:25:27.906 [info] /launch closed
2024-03-01 11:25:28.679 [info] /ignoredSettings closed
2024-03-01 11:25:28.701 [info] /token-styling closed
2024-03-01 11:25:28.714 [info] /textmate-colors closed
2024-03-01 11:25:28.752 [info] /workbench-colors closed
2024-03-01 11:26:44.482 [warning] Ignoring slipped selection: [105, 0; 105, 0]
2024-03-01 11:26:44.898 [warning] Ignoring slipped selection: [75, 0; 75, 0]
2024-03-01 11:26:45.014 [warning] Ignoring slipped selection: [21, 0; 21, 0]
2024-03-01 11:26:45.157 [warning] Ignoring slipped selection: [93, 0; 93, 0]
2024-03-01 11:26:48.308 [warning] Ignoring slipped selection: [93, 0; 93, 0]
2024-03-01 11:26:50.527 [warning] Ignoring slipped selection: [94, 0; 94, 0]
2024-03-01 11:26:52.925 [warning] Ignoring slipped selection: [94, 0; 94, 0]
2024-03-01 11:26:53.256 [warning] Ignoring slipped selection: [75, 0; 75, 0]
2024-03-01 11:26:53.377 [warning] Ignoring slipped selection: [21, 0; 21, 0]
2024-03-01 11:26:53.503 [warning] Ignoring slipped selection: [93, 0; 93, 0]
2024-03-01 11:26:54.729 [warning] Ignoring slipped selection: [94, 0; 94, 0]
2024-03-01 11:26:59.815 [warning] Ignoring slipped selection: [94, 0; 94, 0]
2024-03-01 11:27:00.333 [warning] Ignoring slipped selection: [75, 0; 75, 0]
2024-03-01 11:27:00.336 [warning] Ignoring slipped selection: [21, 0; 21, 0]
2024-03-01 11:27:00.488 [warning] Ignoring slipped selection: [93, 0; 93, 0]
2024-03-01 11:27:02.540 [warning] Ignoring slipped selection: [176, 16; 176, 16]
2024-03-01 11:27:25.440 [info] Configuration changed
2024-03-01 11:28:15.181 [info] /settings/user closed
2024-03-01 11:28:24.669 [info] /settings/resourceLanguage closed
2024-03-01 11:28:28.294 [info] /launch closed
2024-03-01 11:28:29.104 [info] /ignoredSettings closed
2024-03-01 11:28:29.112 [info] /token-styling closed
2024-03-01 11:28:29.115 [info] /textmate-colors closed
2024-03-01 11:28:29.127 [info] /workbench-colors closed
2024-03-01 11:28:46.244 [warning] Ignoring slipped selection: [94, 0; 94, 0]
2024-03-01 11:28:46.570 [warning] Ignoring slipped selection: [38, 0; 38, 0]
2024-03-01 11:28:46.826 [warning] Ignoring slipped selection: [33, 0; 33, 0]
2024-03-01 11:28:46.981 [warning] Ignoring slipped selection: [96, 0; 96, 0]
2024-03-01 11:28:48.791 [warning] Ignoring slipped selection: [96, 4; 96, 4]
2024-03-01 11:28:53.721 [info] Active editor: vscode-userdata:/home/daniel/.config/Code/User/keybindings.json
2024-03-01 11:29:01.590 [info] Active editor: vscode-userdata:/home/daniel/.config/Code/User/settings.json
2024-03-01 11:29:01.602 [warning] Ignoring slipped selection: [96, 4; 96, 4]
2024-03-01 11:29:33.548 [info] Configuration changed
2024-03-01 11:30:06.272 [info] Configuration changed
2024-03-01 11:30:58.394 [info] Active editor: file:///home/daniel/Documentos/repos/retos-programacion-2023/Retos/Reto%20%231%20-%20EL%20LENGUAJE%20HACKER%20%5BF%C3%A1cil%5D/typescript/dPenedo.ts
2024-03-01 11:31:15.376 [info] /settings/user closed
2024-03-01 11:31:24.965 [info] /settings/resourceLanguage closed
2024-03-01 11:31:26.715 [info] /home/daniel/Documentos/repos/retos-programacion-2023/Retos/Reto #1 - EL LENGUAJE HACKER [Fácil]/typescript/dPenedo.ts closed
2024-03-01 11:31:26.811 [info] Active editor: file:///home/daniel/Documentos/repos/retos-programacion-2023/Retos/Reto%20%231%20-%20EL%20LENGUAJE%20HACKER%20%5BF%C3%A1cil%5D/ejercicio.md
2024-03-01 11:31:29.078 [info] /launch closed
2024-03-01 11:31:29.616 [info] /ignoredSettings closed
2024-03-01 11:31:29.622 [info] /token-styling closed
2024-03-01 11:31:29.631 [info] /textmate-colors closed
2024-03-01 11:31:29.638 [info] /workbench-colors closed
2024-03-01 11:31:36.613 [info] Active editor: vscode-userdata:/home/daniel/.config/Code/User/settings.json
2024-03-01 11:31:36.618 [warning] Ignoring slipped selection: [154, 12; 154, 12]
2024-03-01 11:31:41.401 [info] Active editor: file:///home/daniel/Documentos/repos/retos-programacion-2023/Retos/Reto%20%230%20-%20EL%20FAMOSO%20FIZZ%20BUZZ%20%5BF%C3%A1cil%5D/typescript/dPenedo.ts
2024-03-01 11:31:53.870 [info] /keybindings closed
2024-03-01 11:32:04.610 [info] /home/daniel/Documentos/repos/retos-programacion-2023/Retos/Reto #1 - EL LENGUAJE HACKER [Fácil]/ejercicio.md closed
2024-03-01 11:32:04.679 [info] Active editor: file:///home/daniel/Documentos/repos/retos-programacion-2023/Retos/Reto%20%231%20-%20EL%20LENGUAJE%20HACKER%20%5BF%C3%A1cil%5D/typescript/dPenedo.ts
2024-03-01 11:32:34.290 [info] Active editor: file:///home/daniel/Documentos/repos/retos-programacion-2023/Retos/Reto%20%231%20-%20EL%20LENGUAJE%20HACKER%20%5BF%C3%A1cil%5D/typescript/dPenedo.ts
2024-03-01 11:32:47.125 [info] Active editor: file:///home/daniel/Documentos/repos/retos-programacion-2023/Retos/Reto%20%231%20-%20EL%20LENGUAJE%20HACKER%20%5BF%C3%A1cil%5D/python/dPenedo.py
2024-03-01 11:34:15.586 [info] /settings/user closed
2024-03-01 11:34:25.459 [info] /settings/resourceLanguage closed
2024-03-01 11:34:30.185 [info] /launch closed
2024-03-01 11:34:31.185 [info] /ignoredSettings closed
2024-03-01 11:34:31.193 [info] /token-styling closed
2024-03-01 11:34:31.197 [info] /textmate-colors closed
2024-03-01 11:34:31.210 [info] /workbench-colors closed
2024-03-01 11:34:53.948 [info] /keybindings closed
2024-03-01 11:36:24.911 [info] Active editor: file:///home/daniel/Documentos/repos/retos-programacion-2023/Retos/Reto%20%231%20-%20EL%20LENGUAJE%20HACKER%20%5BF%C3%A1cil%5D/typescript/dPenedo.ts
2024-03-01 11:36:40.071 [info] Active editor: file:///home/daniel/Documentos/repos/retos-programacion-2023/Retos/Reto%20%231%20-%20EL%20LENGUAJE%20HACKER%20%5BF%C3%A1cil%5D/python/dPenedo.py
2024-03-01 11:36:47.548 [info] Active editor: file:///home/daniel/Documentos/repos/retos-programacion-2023/Retos/Reto%20%231%20-%20EL%20LENGUAJE%20HACKER%20%5BF%C3%A1cil%5D/typescript/dPenedo.ts
2024-03-01 11:37:15.773 [info] /settings/user closed
2024-03-01 11:37:26.003 [info] /settings/resourceLanguage closed
2024-03-01 11:37:30.830 [info] /launch closed
2024-03-01 11:37:31.857 [info] /ignoredSettings closed
2024-03-01 11:37:31.859 [info] /token-styling closed
2024-03-01 11:37:31.861 [info] /textmate-colors closed
2024-03-01 11:37:31.864 [info] /workbench-colors closed
2024-03-01 11:37:54.067 [info] /keybindings closed
2024-03-01 11:40:16.104 [info] /settings/user closed
2024-03-01 11:40:26.499 [info] /settings/resourceLanguage closed
2024-03-01 11:40:31.521 [info] /launch closed
2024-03-01 11:40:32.482 [info] /ignoredSettings closed
2024-03-01 11:40:32.484 [info] /token-styling closed
2024-03-01 11:40:32.507 [info] /textmate-colors closed
2024-03-01 11:40:32.510 [info] /workbench-colors closed
2024-03-01 11:40:54.097 [info] /keybindings closed
