2024-03-01 10:57:47.292 [info] Log level: Info
2024-03-01 10:57:47.292 [info] Validating found git in: "git"
2024-03-01 10:57:47.292 [info] Using git "2.39.2" from "git"
2024-03-01 10:57:47.292 [info] > git rev-parse --show-toplevel [22ms]
2024-03-01 10:57:47.312 [info] > git rev-parse --git-dir --git-common-dir [23ms]
2024-03-01 10:57:47.353 [info] Open repository: /home/daniel/Documentos/repos/retos-programacion-2023
2024-03-01 10:57:47.460 [info] > git config --get commit.template [75ms]
2024-03-01 10:57:47.466 [info] > git rev-parse --show-toplevel [32ms]
2024-03-01 10:57:47.577 [info] > git for-each-ref --format=%(refname)%00%(upstream:short)%00%(objectname)%00%(upstream:track)%00%(upstream:remotename)%00%(upstream:remoteref) refs/heads/main refs/remotes/main [54ms]
2024-03-01 10:57:48.232 [info] > git rev-parse --show-toplevel [657ms]
2024-03-01 10:57:48.412 [info] > git rev-parse --show-toplevel [17ms]
2024-03-01 10:57:49.141 [info] > git check-ignore -v -z --stdin [195ms]
2024-03-01 10:57:49.152 [info] > git rev-parse --show-toplevel [143ms]
2024-03-01 10:57:49.201 [info] > git status -z -uall [223ms]
2024-03-01 10:57:49.424 [info] > git config --get commit.template [67ms]
2024-03-01 10:57:49.519 [info] > git for-each-ref --format=%(refname)%00%(upstream:short)%00%(objectname)%00%(upstream:track)%00%(upstream:remotename)%00%(upstream:remoteref) refs/heads/main refs/remotes/main [14ms]
2024-03-01 10:57:49.698 [info] > git status -z -uall [153ms]
2024-03-01 10:57:53.738 [info] > git check-ignore -v -z --stdin [46ms]
2024-03-01 10:57:55.180 [info] > git show --textconv :Retos/Reto #1 - EL LENGUAJE HACKER [Fácil]/ejercicio.md [57ms]
2024-03-01 10:57:55.181 [info] > git ls-files --stage -- /home/daniel/Documentos/repos/retos-programacion-2023/Retos/Reto #1 - EL LENGUAJE HACKER [Fácil]/ejercicio.md [26ms]
2024-03-01 10:57:55.220 [info] > git check-ignore -v -z --stdin [42ms]
2024-03-01 10:57:55.237 [info] > git cat-file -s dfb568c28e43e576a89555e6037e1ffff7e2d07c [21ms]
2024-03-01 10:58:17.065 [info] Log level: Info
2024-03-01 10:58:17.065 [info] Validating found git in: "git"
2024-03-01 10:58:17.065 [info] Using git "2.39.2" from "git"
2024-03-01 10:58:17.065 [info] > git rev-parse --show-toplevel [34ms]
2024-03-01 10:58:17.065 [info] > git rev-parse --show-toplevel [16ms]
2024-03-01 10:58:17.065 [info] > git rev-parse --show-toplevel [8ms]
2024-03-01 10:58:17.065 [info] > git rev-parse --show-toplevel [24ms]
2024-03-01 10:58:17.065 [info] > git rev-parse --show-toplevel [10ms]
2024-03-01 10:58:17.065 [info] > git rev-parse --show-toplevel [4ms]
2024-03-01 10:58:17.065 [info] > git rev-parse --show-toplevel [43ms]
2024-03-01 10:58:17.065 [info] > git rev-parse --show-toplevel [485ms]
2024-03-01 10:58:17.091 [info] > git rev-parse --show-toplevel [6ms]
2024-03-01 10:58:17.124 [info] > git rev-parse --show-toplevel [7ms]
2024-03-01 10:58:17.150 [info] > git rev-parse --show-toplevel [4ms]
2024-03-01 10:58:17.177 [info] > git rev-parse --show-toplevel [8ms]
2024-03-01 10:58:17.202 [info] > git rev-parse --show-toplevel [4ms]
2024-03-01 10:58:17.225 [info] > git rev-parse --show-toplevel [3ms]
2024-03-01 10:58:17.251 [info] > git rev-parse --show-toplevel [6ms]
2024-03-01 10:58:17.307 [info] > git rev-parse --show-toplevel [35ms]
2024-03-01 10:58:17.343 [info] > git rev-parse --show-toplevel [3ms]
2024-03-01 10:58:17.391 [info] > git rev-parse --show-toplevel [11ms]
2024-03-01 10:58:17.432 [info] > git rev-parse --show-toplevel [6ms]
2024-03-01 10:58:17.499 [info] > git rev-parse --show-toplevel [42ms]
2024-03-01 10:58:17.539 [info] > git rev-parse --show-toplevel [8ms]
2024-03-01 10:58:17.572 [info] > git rev-parse --show-toplevel [10ms]
2024-03-01 10:58:17.599 [info] > git rev-parse --show-toplevel [5ms]
2024-03-01 10:58:17.630 [info] > git rev-parse --show-toplevel [3ms]
2024-03-01 10:58:17.660 [info] > git rev-parse --show-toplevel [9ms]
2024-03-01 10:58:17.699 [info] > git rev-parse --show-toplevel [7ms]
2024-03-01 10:58:17.943 [info] > git rev-parse --show-toplevel [207ms]
2024-03-01 10:58:17.980 [info] > git rev-parse --show-toplevel [6ms]
2024-03-01 10:58:18.008 [info] > git rev-parse --show-toplevel [6ms]
2024-03-01 10:58:18.041 [info] > git rev-parse --show-toplevel [8ms]
2024-03-01 10:58:18.078 [info] > git rev-parse --show-toplevel [7ms]
2024-03-01 10:58:18.106 [info] > git rev-parse --show-toplevel [5ms]
2024-03-01 10:58:18.143 [info] > git rev-parse --show-toplevel [10ms]
2024-03-01 10:58:18.227 [info] > git rev-parse --show-toplevel [38ms]
2024-03-01 10:58:18.261 [info] > git rev-parse --show-toplevel [2ms]
2024-03-01 10:58:18.287 [info] > git rev-parse --show-toplevel [6ms]
2024-03-01 10:58:18.318 [info] > git rev-parse --show-toplevel [12ms]
2024-03-01 10:58:18.345 [info] > git rev-parse --show-toplevel [9ms]
2024-03-01 10:58:18.462 [info] > git rev-parse --show-toplevel [13ms]
2024-03-01 10:58:18.511 [info] > git rev-parse --show-toplevel [3ms]
2024-03-01 10:58:18.586 [info] > git rev-parse --show-toplevel [33ms]
2024-03-01 10:58:18.622 [info] > git rev-parse --show-toplevel [7ms]
2024-03-01 10:58:18.651 [info] > git rev-parse --show-toplevel [8ms]
2024-03-01 10:58:18.679 [info] > git rev-parse --show-toplevel [6ms]
2024-03-01 10:58:18.707 [info] > git rev-parse --show-toplevel [7ms]
2024-03-01 10:58:18.789 [info] > git rev-parse --show-toplevel [44ms]
2024-03-01 10:58:19.111 [info] > git rev-parse --show-toplevel [75ms]
2024-03-01 10:58:19.229 [info] > git rev-parse --show-toplevel [75ms]
2024-03-01 10:58:19.424 [info] > git rev-parse --show-toplevel [93ms]
2024-03-01 10:58:21.232 [info] > git rev-parse --show-toplevel [326ms]
2024-03-01 10:58:21.480 [info] > git rev-parse --show-toplevel [97ms]
2024-03-01 10:58:21.610 [info] > git rev-parse --show-toplevel [26ms]
2024-03-01 10:58:21.726 [info] > git rev-parse --show-toplevel [28ms]
2024-03-01 10:58:23.742 [info] > git rev-parse --show-toplevel [43ms]
2024-03-01 10:58:24.927 [info] > git rev-parse --show-toplevel [15ms]
2024-03-01 10:58:26.360 [info] > git rev-parse --show-toplevel [30ms]
2024-03-01 11:08:38.060 [info] > git rev-parse --show-toplevel [12ms]
2024-03-01 11:09:08.356 [info] > git rev-parse --show-toplevel [5ms]
2024-03-01 11:09:35.035 [info] > git rev-parse --show-toplevel [23ms]
2024-03-01 11:10:30.016 [info] > git rev-parse --show-toplevel [4ms]
2024-03-01 11:11:47.804 [info] > git rev-parse --show-toplevel [8ms]
2024-03-01 11:11:52.933 [info] > git rev-parse --show-toplevel [8ms]
2024-03-01 11:12:31.294 [info] > git rev-parse --show-toplevel [7ms]
2024-03-01 11:12:38.843 [info] > git rev-parse --show-toplevel [6ms]
2024-03-01 11:13:03.385 [info] > git rev-parse --show-toplevel [9ms]
2024-03-01 11:13:43.709 [info] > git rev-parse --show-toplevel [4ms]
2024-03-01 11:13:46.247 [info] > git rev-parse --show-toplevel [5ms]
2024-03-01 11:14:18.591 [info] > git rev-parse --show-toplevel [5ms]
2024-03-01 11:16:17.468 [info] > git rev-parse --show-toplevel [9ms]
2024-03-01 11:18:04.609 [info] > git rev-parse --show-toplevel [4ms]
2024-03-01 11:18:35.593 [info] > git rev-parse --show-toplevel [13ms]
2024-03-01 11:19:10.609 [info] > git rev-parse --show-toplevel [3ms]
2024-03-01 11:20:19.757 [info] > git rev-parse --show-toplevel [3ms]
2024-03-01 11:21:18.397 [info] > git rev-parse --show-toplevel [9ms]
2024-03-01 11:24:32.123 [info] > git rev-parse --show-toplevel [4ms]
2024-03-01 11:25:17.862 [info] > git rev-parse --show-toplevel [6ms]
2024-03-01 11:27:25.471 [info] > git rev-parse --show-toplevel [4ms]
2024-03-01 11:29:33.580 [info] > git rev-parse --show-toplevel [5ms]
2024-03-01 11:30:06.320 [info] > git rev-parse --show-toplevel [3ms]
2024-03-01 11:30:58.427 [info] > git rev-parse --show-toplevel [6ms]
2024-03-01 11:31:26.848 [info] > git rev-parse --show-toplevel [9ms]
2024-03-01 11:31:41.464 [info] > git rev-parse --show-toplevel [34ms]
2024-03-01 11:32:04.712 [info] > git rev-parse --show-toplevel [4ms]
2024-03-01 11:32:34.285 [info] > git rev-parse --show-toplevel [5ms]
2024-03-01 11:32:34.329 [info] > git rev-parse --show-toplevel [6ms]
2024-03-01 11:32:47.050 [info] > git rev-parse --show-toplevel [14ms]
2024-03-01 11:32:47.183 [info] > git rev-parse --show-toplevel [15ms]
2024-03-01 11:32:47.218 [info] > git rev-parse --show-toplevel [5ms]
