2024-03-06 09:38:11.504 [error] [uncaught exception in sharedProcess]: Event not found: onDidChange: CodeExpectedError: Event not found: onDidChange
    at Object.listen (/usr/share/code/resources/app/out/vs/code/node/sharedProcess/sharedProcessMain.js:45:4959)
    at E.t (/usr/share/code/resources/app/out/vs/code/node/sharedProcess/sharedProcessMain.js:44:251)
    at E.q (/usr/share/code/resources/app/out/vs/code/node/sharedProcess/sharedProcessMain.js:43:4371)
    at w.value (/usr/share/code/resources/app/out/vs/code/node/sharedProcess/sharedProcessMain.js:43:3602)
    at d.y (/usr/share/code/resources/app/out/vs/code/node/sharedProcess/sharedProcessMain.js:38:1902)
    at d.z (/usr/share/code/resources/app/out/vs/code/node/sharedProcess/sharedProcessMain.js:38:1972)
    at d.fire (/usr/share/code/resources/app/out/vs/code/node/sharedProcess/sharedProcessMain.js:38:2188)
    at MessagePortMain.de (/usr/share/code/resources/app/out/vs/code/node/sharedProcess/sharedProcessMain.js:36:30422)
    at MessagePortMain.emit (node:events:514:28)
    at Object.emit (node:electron/js2c/utility_init:2:2285)
2024-03-06 09:38:13.417 [info] Deleted uninstalled extension from disk shwuy.zhxo-themes /home/daniel/.vscode/extensions/shwuy.zhxo-themes-1.0.3
2024-03-06 09:38:13.560 [error] [uncaught exception in sharedProcess]: Error: ENOENT: no such file or directory, stat '/home/daniel/.vscode/extensions/shwuy.zhxo-themes-1.0.3.-4098ea65.vsctmp': EntryNotFound (FileSystemError): Error: ENOENT: no such file or directory, stat '/home/daniel/.vscode/extensions/shwuy.zhxo-themes-1.0.3.-4098ea65.vsctmp'
    at r.create (/usr/share/code/resources/app/out/vs/code/node/sharedProcess/sharedProcessMain.js:51:30119)
    at a (/usr/share/code/resources/app/out/vs/code/node/sharedProcess/sharedProcessMain.js:51:30234)
    at i.fb (/usr/share/code/resources/app/out/vs/code/node/sharedProcess/sharedProcessMain.js:56:36631)
    at i.stat (/usr/share/code/resources/app/out/vs/code/node/sharedProcess/sharedProcessMain.js:56:29077)
    at async v.stat (/usr/share/code/resources/app/out/vs/code/node/sharedProcess/sharedProcessMain.js:56:16223)
    at async Y.tb (/usr/share/code/resources/app/out/vs/code/node/sharedProcess/sharedProcessMain.js:102:108626)
2024-03-06 09:38:15.386 [info] Deleted uninstalled extension from disk ms-python.vscode-pylance /home/daniel/.vscode/extensions/ms-python.vscode-pylance-2024.2.2
2024-03-06 10:17:18.658 [info] Getting Manifest... nicola-granata.zenburn-dark-matter
2024-03-06 10:17:18.684 [info] Installing extension: nicola-granata.zenburn-dark-matter
2024-03-06 10:17:34.779 [info] Extension signature is verified: nicola-granata.zenburn-dark-matter
2024-03-06 10:17:41.908 [info] Extracted extension to file:///home/daniel/.vscode/extensions/nicola-granata.zenburn-dark-matter-1.1.199: nicola-granata.zenburn-dark-matter
2024-03-06 10:17:41.986 [info] Renamed to /home/daniel/.vscode/extensions/nicola-granata.zenburn-dark-matter-1.1.199
2024-03-06 10:17:41.989 [info] Extracting extension completed. nicola-granata.zenburn-dark-matter
2024-03-06 10:17:42.126 [info] Extension installed successfully: nicola-granata.zenburn-dark-matter
2024-03-06 10:17:42.168 [error] [uncaught exception in sharedProcess]: Error: ENOENT: no such file or directory, stat '/home/daniel/.vscode/extensions/extensions.json.vsctmp': EntryNotFound (FileSystemError): Error: ENOENT: no such file or directory, stat '/home/daniel/.vscode/extensions/extensions.json.vsctmp'
    at r.create (/usr/share/code/resources/app/out/vs/code/node/sharedProcess/sharedProcessMain.js:51:30119)
    at a (/usr/share/code/resources/app/out/vs/code/node/sharedProcess/sharedProcessMain.js:51:30234)
    at i.fb (/usr/share/code/resources/app/out/vs/code/node/sharedProcess/sharedProcessMain.js:56:36631)
    at i.stat (/usr/share/code/resources/app/out/vs/code/node/sharedProcess/sharedProcessMain.js:56:29077)
    at async v.stat (/usr/share/code/resources/app/out/vs/code/node/sharedProcess/sharedProcessMain.js:56:16223)
    at async Y.tb (/usr/share/code/resources/app/out/vs/code/node/sharedProcess/sharedProcessMain.js:102:108626)
