2024-03-05 19:37:08.601 [info] Log level: Info
2024-03-05 19:37:08.601 [info] Validating found git in: "git"
2024-03-05 19:37:08.601 [info] Using git "2.39.2" from "git"
2024-03-05 19:37:08.601 [info] > git rev-parse --show-toplevel [4ms]
2024-03-05 19:37:08.601 [info] > git rev-parse --git-dir --git-common-dir [42ms]
2024-03-05 19:37:08.601 [info] Open repository: /home/daniel/Documentos/repos/retos-programacion-2023
2024-03-05 19:37:08.601 [info] > git rev-parse --show-toplevel [21ms]
2024-03-05 19:37:08.601 [info] > git config --get commit.template [42ms]
2024-03-05 19:37:08.601 [info] > git rev-parse --show-toplevel [27ms]
2024-03-05 19:37:08.601 [info] > git for-each-ref --format=%(refname)%00%(upstream:short)%00%(objectname)%00%(upstream:track)%00%(upstream:remotename)%00%(upstream:remoteref) refs/heads/main refs/remotes/main [339ms]
2024-03-05 19:37:08.601 [info] > git rev-parse --show-toplevel [136ms]
2024-03-05 19:37:08.607 [info] > git rev-parse --show-toplevel [10ms]
2024-03-05 19:37:08.811 [info] > git status -z -uall [175ms]
2024-03-05 19:37:08.882 [info] > git config --get commit.template [33ms]
2024-03-05 19:37:08.889 [info] > git for-each-ref --format=%(refname)%00%(upstream:short)%00%(objectname)%00%(upstream:track)%00%(upstream:remotename)%00%(upstream:remoteref) refs/heads/main refs/remotes/main [10ms]
2024-03-05 19:37:08.993 [info] > git status -z -uall [73ms]
2024-03-05 19:37:09.033 [info] > git check-ignore -v -z --stdin [43ms]
2024-03-05 19:37:11.330 [info] > git show --textconv :Retos/Reto #1 - EL LENGUAJE HACKER [Fácil]/ejercicio.md [37ms]
2024-03-05 19:37:11.339 [info] > git ls-files --stage -- /home/daniel/Documentos/repos/retos-programacion-2023/Retos/Reto #1 - EL LENGUAJE HACKER [Fácil]/ejercicio.md [11ms]
2024-03-05 19:37:11.365 [info] > git cat-file -s dfb568c28e43e576a89555e6037e1ffff7e2d07c [5ms]
2024-03-05 19:37:24.957 [info] > git check-ignore -v -z --stdin [8ms]
2024-03-05 19:37:26.018 [info] > git show --textconv :Retos/Reto #2 - EL PARTIDO DE TENIS [Media]/typescript/dPenedo.ts [54ms]
2024-03-05 19:37:26.019 [info] > git ls-files --stage -- /home/daniel/Documentos/repos/retos-programacion-2023/Retos/Reto #2 - EL PARTIDO DE TENIS [Media]/typescript/dPenedo.ts [15ms]
2024-03-05 19:37:26.418 [info] > git check-ignore -v -z --stdin [229ms]
