2024-02-27 19:00:31.365 [error] [uncaught exception in sharedProcess]: Event not found: onDidChange: CodeExpectedError: Event not found: onDidChange
    at Object.listen (/usr/share/code/resources/app/out/vs/code/node/sharedProcess/sharedProcessMain.js:45:4959)
    at E.t (/usr/share/code/resources/app/out/vs/code/node/sharedProcess/sharedProcessMain.js:44:251)
    at E.q (/usr/share/code/resources/app/out/vs/code/node/sharedProcess/sharedProcessMain.js:43:4371)
    at w.value (/usr/share/code/resources/app/out/vs/code/node/sharedProcess/sharedProcessMain.js:43:3602)
    at d.y (/usr/share/code/resources/app/out/vs/code/node/sharedProcess/sharedProcessMain.js:38:1902)
    at d.z (/usr/share/code/resources/app/out/vs/code/node/sharedProcess/sharedProcessMain.js:38:1972)
    at d.fire (/usr/share/code/resources/app/out/vs/code/node/sharedProcess/sharedProcessMain.js:38:2188)
    at MessagePortMain.de (/usr/share/code/resources/app/out/vs/code/node/sharedProcess/sharedProcessMain.js:36:30422)
    at MessagePortMain.emit (node:events:514:28)
    at Object.emit (node:electron/js2c/utility_init:2:2285)
2024-02-27 19:18:25.471 [info] Getting Manifest... ms-python.black-formatter
2024-02-27 19:18:25.510 [info] Installing extension: ms-python.black-formatter
2024-02-27 19:18:26.835 [info] Getting Manifest... ms-python.python
2024-02-27 19:18:32.602 [info] Extension signature is verified: ms-python.black-formatter
2024-02-27 19:18:33.815 [info] Extracted extension to file:///home/daniel/.vscode/extensions/ms-python.black-formatter-2024.0.1: ms-python.black-formatter
2024-02-27 19:18:33.825 [info] Renamed to /home/daniel/.vscode/extensions/ms-python.black-formatter-2024.0.1
2024-02-27 19:18:33.834 [info] Extracting extension completed. ms-python.black-formatter
2024-02-27 19:18:33.865 [info] Extension installed successfully: ms-python.black-formatter
2024-02-27 19:18:33.941 [error] [uncaught exception in sharedProcess]: Error: ENOENT: no such file or directory, stat '/home/daniel/.vscode/extensions/extensions.json.vsctmp': EntryNotFound (FileSystemError): Error: ENOENT: no such file or directory, stat '/home/daniel/.vscode/extensions/extensions.json.vsctmp'
    at r.create (/usr/share/code/resources/app/out/vs/code/node/sharedProcess/sharedProcessMain.js:51:30119)
    at a (/usr/share/code/resources/app/out/vs/code/node/sharedProcess/sharedProcessMain.js:51:30234)
    at i.fb (/usr/share/code/resources/app/out/vs/code/node/sharedProcess/sharedProcessMain.js:56:36631)
    at i.stat (/usr/share/code/resources/app/out/vs/code/node/sharedProcess/sharedProcessMain.js:56:29077)
    at async v.stat (/usr/share/code/resources/app/out/vs/code/node/sharedProcess/sharedProcessMain.js:56:16223)
    at async Y.tb (/usr/share/code/resources/app/out/vs/code/node/sharedProcess/sharedProcessMain.js:102:108626)
