2024-02-28 22:56:24.379 [info] Extension host with pid 18751 started
2024-02-28 22:56:24.379 [info] Skipping acquiring lock for /home/daniel/.config/Code/User/workspaceStorage/d6a78f5f427cd71b5a1bce387893c0e2.
2024-02-28 22:56:24.439 [info] ExtensionService#_doActivateExtension vscode.git-base, startup: true, activationEvent: '*', root cause: vscode.git
2024-02-28 22:56:24.455 [info] ExtensionService#_doActivateExtension ms-python.python, startup: true, activationEvent: 'workspaceContains:requirements.txt'
2024-02-28 22:56:24.944 [info] ExtensionService#_doActivateExtension vscode.git, startup: true, activationEvent: '*'
2024-02-28 22:56:25.077 [info] ExtensionService#_doActivateExtension vscode.github, startup: true, activationEvent: '*'
2024-02-28 22:56:25.523 [info] ExtensionService#_doActivateExtension ms-python.black-formatter, startup: true, activationEvent: 'workspaceContains:*.py'
2024-02-28 22:56:25.643 [info] Eager extensions activated
2024-02-28 22:56:25.764 [info] ExtensionService#_doActivateExtension vscode.debug-auto-launch, startup: false, activationEvent: 'onStartupFinished'
2024-02-28 22:56:25.774 [info] ExtensionService#_doActivateExtension vscode.merge-conflict, startup: false, activationEvent: 'onStartupFinished'
2024-02-28 22:56:25.804 [info] ExtensionService#_doActivateExtension vscodevim.vim, startup: false, activationEvent: 'onStartupFinished'
2024-02-28 22:56:26.670 [info] ExtensionService#_doActivateExtension vscode.github-authentication, startup: false, activationEvent: 'onAuthenticationRequest:github'
2024-02-28 22:56:28.655 [info] ExtensionService#_doActivateExtension ms-python.vscode-pylance, startup: false, activationEvent: 'api', root cause: ms-python.python
2024-02-28 22:56:35.172 [info] ExtensionService#_doActivateExtension batisteo.vscode-django, startup: false, activationEvent: 'onLanguage:python'
2024-02-28 22:56:35.284 [info] ExtensionService#_doActivateExtension ms-python.debugpy, startup: false, activationEvent: 'onLanguage:python'
2024-02-28 22:56:35.474 [info] ExtensionService#_doActivateExtension vscode.emmet, startup: false, activationEvent: 'onLanguage'
2024-02-28 22:58:38.111 [info] Extension host terminating: renderer closed the MessagePort
2024-02-28 22:58:38.178 [error] TypeError: r.some is not a function
	at d.saveToDisk (/home/daniel/.vscode/extensions/vscodevim.vim-1.27.2/out/extension.js:2:675367)
	at t.deactivate (/home/daniel/.vscode/extensions/vscodevim.vim-1.27.2/out/extension.js:2:213749)
	at g.cb (/usr/share/code/resources/app/out/vs/workbench/api/node/extensionHostProcess.js:156:9679)
	at /usr/share/code/resources/app/out/vs/workbench/api/node/extensionHostProcess.js:156:7808
	at Array.map (<anonymous>)
	at g.Y (/usr/share/code/resources/app/out/vs/workbench/api/node/extensionHostProcess.js:156:7795)
	at g.terminate (/usr/share/code/resources/app/out/vs/workbench/api/node/extensionHostProcess.js:156:8068)
	at o.terminate (/usr/share/code/resources/app/out/vs/workbench/api/node/extensionHostProcess.js:160:1513)
	at t (/usr/share/code/resources/app/out/vs/workbench/api/node/extensionHostProcess.js:173:9950)
	at MessagePortMain.<anonymous> (/usr/share/code/resources/app/out/vs/workbench/api/node/extensionHostProcess.js:173:6375)
	at MessagePortMain.emit (node:events:514:28)
	at Object.emit (node:electron/js2c/utility_init:2:2285)
2024-02-28 22:58:38.183 [error] Canceled: Canceled
	at new f (/usr/share/code/resources/app/out/vs/workbench/api/node/extensionHostProcess.js:140:45069)
	at d.U (/usr/share/code/resources/app/out/vs/workbench/api/node/extensionHostProcess.js:147:5557)
	at T.<computed>.O.charCodeAt.T.<computed> (/usr/share/code/resources/app/out/vs/workbench/api/node/extensionHostProcess.js:147:3008)
	at s.g (/usr/share/code/resources/app/out/vs/workbench/api/node/extensionHostProcess.js:150:174704)
	at s.executeCommand (/usr/share/code/resources/app/out/vs/workbench/api/node/extensionHostProcess.js:150:174142)
	at m.registerCommand.description (/usr/share/code/resources/app/out/vs/workbench/api/node/extensionHostProcess.js:150:173466)
	at s.h (/usr/share/code/resources/app/out/vs/workbench/api/node/extensionHostProcess.js:150:175243)
	at s.g (/usr/share/code/resources/app/out/vs/workbench/api/node/extensionHostProcess.js:150:174235)
	at s.executeCommand (/usr/share/code/resources/app/out/vs/workbench/api/node/extensionHostProcess.js:150:174142)
	at Object.executeCommand (/usr/share/code/resources/app/out/vs/workbench/api/node/extensionHostProcess.js:160:21634)
	at g.I [as value] (/usr/share/code/resources/app/extensions/git/dist/main.js:2:927298)
	at r.y (/usr/share/code/resources/app/out/vs/workbench/api/node/extensionHostProcess.js:80:1902)
	at r.z (/usr/share/code/resources/app/out/vs/workbench/api/node/extensionHostProcess.js:80:1972)
	at r.fire (/usr/share/code/resources/app/out/vs/workbench/api/node/extensionHostProcess.js:80:2188)
	at Object.m [as dispose] (/usr/share/code/resources/app/extensions/git/dist/main.js:2:943089)
	at /usr/share/code/resources/app/extensions/git/dist/main.js:2:947930
	at Array.forEach (<anonymous>)
	at p.dispose (/usr/share/code/resources/app/extensions/git/dist/main.js:2:947916)
	at c.<anonymous> (/usr/share/code/resources/app/out/vs/workbench/api/node/extensionHostProcess.js:148:3650)
	at c.dispose (/usr/share/code/resources/app/out/vs/workbench/api/node/extensionHostProcess.js:148:3747)
	at c.<anonymous> (/usr/share/code/resources/app/extensions/git/dist/main.js:2:929310)
	at c.dispose (/usr/share/code/resources/app/out/vs/workbench/api/node/extensionHostProcess.js:148:3747)
	at o (/usr/share/code/resources/app/out/vs/workbench/api/node/extensionHostProcess.js:30:754)
	at g.cb (/usr/share/code/resources/app/out/vs/workbench/api/node/extensionHostProcess.js:156:9874)
	at /usr/share/code/resources/app/out/vs/workbench/api/node/extensionHostProcess.js:156:7808
	at Array.map (<anonymous>)
	at g.Y (/usr/share/code/resources/app/out/vs/workbench/api/node/extensionHostProcess.js:156:7795)
	at g.terminate (/usr/share/code/resources/app/out/vs/workbench/api/node/extensionHostProcess.js:156:8068)
	at o.terminate (/usr/share/code/resources/app/out/vs/workbench/api/node/extensionHostProcess.js:160:1513)
	at t (/usr/share/code/resources/app/out/vs/workbench/api/node/extensionHostProcess.js:173:9950)
	at MessagePortMain.<anonymous> (/usr/share/code/resources/app/out/vs/workbench/api/node/extensionHostProcess.js:173:6375)
	at MessagePortMain.emit (node:events:514:28)
	at Object.emit (node:electron/js2c/utility_init:2:2285) setContext undefined
2024-02-28 22:58:38.185 [error] Canceled: Canceled
	at new f (/usr/share/code/resources/app/out/vs/workbench/api/node/extensionHostProcess.js:140:45069)
	at d.U (/usr/share/code/resources/app/out/vs/workbench/api/node/extensionHostProcess.js:147:5557)
	at T.<computed>.O.charCodeAt.T.<computed> (/usr/share/code/resources/app/out/vs/workbench/api/node/extensionHostProcess.js:147:3008)
	at s.g (/usr/share/code/resources/app/out/vs/workbench/api/node/extensionHostProcess.js:150:174704)
	at s.executeCommand (/usr/share/code/resources/app/out/vs/workbench/api/node/extensionHostProcess.js:150:174142)
	at m.registerCommand.description (/usr/share/code/resources/app/out/vs/workbench/api/node/extensionHostProcess.js:150:173466)
	at s.h (/usr/share/code/resources/app/out/vs/workbench/api/node/extensionHostProcess.js:150:175243)
	at s.g (/usr/share/code/resources/app/out/vs/workbench/api/node/extensionHostProcess.js:150:174235)
	at s.executeCommand (/usr/share/code/resources/app/out/vs/workbench/api/node/extensionHostProcess.js:150:174142)
	at Object.executeCommand (/usr/share/code/resources/app/out/vs/workbench/api/node/extensionHostProcess.js:160:21634)
	at set b [as b] (/usr/share/code/resources/app/extensions/github/dist/extension.js:2:322364)
	at /usr/share/code/resources/app/extensions/github/dist/extension.js:2:323005
	at g.value (/usr/share/code/resources/app/extensions/git/dist/main.js:2:1018251)
	at r.y (/usr/share/code/resources/app/out/vs/workbench/api/node/extensionHostProcess.js:80:1902)
	at r.z (/usr/share/code/resources/app/out/vs/workbench/api/node/extensionHostProcess.js:80:1972)
	at r.fire (/usr/share/code/resources/app/out/vs/workbench/api/node/extensionHostProcess.js:80:2188)
	at Object.m [as dispose] (/usr/share/code/resources/app/extensions/git/dist/main.js:2:943089)
	at /usr/share/code/resources/app/extensions/git/dist/main.js:2:947930
	at Array.forEach (<anonymous>)
	at p.dispose (/usr/share/code/resources/app/extensions/git/dist/main.js:2:947916)
	at c.<anonymous> (/usr/share/code/resources/app/out/vs/workbench/api/node/extensionHostProcess.js:148:3650)
	at c.dispose (/usr/share/code/resources/app/out/vs/workbench/api/node/extensionHostProcess.js:148:3747)
	at c.<anonymous> (/usr/share/code/resources/app/extensions/git/dist/main.js:2:929310)
	at c.dispose (/usr/share/code/resources/app/out/vs/workbench/api/node/extensionHostProcess.js:148:3747)
	at o (/usr/share/code/resources/app/out/vs/workbench/api/node/extensionHostProcess.js:30:754)
	at g.cb (/usr/share/code/resources/app/out/vs/workbench/api/node/extensionHostProcess.js:156:9874)
	at /usr/share/code/resources/app/out/vs/workbench/api/node/extensionHostProcess.js:156:7808
	at Array.map (<anonymous>)
	at g.Y (/usr/share/code/resources/app/out/vs/workbench/api/node/extensionHostProcess.js:156:7795)
	at g.terminate (/usr/share/code/resources/app/out/vs/workbench/api/node/extensionHostProcess.js:156:8068)
	at o.terminate (/usr/share/code/resources/app/out/vs/workbench/api/node/extensionHostProcess.js:160:1513)
	at t (/usr/share/code/resources/app/out/vs/workbench/api/node/extensionHostProcess.js:173:9950)
	at MessagePortMain.<anonymous> (/usr/share/code/resources/app/out/vs/workbench/api/node/extensionHostProcess.js:173:6375)
	at MessagePortMain.emit (node:events:514:28)
	at Object.emit (node:electron/js2c/utility_init:2:2285) setContext undefined
2024-02-28 22:58:38.221 [info] Extension host with pid 18751 exiting with code 0
2024-02-28 22:58:45.213 [info] Extension host with pid 19902 started
2024-02-28 22:58:45.214 [info] Skipping acquiring lock for /home/daniel/.config/Code/User/workspaceStorage/74c57e18397b76de47f7f59ccda9a599.
2024-02-28 22:58:45.562 [info] ExtensionService#_doActivateExtension vscode.git-base, startup: true, activationEvent: '*', root cause: vscode.git
2024-02-28 22:58:45.715 [info] ExtensionService#_doActivateExtension vscode.git, startup: true, activationEvent: '*'
2024-02-28 22:58:45.874 [info] ExtensionService#_doActivateExtension vscode.github, startup: true, activationEvent: '*'
2024-02-28 22:58:46.186 [info] Eager extensions activated
2024-02-28 22:58:46.447 [info] ExtensionService#_doActivateExtension vscode.debug-auto-launch, startup: false, activationEvent: 'onStartupFinished'
2024-02-28 22:58:46.475 [info] ExtensionService#_doActivateExtension vscode.merge-conflict, startup: false, activationEvent: 'onStartupFinished'
2024-02-28 22:58:46.532 [info] ExtensionService#_doActivateExtension vscodevim.vim, startup: false, activationEvent: 'onStartupFinished'
2024-02-28 22:59:45.538 [info] Extension host terminating: renderer closed the MessagePort
2024-02-28 22:59:45.563 [info] Extension host with pid 19902 exiting with code 0
2024-02-28 22:59:49.269 [info] Extension host with pid 20269 started
2024-02-28 22:59:49.269 [info] Skipping acquiring lock for /home/daniel/.config/Code/User/workspaceStorage/2a430041e0d280bf199dd3b5b0a19921.
2024-02-28 22:59:49.388 [info] ExtensionService#_doActivateExtension vscode.git-base, startup: true, activationEvent: '*', root cause: vscode.git
2024-02-28 22:59:49.489 [info] ExtensionService#_doActivateExtension vscode.git, startup: true, activationEvent: '*'
2024-02-28 22:59:49.585 [info] ExtensionService#_doActivateExtension vscode.github, startup: true, activationEvent: '*'
2024-02-28 22:59:49.781 [info] Eager extensions activated
2024-02-28 22:59:49.844 [info] ExtensionService#_doActivateExtension vscode.debug-auto-launch, startup: false, activationEvent: 'onStartupFinished'
2024-02-28 22:59:49.850 [info] ExtensionService#_doActivateExtension vscode.merge-conflict, startup: false, activationEvent: 'onStartupFinished'
2024-02-28 22:59:49.874 [info] ExtensionService#_doActivateExtension vscodevim.vim, startup: false, activationEvent: 'onStartupFinished'
2024-02-28 22:59:50.933 [info] ExtensionService#_doActivateExtension vscode.github-authentication, startup: false, activationEvent: 'onAuthenticationRequest:github'
2024-02-28 22:59:59.727 [info] ExtensionService#_doActivateExtension vscode.html-language-features, startup: false, activationEvent: 'onLanguage:html'
2024-02-28 22:59:59.789 [info] ExtensionService#_doActivateExtension vscode.emmet, startup: false, activationEvent: 'onLanguage'
2024-02-28 23:00:02.630 [info] ExtensionService#_doActivateExtension vscode.media-preview, startup: false, activationEvent: 'onCustomEditor:imagePreview.previewEditor'
2024-02-28 23:00:30.294 [info] ExtensionService#_doActivateExtension vscode.typescript-language-features, startup: false, activationEvent: 'onLanguage:javascript'
2024-02-28 23:03:27.940 [info] Extension host terminating: renderer closed the MessagePort
2024-02-28 23:03:28.011 [error] TypeError: r.some is not a function
	at d.saveToDisk (/home/daniel/.vscode/extensions/vscodevim.vim-1.27.2/out/extension.js:2:675367)
	at t.deactivate (/home/daniel/.vscode/extensions/vscodevim.vim-1.27.2/out/extension.js:2:213749)
	at g.cb (/usr/share/code/resources/app/out/vs/workbench/api/node/extensionHostProcess.js:156:9679)
	at /usr/share/code/resources/app/out/vs/workbench/api/node/extensionHostProcess.js:156:7808
	at Array.map (<anonymous>)
	at g.Y (/usr/share/code/resources/app/out/vs/workbench/api/node/extensionHostProcess.js:156:7795)
	at g.terminate (/usr/share/code/resources/app/out/vs/workbench/api/node/extensionHostProcess.js:156:8068)
	at o.terminate (/usr/share/code/resources/app/out/vs/workbench/api/node/extensionHostProcess.js:160:1513)
	at t (/usr/share/code/resources/app/out/vs/workbench/api/node/extensionHostProcess.js:173:9950)
	at MessagePortMain.<anonymous> (/usr/share/code/resources/app/out/vs/workbench/api/node/extensionHostProcess.js:173:6375)
	at MessagePortMain.emit (node:events:514:28)
	at Object.emit (node:electron/js2c/utility_init:2:2285)
2024-02-28 23:03:28.021 [error] Canceled: Canceled
	at new f (/usr/share/code/resources/app/out/vs/workbench/api/node/extensionHostProcess.js:140:45069)
	at d.U (/usr/share/code/resources/app/out/vs/workbench/api/node/extensionHostProcess.js:147:5557)
	at T.<computed>.O.charCodeAt.T.<computed> (/usr/share/code/resources/app/out/vs/workbench/api/node/extensionHostProcess.js:147:3008)
	at s.g (/usr/share/code/resources/app/out/vs/workbench/api/node/extensionHostProcess.js:150:174704)
	at s.executeCommand (/usr/share/code/resources/app/out/vs/workbench/api/node/extensionHostProcess.js:150:174142)
	at m.registerCommand.description (/usr/share/code/resources/app/out/vs/workbench/api/node/extensionHostProcess.js:150:173466)
	at s.h (/usr/share/code/resources/app/out/vs/workbench/api/node/extensionHostProcess.js:150:175243)
	at s.g (/usr/share/code/resources/app/out/vs/workbench/api/node/extensionHostProcess.js:150:174235)
	at s.executeCommand (/usr/share/code/resources/app/out/vs/workbench/api/node/extensionHostProcess.js:150:174142)
	at Object.executeCommand (/usr/share/code/resources/app/out/vs/workbench/api/node/extensionHostProcess.js:160:21634)
	at g.I [as value] (/usr/share/code/resources/app/extensions/git/dist/main.js:2:927298)
	at r.y (/usr/share/code/resources/app/out/vs/workbench/api/node/extensionHostProcess.js:80:1902)
	at r.z (/usr/share/code/resources/app/out/vs/workbench/api/node/extensionHostProcess.js:80:1972)
	at r.fire (/usr/share/code/resources/app/out/vs/workbench/api/node/extensionHostProcess.js:80:2188)
	at Object.m [as dispose] (/usr/share/code/resources/app/extensions/git/dist/main.js:2:943089)
	at /usr/share/code/resources/app/extensions/git/dist/main.js:2:947930
	at Array.forEach (<anonymous>)
	at p.dispose (/usr/share/code/resources/app/extensions/git/dist/main.js:2:947916)
	at c.<anonymous> (/usr/share/code/resources/app/out/vs/workbench/api/node/extensionHostProcess.js:148:3650)
	at c.dispose (/usr/share/code/resources/app/out/vs/workbench/api/node/extensionHostProcess.js:148:3747)
	at c.<anonymous> (/usr/share/code/resources/app/extensions/git/dist/main.js:2:929310)
	at c.dispose (/usr/share/code/resources/app/out/vs/workbench/api/node/extensionHostProcess.js:148:3747)
	at o (/usr/share/code/resources/app/out/vs/workbench/api/node/extensionHostProcess.js:30:754)
	at g.cb (/usr/share/code/resources/app/out/vs/workbench/api/node/extensionHostProcess.js:156:9874)
	at /usr/share/code/resources/app/out/vs/workbench/api/node/extensionHostProcess.js:156:7808
	at Array.map (<anonymous>)
	at g.Y (/usr/share/code/resources/app/out/vs/workbench/api/node/extensionHostProcess.js:156:7795)
	at g.terminate (/usr/share/code/resources/app/out/vs/workbench/api/node/extensionHostProcess.js:156:8068)
	at o.terminate (/usr/share/code/resources/app/out/vs/workbench/api/node/extensionHostProcess.js:160:1513)
	at t (/usr/share/code/resources/app/out/vs/workbench/api/node/extensionHostProcess.js:173:9950)
	at MessagePortMain.<anonymous> (/usr/share/code/resources/app/out/vs/workbench/api/node/extensionHostProcess.js:173:6375)
	at MessagePortMain.emit (node:events:514:28)
	at Object.emit (node:electron/js2c/utility_init:2:2285) setContext undefined
2024-02-28 23:03:28.023 [error] Canceled: Canceled
	at new f (/usr/share/code/resources/app/out/vs/workbench/api/node/extensionHostProcess.js:140:45069)
	at d.U (/usr/share/code/resources/app/out/vs/workbench/api/node/extensionHostProcess.js:147:5557)
	at T.<computed>.O.charCodeAt.T.<computed> (/usr/share/code/resources/app/out/vs/workbench/api/node/extensionHostProcess.js:147:3008)
	at s.g (/usr/share/code/resources/app/out/vs/workbench/api/node/extensionHostProcess.js:150:174704)
	at s.executeCommand (/usr/share/code/resources/app/out/vs/workbench/api/node/extensionHostProcess.js:150:174142)
	at m.registerCommand.description (/usr/share/code/resources/app/out/vs/workbench/api/node/extensionHostProcess.js:150:173466)
	at s.h (/usr/share/code/resources/app/out/vs/workbench/api/node/extensionHostProcess.js:150:175243)
	at s.g (/usr/share/code/resources/app/out/vs/workbench/api/node/extensionHostProcess.js:150:174235)
	at s.executeCommand (/usr/share/code/resources/app/out/vs/workbench/api/node/extensionHostProcess.js:150:174142)
	at Object.executeCommand (/usr/share/code/resources/app/out/vs/workbench/api/node/extensionHostProcess.js:160:21634)
	at set b [as b] (/usr/share/code/resources/app/extensions/github/dist/extension.js:2:322364)
	at /usr/share/code/resources/app/extensions/github/dist/extension.js:2:323005
	at g.value (/usr/share/code/resources/app/extensions/git/dist/main.js:2:1018251)
	at r.y (/usr/share/code/resources/app/out/vs/workbench/api/node/extensionHostProcess.js:80:1902)
	at r.z (/usr/share/code/resources/app/out/vs/workbench/api/node/extensionHostProcess.js:80:1972)
	at r.fire (/usr/share/code/resources/app/out/vs/workbench/api/node/extensionHostProcess.js:80:2188)
	at Object.m [as dispose] (/usr/share/code/resources/app/extensions/git/dist/main.js:2:943089)
	at /usr/share/code/resources/app/extensions/git/dist/main.js:2:947930
	at Array.forEach (<anonymous>)
	at p.dispose (/usr/share/code/resources/app/extensions/git/dist/main.js:2:947916)
	at c.<anonymous> (/usr/share/code/resources/app/out/vs/workbench/api/node/extensionHostProcess.js:148:3650)
	at c.dispose (/usr/share/code/resources/app/out/vs/workbench/api/node/extensionHostProcess.js:148:3747)
	at c.<anonymous> (/usr/share/code/resources/app/extensions/git/dist/main.js:2:929310)
	at c.dispose (/usr/share/code/resources/app/out/vs/workbench/api/node/extensionHostProcess.js:148:3747)
	at o (/usr/share/code/resources/app/out/vs/workbench/api/node/extensionHostProcess.js:30:754)
	at g.cb (/usr/share/code/resources/app/out/vs/workbench/api/node/extensionHostProcess.js:156:9874)
	at /usr/share/code/resources/app/out/vs/workbench/api/node/extensionHostProcess.js:156:7808
	at Array.map (<anonymous>)
	at g.Y (/usr/share/code/resources/app/out/vs/workbench/api/node/extensionHostProcess.js:156:7795)
	at g.terminate (/usr/share/code/resources/app/out/vs/workbench/api/node/extensionHostProcess.js:156:8068)
	at o.terminate (/usr/share/code/resources/app/out/vs/workbench/api/node/extensionHostProcess.js:160:1513)
	at t (/usr/share/code/resources/app/out/vs/workbench/api/node/extensionHostProcess.js:173:9950)
	at MessagePortMain.<anonymous> (/usr/share/code/resources/app/out/vs/workbench/api/node/extensionHostProcess.js:173:6375)
	at MessagePortMain.emit (node:events:514:28)
	at Object.emit (node:electron/js2c/utility_init:2:2285) setContext undefined
2024-02-28 23:03:28.037 [info] Extension host with pid 20269 exiting with code 0
